<?xml version="1.0" encoding="UTF-8"?>
<robot generator="Robot 3.2.2 (Python 3.8.0 on win32)" generated="20201211 10:08:59.331" rpa="false">
<suite id="s1" name="clickShopping" source="D:\KMUTT\year3\term1\Robot\studentLogin\homeStd\Shopping\clickShopping.robot">
<test id="s1-t1" name="open">
<kw name="Open Browser" library="SeleniumLibrary">
<doc>Opens a new browser instance to the optional ``url``.</doc>
<arguments>
<arg>${my_url}</arg>
<arg>${browser}</arg>
</arguments>
<msg timestamp="20201211 10:08:59.479" level="INFO">Opening browser 'chrome' to base url 'http://localhost:8080/'.</msg>
<status status="PASS" starttime="20201211 10:08:59.479" endtime="20201211 10:09:05.230"></status>
</kw>
<status status="PASS" starttime="20201211 10:08:59.478" endtime="20201211 10:09:05.230" critical="yes"></status>
</test>
<test id="s1-t2" name="click signin">
<kw name="Sleep" library="BuiltIn">
<doc>Pauses the test executed for the given time.</doc>
<arguments>
<arg>2s</arg>
</arguments>
<msg timestamp="20201211 10:09:07.233" level="INFO">Slept 2 seconds</msg>
<status status="PASS" starttime="20201211 10:09:05.232" endtime="20201211 10:09:07.233"></status>
</kw>
<kw name="Click Button" library="SeleniumLibrary">
<doc>Clicks the button identified by ``locator``.</doc>
<arguments>
<arg>id=signin</arg>
</arguments>
<msg timestamp="20201211 10:09:07.234" level="INFO">Clicking button 'id=signin'.</msg>
<status status="PASS" starttime="20201211 10:09:07.233" endtime="20201211 10:09:07.332"></status>
</kw>
<status status="PASS" starttime="20201211 10:09:05.232" endtime="20201211 10:09:07.333" critical="yes"></status>
</test>
<test id="s1-t3" name="input email">
<kw name="Input Text" library="SeleniumLibrary">
<doc>Types the given ``text`` into the text field identified by ``locator``.</doc>
<arguments>
<arg>id=email</arg>
<arg>testSTD@gmail.com</arg>
</arguments>
<msg timestamp="20201211 10:09:07.335" level="INFO">Typing text 'testSTD@gmail.com' into text field 'id=email'.</msg>
<status status="PASS" starttime="20201211 10:09:07.335" endtime="20201211 10:09:07.564"></status>
</kw>
<status status="PASS" starttime="20201211 10:09:07.334" endtime="20201211 10:09:07.564" critical="yes"></status>
</test>
<test id="s1-t4" name="input password">
<kw name="Input Text" library="SeleniumLibrary">
<doc>Types the given ``text`` into the text field identified by ``locator``.</doc>
<arguments>
<arg>id=password</arg>
<arg>741852</arg>
</arguments>
<msg timestamp="20201211 10:09:07.566" level="INFO">Typing text '741852' into text field 'id=password'.</msg>
<status status="PASS" starttime="20201211 10:09:07.566" endtime="20201211 10:09:07.693"></status>
</kw>
<status status="PASS" starttime="20201211 10:09:07.566" endtime="20201211 10:09:07.694" critical="yes"></status>
</test>
<test id="s1-t5" name="click signin">
<kw name="Click Element" library="SeleniumLibrary">
<doc>Click the element identified by ``locator``.</doc>
<arguments>
<arg>//*[@class="signInBtn"]</arg>
</arguments>
<msg timestamp="20201211 10:09:07.697" level="INFO">Clicking element '//*[@class="signInBtn"]'.</msg>
<status status="PASS" starttime="20201211 10:09:07.696" endtime="20201211 10:09:07.752"></status>
</kw>
<kw name="Sleep" library="BuiltIn">
<doc>Pauses the test executed for the given time.</doc>
<arguments>
<arg>4s</arg>
</arguments>
<msg timestamp="20201211 10:09:11.753" level="INFO">Slept 4 seconds</msg>
<status status="PASS" starttime="20201211 10:09:07.752" endtime="20201211 10:09:11.753"></status>
</kw>
<status status="PASS" starttime="20201211 10:09:07.696" endtime="20201211 10:09:11.753" critical="yes"></status>
</test>
<test id="s1-t6" name="click course">
<kw name="Click Element" library="SeleniumLibrary">
<doc>Click the element identified by ``locator``.</doc>
<arguments>
<arg>//*[@id="Cal1"]</arg>
</arguments>
<msg timestamp="20201211 10:09:11.755" level="INFO">Clicking element '//*[@id="Cal1"]'.</msg>
<status status="PASS" starttime="20201211 10:09:11.755" endtime="20201211 10:09:12.556"></status>
</kw>
<kw name="Sleep" library="BuiltIn">
<doc>Pauses the test executed for the given time.</doc>
<arguments>
<arg>4s</arg>
</arguments>
<msg timestamp="20201211 10:09:16.558" level="INFO">Slept 4 seconds</msg>
<status status="PASS" starttime="20201211 10:09:12.557" endtime="20201211 10:09:16.558"></status>
</kw>
<status status="PASS" starttime="20201211 10:09:11.755" endtime="20201211 10:09:16.559" critical="yes"></status>
</test>
<test id="s1-t7" name="click buy">
<kw name="Click Element" library="SeleniumLibrary">
<doc>Click the element identified by ``locator``.</doc>
<arguments>
<arg>//*[@class="buttonContainer col"]</arg>
</arguments>
<msg timestamp="20201211 10:09:16.563" level="INFO">Clicking element '//*[@class="buttonContainer col"]'.</msg>
<status status="PASS" starttime="20201211 10:09:16.563" endtime="20201211 10:09:16.642"></status>
</kw>
<kw name="Sleep" library="BuiltIn">
<doc>Pauses the test executed for the given time.</doc>
<arguments>
<arg>4s</arg>
</arguments>
<msg timestamp="20201211 10:09:20.644" level="INFO">Slept 4 seconds</msg>
<status status="PASS" starttime="20201211 10:09:16.643" endtime="20201211 10:09:20.644"></status>
</kw>
<status status="PASS" starttime="20201211 10:09:16.562" endtime="20201211 10:09:20.645" critical="yes"></status>
</test>
<test id="s1-t8" name="click shoping">
<kw name="Click Element" library="SeleniumLibrary">
<doc>Click the element identified by ``locator``.</doc>
<arguments>
<arg>//*[@ID="basket"]</arg>
</arguments>
<msg timestamp="20201211 10:09:20.649" level="INFO">Clicking element '//*[@ID="basket"]'.</msg>
<status status="PASS" starttime="20201211 10:09:20.649" endtime="20201211 10:09:20.737"></status>
</kw>
<status status="PASS" starttime="20201211 10:09:20.648" endtime="20201211 10:09:20.738" critical="yes"></status>
</test>
<status status="PASS" starttime="20201211 10:08:59.332" endtime="20201211 10:09:20.741"></status>
</suite>
<statistics>
<total>
<stat pass="8" fail="0">Critical Tests</stat>
<stat pass="8" fail="0">All Tests</stat>
</total>
<tag>
</tag>
<suite>
<stat pass="8" fail="0" id="s1" name="clickShopping">clickShopping</stat>
</suite>
</statistics>
<errors>
<msg timestamp="20201211 10:09:07.695" level="WARN">Multiple test cases with name 'click signin' executed in test suite 'clickShopping'.</msg>
</errors>
</robot>
