<?xml version="1.0" encoding="UTF-8"?>
<robot generator="Robot 3.2.2 (Python 3.8.0 on win32)" generated="20201205 17:23:57.467" rpa="false">
<suite id="s1" name="logClickToConfirmCancle" source="D:\KMUTT\year3\term1\Robot\studentLogin\homeStd\Course\select\confirm\logClickToConfirmCancle.robot">
<test id="s1-t1" name="open">
<kw name="Open Browser" library="SeleniumLibrary">
<doc>Opens a new browser instance to the optional ``url``.</doc>
<arguments>
<arg>${my_url}</arg>
<arg>${browser}</arg>
</arguments>
<msg timestamp="20201205 17:23:57.617" level="INFO">Opening browser 'chrome' to base url 'http://localhost:8080/'.</msg>
<status status="PASS" starttime="20201205 17:23:57.616" endtime="20201205 17:24:01.109"></status>
</kw>
<status status="PASS" starttime="20201205 17:23:57.616" endtime="20201205 17:24:01.110" critical="yes"></status>
</test>
<test id="s1-t2" name="click signin">
<kw name="Click Button" library="SeleniumLibrary">
<doc>Clicks the button identified by ``locator``.</doc>
<arguments>
<arg>name=signin</arg>
</arguments>
<msg timestamp="20201205 17:24:01.112" level="INFO">Clicking button 'name=signin'.</msg>
<status status="PASS" starttime="20201205 17:24:01.112" endtime="20201205 17:24:01.206"></status>
</kw>
<status status="PASS" starttime="20201205 17:24:01.111" endtime="20201205 17:24:01.207" critical="yes"></status>
</test>
<test id="s1-t3" name="input email">
<kw name="Input Text" library="SeleniumLibrary">
<doc>Types the given ``text`` into the text field identified by ``locator``.</doc>
<arguments>
<arg>name=email</arg>
<arg>aaa@gmail.com</arg>
</arguments>
<msg timestamp="20201205 17:24:01.209" level="INFO">Typing text 'aaa@gmail.com' into text field 'name=email'.</msg>
<status status="PASS" starttime="20201205 17:24:01.209" endtime="20201205 17:24:01.490"></status>
</kw>
<status status="PASS" starttime="20201205 17:24:01.208" endtime="20201205 17:24:01.491" critical="yes"></status>
</test>
<test id="s1-t4" name="input password">
<kw name="Input Text" library="SeleniumLibrary">
<doc>Types the given ``text`` into the text field identified by ``locator``.</doc>
<arguments>
<arg>name=password</arg>
<arg>123456</arg>
</arguments>
<msg timestamp="20201205 17:24:01.496" level="INFO">Typing text '123456' into text field 'name=password'.</msg>
<status status="PASS" starttime="20201205 17:24:01.495" endtime="20201205 17:24:01.645"></status>
</kw>
<status status="PASS" starttime="20201205 17:24:01.494" endtime="20201205 17:24:01.645" critical="yes"></status>
</test>
<test id="s1-t5" name="click signin">
<kw name="Click Element" library="SeleniumLibrary">
<doc>Click the element identified by ``locator``.</doc>
<arguments>
<arg>//*[@class="signInBtn"]</arg>
</arguments>
<msg timestamp="20201205 17:24:01.647" level="INFO">Clicking element '//*[@class="signInBtn"]'.</msg>
<status status="PASS" starttime="20201205 17:24:01.647" endtime="20201205 17:24:01.740"></status>
</kw>
<kw name="Sleep" library="BuiltIn">
<doc>Pauses the test executed for the given time.</doc>
<arguments>
<arg>4s</arg>
</arguments>
<msg timestamp="20201205 17:24:05.741" level="INFO">Slept 4 seconds</msg>
<status status="PASS" starttime="20201205 17:24:01.740" endtime="20201205 17:24:05.741"></status>
</kw>
<status status="PASS" starttime="20201205 17:24:01.647" endtime="20201205 17:24:05.741" critical="yes"></status>
</test>
<test id="s1-t6" name="click course">
<kw name="Click Element" library="SeleniumLibrary">
<doc>Click the element identified by ``locator``.</doc>
<arguments>
<arg>//*[@name="Cal1"]</arg>
</arguments>
<msg timestamp="20201205 17:24:05.744" level="INFO">Clicking element '//*[@name="Cal1"]'.</msg>
<status status="PASS" starttime="20201205 17:24:05.744" endtime="20201205 17:24:05.852"></status>
</kw>
<kw name="Sleep" library="BuiltIn">
<doc>Pauses the test executed for the given time.</doc>
<arguments>
<arg>4s</arg>
</arguments>
<msg timestamp="20201205 17:24:09.854" level="INFO">Slept 4 seconds</msg>
<status status="PASS" starttime="20201205 17:24:05.852" endtime="20201205 17:24:09.854"></status>
</kw>
<status status="PASS" starttime="20201205 17:24:05.743" endtime="20201205 17:24:09.854" critical="yes"></status>
</test>
<test id="s1-t7" name="click buy">
<kw name="Click Element" library="SeleniumLibrary">
<doc>Click the element identified by ``locator``.</doc>
<arguments>
<arg>//*[@class="buttonContainer col"]</arg>
</arguments>
<msg timestamp="20201205 17:24:09.857" level="INFO">Clicking element '//*[@class="buttonContainer col"]'.</msg>
<status status="PASS" starttime="20201205 17:24:09.857" endtime="20201205 17:24:09.939"></status>
</kw>
<kw name="Sleep" library="BuiltIn">
<doc>Pauses the test executed for the given time.</doc>
<arguments>
<arg>4s</arg>
</arguments>
<msg timestamp="20201205 17:24:13.940" level="INFO">Slept 4 seconds</msg>
<status status="PASS" starttime="20201205 17:24:09.939" endtime="20201205 17:24:13.940"></status>
</kw>
<status status="PASS" starttime="20201205 17:24:09.856" endtime="20201205 17:24:13.941" critical="yes"></status>
</test>
<test id="s1-t8" name="click shoping">
<kw name="Click Element" library="SeleniumLibrary">
<doc>Click the element identified by ``locator``.</doc>
<arguments>
<arg>//*[@class="v-image v-responsive iconBar theme--light"]</arg>
</arguments>
<msg timestamp="20201205 17:24:13.944" level="INFO">Clicking element '//*[@class="v-image v-responsive iconBar theme--light"]'.</msg>
<status status="PASS" starttime="20201205 17:24:13.944" endtime="20201205 17:24:14.020"></status>
</kw>
<kw name="Sleep" library="BuiltIn">
<doc>Pauses the test executed for the given time.</doc>
<arguments>
<arg>4s</arg>
</arguments>
<msg timestamp="20201205 17:24:18.022" level="INFO">Slept 4 seconds</msg>
<status status="PASS" starttime="20201205 17:24:14.021" endtime="20201205 17:24:18.022"></status>
</kw>
<status status="PASS" starttime="20201205 17:24:13.943" endtime="20201205 17:24:18.022" critical="yes"></status>
</test>
<test id="s1-t9" name="click comfirm">
<kw name="Click Button" library="SeleniumLibrary">
<doc>Clicks the button identified by ``locator``.</doc>
<arguments>
<arg>class=bottonCom</arg>
</arguments>
<msg timestamp="20201205 17:24:18.026" level="INFO">Clicking button 'class=bottonCom'.</msg>
<status status="PASS" starttime="20201205 17:24:18.026" endtime="20201205 17:24:18.096"></status>
</kw>
<kw name="Sleep" library="BuiltIn">
<doc>Pauses the test executed for the given time.</doc>
<arguments>
<arg>4s</arg>
</arguments>
<msg timestamp="20201205 17:24:22.098" level="INFO">Slept 4 seconds</msg>
<status status="PASS" starttime="20201205 17:24:18.097" endtime="20201205 17:24:22.098"></status>
</kw>
<status status="PASS" starttime="20201205 17:24:18.024" endtime="20201205 17:24:22.099" critical="yes"></status>
</test>
<test id="s1-t10" name="click cancle">
<kw name="Click Button" library="SeleniumLibrary">
<doc>Clicks the button identified by ``locator``.</doc>
<arguments>
<arg>name=btnCancel</arg>
</arguments>
<msg timestamp="20201205 17:24:22.107" level="INFO">Clicking button 'name=btnCancel'.</msg>
<kw name="Capture Page Screenshot" library="SeleniumLibrary">
<doc>Takes a screenshot of the current page and embeds it into a log file.</doc>
<msg timestamp="20201205 17:24:22.424" level="INFO" html="yes">&lt;/td&gt;&lt;/tr&gt;&lt;tr&gt;&lt;td colspan="3"&gt;&lt;a href="selenium-screenshot-1.png"&gt;&lt;img src="selenium-screenshot-1.png" width="800px"&gt;&lt;/a&gt;</msg>
<status status="PASS" starttime="20201205 17:24:22.125" endtime="20201205 17:24:22.424"></status>
</kw>
<msg timestamp="20201205 17:24:22.426" level="FAIL">Button with locator 'name=btnCancel' not found.</msg>
<status status="FAIL" starttime="20201205 17:24:22.107" endtime="20201205 17:24:22.426"></status>
</kw>
<status status="FAIL" starttime="20201205 17:24:22.106" endtime="20201205 17:24:22.427" critical="yes">Button with locator 'name=btnCancel' not found.</status>
</test>
<status status="FAIL" starttime="20201205 17:23:57.469" endtime="20201205 17:24:22.429"></status>
</suite>
<statistics>
<total>
<stat pass="9" fail="1">Critical Tests</stat>
<stat pass="9" fail="1">All Tests</stat>
</total>
<tag>
</tag>
<suite>
<stat pass="9" fail="1" id="s1" name="logClickToConfirmCancle">logClickToConfirmCancle</stat>
</suite>
</statistics>
<errors>
<msg timestamp="20201205 17:24:01.646" level="WARN">Multiple test cases with name 'click signin' executed in test suite 'logClickToConfirmCancle'.</msg>
</errors>
</robot>
