<?xml version="1.0" encoding="UTF-8"?>
<robot generator="Robot 3.2.2 (Python 3.8.0 on win32)" generated="20201211 01:32:57.014" rpa="false">
<suite id="s1" name="changePasswordWrongOldPW" source="C:\Users\new\Desktop\teststyl\studentLogin\homeStd\Account\Account\ChangPassword\changePasswordWrongOldPW.robot">
<test id="s1-t1" name="open">
<kw name="Open Browser" library="SeleniumLibrary">
<doc>Opens a new browser instance to the optional ``url``.</doc>
<arguments>
<arg>${my_url}</arg>
<arg>${browser}</arg>
</arguments>
<msg timestamp="20201211 01:32:57.228" level="INFO">Opening browser 'chrome' to base url 'http://localhost:8080/'.</msg>
<status status="PASS" starttime="20201211 01:32:57.227" endtime="20201211 01:33:02.749"></status>
</kw>
<status status="PASS" starttime="20201211 01:32:57.227" endtime="20201211 01:33:02.749" critical="yes"></status>
</test>
<test id="s1-t2" name="click signin">
<kw name="Sleep" library="BuiltIn">
<doc>Pauses the test executed for the given time.</doc>
<arguments>
<arg>2s</arg>
</arguments>
<msg timestamp="20201211 01:33:04.769" level="INFO">Slept 2 seconds</msg>
<status status="PASS" starttime="20201211 01:33:02.756" endtime="20201211 01:33:04.769"></status>
</kw>
<kw name="Click Button" library="SeleniumLibrary">
<doc>Clicks the button identified by ``locator``.</doc>
<arguments>
<arg>id=signin</arg>
</arguments>
<msg timestamp="20201211 01:33:04.770" level="INFO">Clicking button 'id=signin'.</msg>
<status status="PASS" starttime="20201211 01:33:04.770" endtime="20201211 01:33:04.848"></status>
</kw>
<status status="PASS" starttime="20201211 01:33:02.756" endtime="20201211 01:33:04.848" critical="yes"></status>
</test>
<test id="s1-t3" name="input email">
<kw name="Input Text" library="SeleniumLibrary">
<doc>Types the given ``text`` into the text field identified by ``locator``.</doc>
<arguments>
<arg>id=email</arg>
<arg>testSTD@gmail.com</arg>
</arguments>
<msg timestamp="20201211 01:33:04.855" level="INFO">Typing text 'testSTD@gmail.com' into text field 'id=email'.</msg>
<status status="PASS" starttime="20201211 01:33:04.854" endtime="20201211 01:33:05.033"></status>
</kw>
<status status="PASS" starttime="20201211 01:33:04.854" endtime="20201211 01:33:05.034" critical="yes"></status>
</test>
<test id="s1-t4" name="input password">
<kw name="Input Text" library="SeleniumLibrary">
<doc>Types the given ``text`` into the text field identified by ``locator``.</doc>
<arguments>
<arg>id=password</arg>
<arg>741852</arg>
</arguments>
<msg timestamp="20201211 01:33:05.036" level="INFO">Typing text '741852' into text field 'id=password'.</msg>
<status status="PASS" starttime="20201211 01:33:05.035" endtime="20201211 01:33:05.142"></status>
</kw>
<status status="PASS" starttime="20201211 01:33:05.035" endtime="20201211 01:33:05.143" critical="yes"></status>
</test>
<test id="s1-t5" name="click signin">
<kw name="Click Element" library="SeleniumLibrary">
<doc>Click the element identified by ``locator``.</doc>
<arguments>
<arg>//*[@class="signInBtn"]</arg>
</arguments>
<msg timestamp="20201211 01:33:05.150" level="INFO">Clicking element '//*[@class="signInBtn"]'.</msg>
<status status="PASS" starttime="20201211 01:33:05.150" endtime="20201211 01:33:05.198"></status>
</kw>
<kw name="Sleep" library="BuiltIn">
<doc>Pauses the test executed for the given time.</doc>
<arguments>
<arg>4s</arg>
</arguments>
<msg timestamp="20201211 01:33:09.206" level="INFO">Slept 4 seconds</msg>
<status status="PASS" starttime="20201211 01:33:05.199" endtime="20201211 01:33:09.206"></status>
</kw>
<status status="PASS" starttime="20201211 01:33:05.149" endtime="20201211 01:33:09.207" critical="yes"></status>
</test>
<test id="s1-t6" name="click Account">
<kw name="Sleep" library="BuiltIn">
<doc>Pauses the test executed for the given time.</doc>
<arguments>
<arg>4s</arg>
</arguments>
<msg timestamp="20201211 01:33:13.217" level="INFO">Slept 4 seconds</msg>
<status status="PASS" starttime="20201211 01:33:09.212" endtime="20201211 01:33:13.217"></status>
</kw>
<kw name="Click Element" library="SeleniumLibrary">
<doc>Click the element identified by ``locator``.</doc>
<arguments>
<arg>xpath=//*[@id="account"]</arg>
</arguments>
<msg timestamp="20201211 01:33:13.218" level="INFO">Clicking element 'xpath=//*[@id="account"]'.</msg>
<status status="PASS" starttime="20201211 01:33:13.218" endtime="20201211 01:33:13.262"></status>
</kw>
<status status="PASS" starttime="20201211 01:33:09.212" endtime="20201211 01:33:13.263" critical="yes"></status>
</test>
<test id="s1-t7" name="show profile">
<kw name="Sleep" library="BuiltIn">
<doc>Pauses the test executed for the given time.</doc>
<arguments>
<arg>2s</arg>
</arguments>
<msg timestamp="20201211 01:33:15.281" level="INFO">Slept 2 seconds</msg>
<status status="PASS" starttime="20201211 01:33:13.266" endtime="20201211 01:33:15.281"></status>
</kw>
<kw name="Click Element" library="SeleniumLibrary">
<doc>Click the element identified by ``locator``.</doc>
<arguments>
<arg>xpath=//*[@id="list-item-270"]</arg>
</arguments>
<msg timestamp="20201211 01:33:15.283" level="INFO">Clicking element 'xpath=//*[@id="list-item-270"]'.</msg>
<status status="PASS" starttime="20201211 01:33:15.282" endtime="20201211 01:33:15.357"></status>
</kw>
<status status="PASS" starttime="20201211 01:33:13.265" endtime="20201211 01:33:15.358" critical="yes"></status>
</test>
<test id="s1-t8" name="show profile">
<kw name="Sleep" library="BuiltIn">
<doc>Pauses the test executed for the given time.</doc>
<arguments>
<arg>2s</arg>
</arguments>
<msg timestamp="20201211 01:33:17.371" level="INFO">Slept 2 seconds</msg>
<status status="PASS" starttime="20201211 01:33:15.365" endtime="20201211 01:33:17.371"></status>
</kw>
<kw name="Click Button" library="SeleniumLibrary">
<doc>Clicks the button identified by ``locator``.</doc>
<arguments>
<arg>id=profile</arg>
</arguments>
<msg timestamp="20201211 01:33:17.372" level="INFO">Clicking button 'id=profile'.</msg>
<status status="PASS" starttime="20201211 01:33:17.372" endtime="20201211 01:33:17.430"></status>
</kw>
<status status="PASS" starttime="20201211 01:33:15.364" endtime="20201211 01:33:17.431" critical="yes"></status>
</test>
<test id="s1-t9" name="show profile">
<kw name="Sleep" library="BuiltIn">
<doc>Pauses the test executed for the given time.</doc>
<arguments>
<arg>4s</arg>
</arguments>
<msg timestamp="20201211 01:33:21.455" level="INFO">Slept 4 seconds</msg>
<status status="PASS" starttime="20201211 01:33:17.439" endtime="20201211 01:33:21.455"></status>
</kw>
<kw name="Click Button" library="SeleniumLibrary">
<doc>Clicks the button identified by ``locator``.</doc>
<arguments>
<arg>id=password</arg>
</arguments>
<msg timestamp="20201211 01:33:21.457" level="INFO">Clicking button 'id=password'.</msg>
<status status="PASS" starttime="20201211 01:33:21.456" endtime="20201211 01:33:21.545"></status>
</kw>
<kw name="Sleep" library="BuiltIn">
<doc>Pauses the test executed for the given time.</doc>
<arguments>
<arg>2s</arg>
</arguments>
<msg timestamp="20201211 01:33:23.559" level="INFO">Slept 2 seconds</msg>
<status status="PASS" starttime="20201211 01:33:21.546" endtime="20201211 01:33:23.559"></status>
</kw>
<status status="PASS" starttime="20201211 01:33:17.438" endtime="20201211 01:33:23.561" critical="yes"></status>
</test>
<test id="s1-t10" name="Input Current Password">
<kw name="Input Text" library="SeleniumLibrary">
<doc>Types the given ``text`` into the text field identified by ``locator``.</doc>
<arguments>
<arg>id=currentPassword</arg>
<arg>789638</arg>
</arguments>
<msg timestamp="20201211 01:33:23.571" level="INFO">Typing text '789638' into text field 'id=currentPassword'.</msg>
<status status="PASS" starttime="20201211 01:33:23.570" endtime="20201211 01:33:23.699"></status>
</kw>
<status status="PASS" starttime="20201211 01:33:23.570" endtime="20201211 01:33:23.700" critical="yes"></status>
</test>
<test id="s1-t11" name="Input New Password">
<kw name="Input Text" library="SeleniumLibrary">
<doc>Types the given ``text`` into the text field identified by ``locator``.</doc>
<arguments>
<arg>id=newPassword</arg>
<arg>741852</arg>
</arguments>
<msg timestamp="20201211 01:33:23.705" level="INFO">Typing text '741852' into text field 'id=newPassword'.</msg>
<status status="PASS" starttime="20201211 01:33:23.705" endtime="20201211 01:33:23.828"></status>
</kw>
<status status="PASS" starttime="20201211 01:33:23.704" endtime="20201211 01:33:23.829" critical="yes"></status>
</test>
<test id="s1-t12" name="Input Con New Password">
<kw name="Input Text" library="SeleniumLibrary">
<doc>Types the given ``text`` into the text field identified by ``locator``.</doc>
<arguments>
<arg>id=confirNewPassword</arg>
<arg>741852</arg>
</arguments>
<msg timestamp="20201211 01:33:23.831" level="INFO">Typing text '741852' into text field 'id=confirNewPassword'.</msg>
<status status="PASS" starttime="20201211 01:33:23.831" endtime="20201211 01:33:23.959"></status>
</kw>
<kw name="Sleep" library="BuiltIn">
<doc>Pauses the test executed for the given time.</doc>
<arguments>
<arg>2s</arg>
</arguments>
<msg timestamp="20201211 01:33:25.966" level="INFO">Slept 2 seconds</msg>
<status status="PASS" starttime="20201211 01:33:23.960" endtime="20201211 01:33:25.966"></status>
</kw>
<status status="PASS" starttime="20201211 01:33:23.830" endtime="20201211 01:33:25.967" critical="yes"></status>
</test>
<test id="s1-t13" name="click Edit Profile">
<kw name="Click Button" library="SeleniumLibrary">
<doc>Clicks the button identified by ``locator``.</doc>
<arguments>
<arg>//*[@ID="save"]</arg>
</arguments>
<msg timestamp="20201211 01:33:25.976" level="INFO">Clicking button '//*[@ID="save"]'.</msg>
<status status="PASS" starttime="20201211 01:33:25.976" endtime="20201211 01:33:26.050"></status>
</kw>
<status status="PASS" starttime="20201211 01:33:25.975" endtime="20201211 01:33:26.051" critical="yes"></status>
</test>
<status status="PASS" starttime="20201211 01:32:57.016" endtime="20201211 01:33:26.054"></status>
</suite>
<statistics>
<total>
<stat pass="13" fail="0">Critical Tests</stat>
<stat pass="13" fail="0">All Tests</stat>
</total>
<tag>
</tag>
<suite>
<stat pass="13" fail="0" id="s1" name="changePasswordWrongOldPW">changePasswordWrongOldPW</stat>
</suite>
</statistics>
<errors>
<msg timestamp="20201211 01:33:05.147" level="WARN">Multiple test cases with name 'click signin' executed in test suite 'changePasswordWrongOldPW'.</msg>
<msg timestamp="20201211 01:33:15.363" level="WARN">Multiple test cases with name 'show profile' executed in test suite 'changePasswordWrongOldPW'.</msg>
<msg timestamp="20201211 01:33:17.436" level="WARN">Multiple test cases with name 'show profile' executed in test suite 'changePasswordWrongOldPW'.</msg>
</errors>
</robot>
