<?xml version="1.0" encoding="UTF-8"?>
<robot generator="Robot 3.2.2 (Python 3.8.0 on win32)" generated="20201209 16:55:10.185" rpa="false">
<suite id="s1" name="changePassword" source="D:\KMUTT\year3\term1\Robot\studentLogin\homeStd\Account\Account\ChangPassword\changePassword.robot">
<test id="s1-t1" name="open">
<kw name="Open Browser" library="SeleniumLibrary">
<doc>Opens a new browser instance to the optional ``url``.</doc>
<arguments>
<arg>${my_url}</arg>
<arg>${browser}</arg>
</arguments>
<msg timestamp="20201209 16:55:10.343" level="INFO">Opening browser 'chrome' to base url 'http://localhost:8080/'.</msg>
<status status="PASS" starttime="20201209 16:55:10.343" endtime="20201209 16:55:13.842"></status>
</kw>
<status status="PASS" starttime="20201209 16:55:10.343" endtime="20201209 16:55:13.843" critical="yes"></status>
</test>
<test id="s1-t2" name="click signin">
<kw name="Sleep" library="BuiltIn">
<doc>Pauses the test executed for the given time.</doc>
<arguments>
<arg>2s</arg>
</arguments>
<msg timestamp="20201209 16:55:15.852" level="INFO">Slept 2 seconds</msg>
<status status="PASS" starttime="20201209 16:55:13.851" endtime="20201209 16:55:15.852"></status>
</kw>
<kw name="Click Button" library="SeleniumLibrary">
<doc>Clicks the button identified by ``locator``.</doc>
<arguments>
<arg>name=signin</arg>
</arguments>
<msg timestamp="20201209 16:55:15.853" level="INFO">Clicking button 'name=signin'.</msg>
<status status="PASS" starttime="20201209 16:55:15.853" endtime="20201209 16:55:16.010"></status>
</kw>
<status status="PASS" starttime="20201209 16:55:13.850" endtime="20201209 16:55:16.011" critical="yes"></status>
</test>
<test id="s1-t3" name="input email">
<kw name="Input Text" library="SeleniumLibrary">
<doc>Types the given ``text`` into the text field identified by ``locator``.</doc>
<arguments>
<arg>name=email</arg>
<arg>testSTD@gmail.com</arg>
</arguments>
<msg timestamp="20201209 16:55:16.018" level="INFO">Typing text 'testSTD@gmail.com' into text field 'name=email'.</msg>
<status status="PASS" starttime="20201209 16:55:16.017" endtime="20201209 16:55:16.235"></status>
</kw>
<status status="PASS" starttime="20201209 16:55:16.014" endtime="20201209 16:55:16.236" critical="yes"></status>
</test>
<test id="s1-t4" name="input password">
<kw name="Input Text" library="SeleniumLibrary">
<doc>Types the given ``text`` into the text field identified by ``locator``.</doc>
<arguments>
<arg>name=password</arg>
<arg>123456</arg>
</arguments>
<msg timestamp="20201209 16:55:16.238" level="INFO">Typing text '123456' into text field 'name=password'.</msg>
<status status="PASS" starttime="20201209 16:55:16.238" endtime="20201209 16:55:16.375"></status>
</kw>
<status status="PASS" starttime="20201209 16:55:16.237" endtime="20201209 16:55:16.376" critical="yes"></status>
</test>
<test id="s1-t5" name="click signin">
<kw name="Click Element" library="SeleniumLibrary">
<doc>Click the element identified by ``locator``.</doc>
<arguments>
<arg>//*[@class="signInBtn"]</arg>
</arguments>
<msg timestamp="20201209 16:55:16.378" level="INFO">Clicking element '//*[@class="signInBtn"]'.</msg>
<status status="PASS" starttime="20201209 16:55:16.378" endtime="20201209 16:55:16.430"></status>
</kw>
<kw name="Sleep" library="BuiltIn">
<doc>Pauses the test executed for the given time.</doc>
<arguments>
<arg>4s</arg>
</arguments>
<msg timestamp="20201209 16:55:20.432" level="INFO">Slept 4 seconds</msg>
<status status="PASS" starttime="20201209 16:55:16.431" endtime="20201209 16:55:20.432"></status>
</kw>
<status status="PASS" starttime="20201209 16:55:16.378" endtime="20201209 16:55:20.432" critical="yes"></status>
</test>
<test id="s1-t6" name="click Account">
<kw name="Sleep" library="BuiltIn">
<doc>Pauses the test executed for the given time.</doc>
<arguments>
<arg>4s</arg>
</arguments>
<msg timestamp="20201209 16:55:24.437" level="INFO">Slept 4 seconds</msg>
<status status="PASS" starttime="20201209 16:55:20.435" endtime="20201209 16:55:24.437"></status>
</kw>
<kw name="Click Element" library="SeleniumLibrary">
<doc>Click the element identified by ``locator``.</doc>
<arguments>
<arg>xpath=//*[@id="account"]</arg>
</arguments>
<msg timestamp="20201209 16:55:24.438" level="INFO">Clicking element 'xpath=//*[@id="account"]'.</msg>
<status status="PASS" starttime="20201209 16:55:24.437" endtime="20201209 16:55:24.493"></status>
</kw>
<status status="PASS" starttime="20201209 16:55:20.435" endtime="20201209 16:55:24.493" critical="yes"></status>
</test>
<test id="s1-t7" name="show profile">
<kw name="Sleep" library="BuiltIn">
<doc>Pauses the test executed for the given time.</doc>
<arguments>
<arg>2s</arg>
</arguments>
<msg timestamp="20201209 16:55:26.503" level="INFO">Slept 2 seconds</msg>
<status status="PASS" starttime="20201209 16:55:24.501" endtime="20201209 16:55:26.503"></status>
</kw>
<kw name="Click Element" library="SeleniumLibrary">
<doc>Click the element identified by ``locator``.</doc>
<arguments>
<arg>xpath=//*[@id="list-item-279"]</arg>
</arguments>
<msg timestamp="20201209 16:55:26.504" level="INFO">Clicking element 'xpath=//*[@id="list-item-279"]'.</msg>
<status status="PASS" starttime="20201209 16:55:26.503" endtime="20201209 16:55:26.579"></status>
</kw>
<status status="PASS" starttime="20201209 16:55:24.501" endtime="20201209 16:55:26.580" critical="yes"></status>
</test>
<test id="s1-t8" name="show profile">
<kw name="Sleep" library="BuiltIn">
<doc>Pauses the test executed for the given time.</doc>
<arguments>
<arg>2s</arg>
</arguments>
<msg timestamp="20201209 16:55:28.584" level="INFO">Slept 2 seconds</msg>
<status status="PASS" starttime="20201209 16:55:26.583" endtime="20201209 16:55:28.584"></status>
</kw>
<kw name="Click Button" library="SeleniumLibrary">
<doc>Clicks the button identified by ``locator``.</doc>
<arguments>
<arg>name=profile</arg>
</arguments>
<msg timestamp="20201209 16:55:28.584" level="INFO">Clicking button 'name=profile'.</msg>
<status status="PASS" starttime="20201209 16:55:28.584" endtime="20201209 16:55:28.654"></status>
</kw>
<status status="PASS" starttime="20201209 16:55:26.582" endtime="20201209 16:55:28.654" critical="yes"></status>
</test>
<test id="s1-t9" name="show profile">
<kw name="Sleep" library="BuiltIn">
<doc>Pauses the test executed for the given time.</doc>
<arguments>
<arg>4s</arg>
</arguments>
<msg timestamp="20201209 16:55:32.667" level="INFO">Slept 4 seconds</msg>
<status status="PASS" starttime="20201209 16:55:28.667" endtime="20201209 16:55:32.667"></status>
</kw>
<kw name="Click Button" library="SeleniumLibrary">
<doc>Clicks the button identified by ``locator``.</doc>
<arguments>
<arg>name=password</arg>
</arguments>
<msg timestamp="20201209 16:55:32.668" level="INFO">Clicking button 'name=password'.</msg>
<status status="PASS" starttime="20201209 16:55:32.667" endtime="20201209 16:55:32.797"></status>
</kw>
<kw name="Sleep" library="BuiltIn">
<doc>Pauses the test executed for the given time.</doc>
<arguments>
<arg>2s</arg>
</arguments>
<msg timestamp="20201209 16:55:34.799" level="INFO">Slept 2 seconds</msg>
<status status="PASS" starttime="20201209 16:55:32.798" endtime="20201209 16:55:34.799"></status>
</kw>
<status status="PASS" starttime="20201209 16:55:28.663" endtime="20201209 16:55:34.799" critical="yes"></status>
</test>
<test id="s1-t10" name="Input Current Password">
<kw name="Input Text" library="SeleniumLibrary">
<doc>Types the given ``text`` into the text field identified by ``locator``.</doc>
<arguments>
<arg>input-302</arg>
<arg>123456</arg>
</arguments>
<msg timestamp="20201209 16:55:34.801" level="INFO">Typing text '123456' into text field 'input-302'.</msg>
<status status="PASS" starttime="20201209 16:55:34.801" endtime="20201209 16:55:34.968"></status>
</kw>
<status status="PASS" starttime="20201209 16:55:34.801" endtime="20201209 16:55:34.969" critical="yes"></status>
</test>
<test id="s1-t11" name="Input New Password">
<kw name="Input Text" library="SeleniumLibrary">
<doc>Types the given ``text`` into the text field identified by ``locator``.</doc>
<arguments>
<arg>input-305</arg>
<arg>741852</arg>
</arguments>
<msg timestamp="20201209 16:55:34.978" level="INFO">Typing text '741852' into text field 'input-305'.</msg>
<status status="PASS" starttime="20201209 16:55:34.978" endtime="20201209 16:55:35.157"></status>
</kw>
<status status="PASS" starttime="20201209 16:55:34.977" endtime="20201209 16:55:35.158" critical="yes"></status>
</test>
<test id="s1-t12" name="Input Con New Password">
<kw name="Input Text" library="SeleniumLibrary">
<doc>Types the given ``text`` into the text field identified by ``locator``.</doc>
<arguments>
<arg>input-308</arg>
<arg>741852</arg>
</arguments>
<msg timestamp="20201209 16:55:35.161" level="INFO">Typing text '741852' into text field 'input-308'.</msg>
<status status="PASS" starttime="20201209 16:55:35.161" endtime="20201209 16:55:35.310"></status>
</kw>
<kw name="Sleep" library="BuiltIn">
<doc>Pauses the test executed for the given time.</doc>
<arguments>
<arg>2s</arg>
</arguments>
<msg timestamp="20201209 16:55:37.311" level="INFO">Slept 2 seconds</msg>
<status status="PASS" starttime="20201209 16:55:35.311" endtime="20201209 16:55:37.311"></status>
</kw>
<status status="PASS" starttime="20201209 16:55:35.160" endtime="20201209 16:55:37.312" critical="yes"></status>
</test>
<test id="s1-t13" name="click Edit Profile">
<kw name="Click Button" library="SeleniumLibrary">
<doc>Clicks the button identified by ``locator``.</doc>
<arguments>
<arg>//*[@ID="save"]</arg>
</arguments>
<msg timestamp="20201209 16:55:37.315" level="INFO">Clicking button '//*[@ID="save"]'.</msg>
<status status="PASS" starttime="20201209 16:55:37.315" endtime="20201209 16:55:37.387"></status>
</kw>
<status status="PASS" starttime="20201209 16:55:37.314" endtime="20201209 16:55:37.388" critical="yes"></status>
</test>
<status status="PASS" starttime="20201209 16:55:10.191" endtime="20201209 16:55:37.393"></status>
</suite>
<statistics>
<total>
<stat pass="13" fail="0">Critical Tests</stat>
<stat pass="13" fail="0">All Tests</stat>
</total>
<tag>
</tag>
<suite>
<stat pass="13" fail="0" id="s1" name="changePassword">changePassword</stat>
</suite>
</statistics>
<errors>
<msg timestamp="20201209 16:55:16.377" level="WARN">Multiple test cases with name 'click signin' executed in test suite 'changePassword'.</msg>
<msg timestamp="20201209 16:55:26.582" level="WARN">Multiple test cases with name 'show profile' executed in test suite 'changePassword'.</msg>
<msg timestamp="20201209 16:55:28.655" level="WARN">Multiple test cases with name 'show profile' executed in test suite 'changePassword'.</msg>
</errors>
</robot>
