<?xml version="1.0" encoding="UTF-8"?>
<robot generator="Robot 3.2.2 (Python 3.8.0 on win32)" generated="20201211 17:23:49.336" rpa="false">
<suite id="s1" name="Changepassword" source="C:\Users\new\Desktop\teststyl\tutorLogin\account\changepassword.robot">
<test id="s1-t1" name="Log in">
<kw name="Open Browser" library="SeleniumLibrary">
<doc>Opens a new browser instance to the optional ``url``.</doc>
<arguments>
<arg>${my_url}</arg>
<arg>${browser}</arg>
</arguments>
<msg timestamp="20201211 17:23:49.548" level="INFO">Opening browser 'chrome' to base url 'http://localhost:8080/hometutor'.</msg>
<status status="PASS" starttime="20201211 17:23:49.547" endtime="20201211 17:23:54.984"></status>
</kw>
<kw name="Sleep" library="BuiltIn">
<doc>Pauses the test executed for the given time.</doc>
<arguments>
<arg>4s</arg>
</arguments>
<msg timestamp="20201211 17:23:58.994" level="INFO">Slept 4 seconds</msg>
<status status="PASS" starttime="20201211 17:23:54.985" endtime="20201211 17:23:58.994"></status>
</kw>
<kw name="Click Button" library="SeleniumLibrary">
<doc>Clicks the button identified by ``locator``.</doc>
<arguments>
<arg>//*[@id="signin"]</arg>
</arguments>
<msg timestamp="20201211 17:23:58.995" level="INFO">Clicking button '//*[@id="signin"]'.</msg>
<status status="PASS" starttime="20201211 17:23:58.995" endtime="20201211 17:23:59.076"></status>
</kw>
<kw name="Input Text" library="SeleniumLibrary">
<doc>Types the given ``text`` into the text field identified by ``locator``.</doc>
<arguments>
<arg>email</arg>
<arg>aaatutor@gmail.com</arg>
</arguments>
<msg timestamp="20201211 17:23:59.077" level="INFO">Typing text 'aaatutor@gmail.com' into text field 'email'.</msg>
<status status="PASS" starttime="20201211 17:23:59.077" endtime="20201211 17:23:59.272"></status>
</kw>
<kw name="Input Text" library="SeleniumLibrary">
<doc>Types the given ``text`` into the text field identified by ``locator``.</doc>
<arguments>
<arg>password</arg>
<arg>1234567</arg>
</arguments>
<msg timestamp="20201211 17:23:59.273" level="INFO">Typing text '1234567' into text field 'password'.</msg>
<status status="PASS" starttime="20201211 17:23:59.272" endtime="20201211 17:23:59.385"></status>
</kw>
<kw name="Click Element" library="SeleniumLibrary">
<doc>Click the element identified by ``locator``.</doc>
<arguments>
<arg>//*[@class="signInBtn"]</arg>
</arguments>
<msg timestamp="20201211 17:23:59.385" level="INFO">Clicking element '//*[@class="signInBtn"]'.</msg>
<status status="PASS" starttime="20201211 17:23:59.385" endtime="20201211 17:23:59.434"></status>
</kw>
<kw name="Sleep" library="BuiltIn">
<doc>Pauses the test executed for the given time.</doc>
<arguments>
<arg>4s</arg>
</arguments>
<msg timestamp="20201211 17:24:03.443" level="INFO">Slept 4 seconds</msg>
<status status="PASS" starttime="20201211 17:23:59.435" endtime="20201211 17:24:03.443"></status>
</kw>
<status status="PASS" starttime="20201211 17:23:49.547" endtime="20201211 17:24:03.444" critical="yes"></status>
</test>
<test id="s1-t2" name="click human">
<kw name="Sleep" library="BuiltIn">
<doc>Pauses the test executed for the given time.</doc>
<arguments>
<arg>4s</arg>
</arguments>
<msg timestamp="20201211 17:24:07.462" level="INFO">Slept 4 seconds</msg>
<status status="PASS" starttime="20201211 17:24:03.451" endtime="20201211 17:24:07.462"></status>
</kw>
<kw name="Click Element" library="SeleniumLibrary">
<doc>Click the element identified by ``locator``.</doc>
<arguments>
<arg>xpath=//*[@id="account"]</arg>
</arguments>
<msg timestamp="20201211 17:24:07.463" level="INFO">Clicking element 'xpath=//*[@id="account"]'.</msg>
<status status="PASS" starttime="20201211 17:24:07.463" endtime="20201211 17:24:07.519"></status>
</kw>
<status status="PASS" starttime="20201211 17:24:03.450" endtime="20201211 17:24:07.519" critical="yes"></status>
</test>
<test id="s1-t3" name="click account / show profile">
<kw name="Sleep" library="BuiltIn">
<doc>Pauses the test executed for the given time.</doc>
<arguments>
<arg>2s</arg>
</arguments>
<msg timestamp="20201211 17:24:09.538" level="INFO">Slept 2 seconds</msg>
<status status="PASS" starttime="20201211 17:24:07.524" endtime="20201211 17:24:09.538"></status>
</kw>
<kw name="Click Element" library="SeleniumLibrary">
<doc>Click the element identified by ``locator``.</doc>
<arguments>
<arg>//*[@id="list-item-176"]</arg>
</arguments>
<msg timestamp="20201211 17:24:09.541" level="INFO">Clicking element '//*[@id="list-item-176"]'.</msg>
<status status="PASS" starttime="20201211 17:24:09.540" endtime="20201211 17:24:09.592"></status>
</kw>
<status status="PASS" starttime="20201211 17:24:07.524" endtime="20201211 17:24:09.593" critical="yes"></status>
</test>
<test id="s1-t4" name="click account for change pw">
<kw name="Sleep" library="BuiltIn">
<doc>Pauses the test executed for the given time.</doc>
<arguments>
<arg>2s</arg>
</arguments>
<msg timestamp="20201211 17:24:11.612" level="INFO">Slept 2 seconds</msg>
<status status="PASS" starttime="20201211 17:24:09.599" endtime="20201211 17:24:11.612"></status>
</kw>
<kw name="Click Button" library="SeleniumLibrary">
<doc>Clicks the button identified by ``locator``.</doc>
<arguments>
<arg>//*[@id="resetpw"]</arg>
</arguments>
<msg timestamp="20201211 17:24:11.614" level="INFO">Clicking button '//*[@id="resetpw"]'.</msg>
<status status="PASS" starttime="20201211 17:24:11.614" endtime="20201211 17:24:11.704"></status>
</kw>
<status status="PASS" starttime="20201211 17:24:09.598" endtime="20201211 17:24:11.705" critical="yes"></status>
</test>
<test id="s1-t5" name="input current password">
<kw name="Sleep" library="BuiltIn">
<doc>Pauses the test executed for the given time.</doc>
<arguments>
<arg>2s</arg>
</arguments>
<msg timestamp="20201211 17:24:13.714" level="INFO">Slept 2 seconds</msg>
<status status="PASS" starttime="20201211 17:24:11.712" endtime="20201211 17:24:13.714"></status>
</kw>
<kw name="Input Text" library="SeleniumLibrary">
<doc>Types the given ``text`` into the text field identified by ``locator``.</doc>
<arguments>
<arg>current-password</arg>
<arg>1234567</arg>
</arguments>
<msg timestamp="20201211 17:24:13.716" level="INFO">Typing text '1234567' into text field 'current-password'.</msg>
<status status="PASS" starttime="20201211 17:24:13.715" endtime="20201211 17:24:13.871"></status>
</kw>
<status status="PASS" starttime="20201211 17:24:11.711" endtime="20201211 17:24:13.871" critical="yes"></status>
</test>
<test id="s1-t6" name="input new password">
<kw name="Input Text" library="SeleniumLibrary">
<doc>Types the given ``text`` into the text field identified by ``locator``.</doc>
<arguments>
<arg>new-password</arg>
<arg>123456</arg>
</arguments>
<msg timestamp="20201211 17:24:13.877" level="INFO">Typing text '123456' into text field 'new-password'.</msg>
<status status="PASS" starttime="20201211 17:24:13.875" endtime="20201211 17:24:13.998"></status>
</kw>
<kw name="Input Text" library="SeleniumLibrary">
<doc>Types the given ``text`` into the text field identified by ``locator``.</doc>
<arguments>
<arg>con-password</arg>
<arg>123456</arg>
</arguments>
<msg timestamp="20201211 17:24:13.999" level="INFO">Typing text '123456' into text field 'con-password'.</msg>
<status status="PASS" starttime="20201211 17:24:13.998" endtime="20201211 17:24:14.125"></status>
</kw>
<status status="PASS" starttime="20201211 17:24:13.875" endtime="20201211 17:24:14.126" critical="yes"></status>
</test>
<test id="s1-t7" name="click save">
<kw name="Click Button" library="SeleniumLibrary">
<doc>Clicks the button identified by ``locator``.</doc>
<arguments>
<arg>//*[@id="save"]</arg>
</arguments>
<msg timestamp="20201211 17:24:14.131" level="INFO">Clicking button '//*[@id="save"]'.</msg>
<status status="PASS" starttime="20201211 17:24:14.130" endtime="20201211 17:24:14.195"></status>
</kw>
<status status="PASS" starttime="20201211 17:24:14.130" endtime="20201211 17:24:14.196" critical="yes"></status>
</test>
<status status="PASS" starttime="20201211 17:23:49.338" endtime="20201211 17:24:14.200"></status>
</suite>
<statistics>
<total>
<stat pass="7" fail="0">Critical Tests</stat>
<stat pass="7" fail="0">All Tests</stat>
</total>
<tag>
</tag>
<suite>
<stat pass="7" fail="0" id="s1" name="Changepassword">Changepassword</stat>
</suite>
</statistics>
<errors>
</errors>
</robot>
