<?xml version="1.0" encoding="UTF-8"?>
<robot generator="Robot 3.2.2 (Python 3.8.0 on win32)" generated="20201211 00:37:23.365" rpa="false">
<suite id="s1" name="Changepassword" source="C:\Users\new\Desktop\teststyl\tutorLogin\account\changepassword.robot">
<test id="s1-t1" name="Log in">
<kw name="Open Browser" library="SeleniumLibrary">
<doc>Opens a new browser instance to the optional ``url``.</doc>
<arguments>
<arg>${my_url}</arg>
<arg>${browser}</arg>
</arguments>
<msg timestamp="20201211 00:37:23.584" level="INFO">Opening browser 'chrome' to base url 'http://localhost:8080/hometutor'.</msg>
<status status="PASS" starttime="20201211 00:37:23.584" endtime="20201211 00:37:28.286"></status>
</kw>
<kw name="Sleep" library="BuiltIn">
<doc>Pauses the test executed for the given time.</doc>
<arguments>
<arg>4s</arg>
</arguments>
<msg timestamp="20201211 00:37:32.288" level="INFO">Slept 4 seconds</msg>
<status status="PASS" starttime="20201211 00:37:28.287" endtime="20201211 00:37:32.288"></status>
</kw>
<kw name="Click Button" library="SeleniumLibrary">
<doc>Clicks the button identified by ``locator``.</doc>
<arguments>
<arg>//*[@id="signin"]</arg>
</arguments>
<msg timestamp="20201211 00:37:32.289" level="INFO">Clicking button '//*[@id="signin"]'.</msg>
<status status="PASS" starttime="20201211 00:37:32.289" endtime="20201211 00:37:32.369"></status>
</kw>
<kw name="Input Text" library="SeleniumLibrary">
<doc>Types the given ``text`` into the text field identified by ``locator``.</doc>
<arguments>
<arg>email</arg>
<arg>aaatutor@gmail.com</arg>
</arguments>
<msg timestamp="20201211 00:37:32.370" level="INFO">Typing text 'aaatutor@gmail.com' into text field 'email'.</msg>
<status status="PASS" starttime="20201211 00:37:32.369" endtime="20201211 00:37:32.543"></status>
</kw>
<kw name="Input Text" library="SeleniumLibrary">
<doc>Types the given ``text`` into the text field identified by ``locator``.</doc>
<arguments>
<arg>password</arg>
<arg>1234567</arg>
</arguments>
<msg timestamp="20201211 00:37:32.544" level="INFO">Typing text '1234567' into text field 'password'.</msg>
<status status="PASS" starttime="20201211 00:37:32.544" endtime="20201211 00:37:32.655"></status>
</kw>
<kw name="Click Element" library="SeleniumLibrary">
<doc>Click the element identified by ``locator``.</doc>
<arguments>
<arg>//*[@class="signInBtn"]</arg>
</arguments>
<msg timestamp="20201211 00:37:32.656" level="INFO">Clicking element '//*[@class="signInBtn"]'.</msg>
<status status="PASS" starttime="20201211 00:37:32.656" endtime="20201211 00:37:32.699"></status>
</kw>
<kw name="Sleep" library="BuiltIn">
<doc>Pauses the test executed for the given time.</doc>
<arguments>
<arg>4s</arg>
</arguments>
<msg timestamp="20201211 00:37:36.714" level="INFO">Slept 4 seconds</msg>
<status status="PASS" starttime="20201211 00:37:32.700" endtime="20201211 00:37:36.714"></status>
</kw>
<status status="PASS" starttime="20201211 00:37:23.584" endtime="20201211 00:37:36.715" critical="yes"></status>
</test>
<test id="s1-t2" name="click human">
<kw name="Sleep" library="BuiltIn">
<doc>Pauses the test executed for the given time.</doc>
<arguments>
<arg>4s</arg>
</arguments>
<msg timestamp="20201211 00:37:40.724" level="INFO">Slept 4 seconds</msg>
<status status="PASS" starttime="20201211 00:37:36.722" endtime="20201211 00:37:40.724"></status>
</kw>
<kw name="Click Element" library="SeleniumLibrary">
<doc>Click the element identified by ``locator``.</doc>
<arguments>
<arg>xpath=//*[@id="account"]</arg>
</arguments>
<msg timestamp="20201211 00:37:40.726" level="INFO">Clicking element 'xpath=//*[@id="account"]'.</msg>
<status status="PASS" starttime="20201211 00:37:40.726" endtime="20201211 00:37:40.781"></status>
</kw>
<status status="PASS" starttime="20201211 00:37:36.721" endtime="20201211 00:37:40.782" critical="yes"></status>
</test>
<test id="s1-t3" name="click account / show profile">
<kw name="Sleep" library="BuiltIn">
<doc>Pauses the test executed for the given time.</doc>
<arguments>
<arg>2s</arg>
</arguments>
<msg timestamp="20201211 00:37:42.798" level="INFO">Slept 2 seconds</msg>
<status status="PASS" starttime="20201211 00:37:40.787" endtime="20201211 00:37:42.798"></status>
</kw>
<kw name="Click Element" library="SeleniumLibrary">
<doc>Click the element identified by ``locator``.</doc>
<arguments>
<arg>//*[@id="list-item-176"]</arg>
</arguments>
<msg timestamp="20201211 00:37:42.798" level="INFO">Clicking element '//*[@id="list-item-176"]'.</msg>
<status status="PASS" starttime="20201211 00:37:42.798" endtime="20201211 00:37:42.850"></status>
</kw>
<status status="PASS" starttime="20201211 00:37:40.786" endtime="20201211 00:37:42.851" critical="yes"></status>
</test>
<test id="s1-t4" name="click account for change pw">
<kw name="Sleep" library="BuiltIn">
<doc>Pauses the test executed for the given time.</doc>
<arguments>
<arg>2s</arg>
</arguments>
<msg timestamp="20201211 00:37:44.861" level="INFO">Slept 2 seconds</msg>
<status status="PASS" starttime="20201211 00:37:42.854" endtime="20201211 00:37:44.861"></status>
</kw>
<kw name="Click Button" library="SeleniumLibrary">
<doc>Clicks the button identified by ``locator``.</doc>
<arguments>
<arg>//*[@id="resetpw"]</arg>
</arguments>
<msg timestamp="20201211 00:37:44.863" level="INFO">Clicking button '//*[@id="resetpw"]'.</msg>
<status status="PASS" starttime="20201211 00:37:44.862" endtime="20201211 00:37:44.953"></status>
</kw>
<status status="PASS" starttime="20201211 00:37:42.853" endtime="20201211 00:37:44.954" critical="yes"></status>
</test>
<test id="s1-t5" name="input current password">
<kw name="Sleep" library="BuiltIn">
<doc>Pauses the test executed for the given time.</doc>
<arguments>
<arg>2s</arg>
</arguments>
<msg timestamp="20201211 00:37:46.974" level="INFO">Slept 2 seconds</msg>
<status status="PASS" starttime="20201211 00:37:44.961" endtime="20201211 00:37:46.974"></status>
</kw>
<kw name="Input Text" library="SeleniumLibrary">
<doc>Types the given ``text`` into the text field identified by ``locator``.</doc>
<arguments>
<arg>current-password</arg>
<arg>1234567</arg>
</arguments>
<msg timestamp="20201211 00:37:46.975" level="INFO">Typing text '1234567' into text field 'current-password'.</msg>
<status status="PASS" starttime="20201211 00:37:46.975" endtime="20201211 00:37:47.104"></status>
</kw>
<status status="PASS" starttime="20201211 00:37:44.960" endtime="20201211 00:37:47.105" critical="yes"></status>
</test>
<test id="s1-t6" name="input new password">
<kw name="Input Text" library="SeleniumLibrary">
<doc>Types the given ``text`` into the text field identified by ``locator``.</doc>
<arguments>
<arg>new-password</arg>
<arg>123456</arg>
</arguments>
<msg timestamp="20201211 00:37:47.111" level="INFO">Typing text '123456' into text field 'new-password'.</msg>
<status status="PASS" starttime="20201211 00:37:47.111" endtime="20201211 00:37:47.231"></status>
</kw>
<kw name="Input Text" library="SeleniumLibrary">
<doc>Types the given ``text`` into the text field identified by ``locator``.</doc>
<arguments>
<arg>con-password</arg>
<arg>123456</arg>
</arguments>
<msg timestamp="20201211 00:37:47.232" level="INFO">Typing text '123456' into text field 'con-password'.</msg>
<status status="PASS" starttime="20201211 00:37:47.232" endtime="20201211 00:37:47.348"></status>
</kw>
<status status="PASS" starttime="20201211 00:37:47.110" endtime="20201211 00:37:47.349" critical="yes"></status>
</test>
<test id="s1-t7" name="click save">
<kw name="Click Button" library="SeleniumLibrary">
<doc>Clicks the button identified by ``locator``.</doc>
<arguments>
<arg>//*[@id="save"]</arg>
</arguments>
<msg timestamp="20201211 00:37:47.355" level="INFO">Clicking button '//*[@id="save"]'.</msg>
<status status="PASS" starttime="20201211 00:37:47.355" endtime="20201211 00:37:47.417"></status>
</kw>
<status status="PASS" starttime="20201211 00:37:47.354" endtime="20201211 00:37:47.418" critical="yes"></status>
</test>
<status status="PASS" starttime="20201211 00:37:23.367" endtime="20201211 00:37:47.420"></status>
</suite>
<statistics>
<total>
<stat pass="7" fail="0">Critical Tests</stat>
<stat pass="7" fail="0">All Tests</stat>
</total>
<tag>
</tag>
<suite>
<stat pass="7" fail="0" id="s1" name="Changepassword">Changepassword</stat>
</suite>
</statistics>
<errors>
</errors>
</robot>
