<?xml version="1.0" encoding="UTF-8"?>
<robot generator="Robot 3.2.2 (Python 3.8.0 on win32)" generated="20201210 22:58:10.130" rpa="false">
<suite id="s1" name="signupDiffPassword" source="D:\KMUTT\year3\term1\Robot\notLogin\signupDiffPassword.robot">
<test id="s1-t1" name="open">
<kw name="Open Browser" library="SeleniumLibrary">
<doc>Opens a new browser instance to the optional ``url``.</doc>
<arguments>
<arg>${my_url}</arg>
<arg>${browser}</arg>
</arguments>
<msg timestamp="20201210 22:58:10.290" level="INFO">Opening browser 'chrome' to base url 'http://localhost:8080/'.</msg>
<status status="PASS" starttime="20201210 22:58:10.290" endtime="20201210 22:58:14.046"></status>
</kw>
<status status="PASS" starttime="20201210 22:58:10.290" endtime="20201210 22:58:14.047" critical="yes"></status>
</test>
<test id="s1-t2" name="click signin">
<kw name="Sleep" library="BuiltIn">
<doc>Pauses the test executed for the given time.</doc>
<arguments>
<arg>2s</arg>
</arguments>
<msg timestamp="20201210 22:58:16.076" level="INFO">Slept 2 seconds</msg>
<status status="PASS" starttime="20201210 22:58:14.075" endtime="20201210 22:58:16.076"></status>
</kw>
<kw name="Click Button" library="SeleniumLibrary">
<doc>Clicks the button identified by ``locator``.</doc>
<arguments>
<arg>id=signup</arg>
</arguments>
<msg timestamp="20201210 22:58:16.077" level="INFO">Clicking button 'id=signup'.</msg>
<status status="PASS" starttime="20201210 22:58:16.076" endtime="20201210 22:58:16.270"></status>
</kw>
<status status="PASS" starttime="20201210 22:58:14.075" endtime="20201210 22:58:16.271" critical="yes"></status>
</test>
<test id="s1-t3" name="Input Text">
<kw name="Input Text" library="SeleniumLibrary">
<doc>Types the given ``text`` into the text field identified by ``locator``.</doc>
<arguments>
<arg>firstname</arg>
<arg>jk</arg>
</arguments>
<msg timestamp="20201210 22:58:16.273" level="INFO">Typing text 'jk' into text field 'firstname'.</msg>
<status status="PASS" starttime="20201210 22:58:16.273" endtime="20201210 22:58:16.429"></status>
</kw>
<kw name="Input Text" library="SeleniumLibrary">
<doc>Types the given ``text`` into the text field identified by ``locator``.</doc>
<arguments>
<arg>familyname</arg>
<arg>jk</arg>
</arguments>
<msg timestamp="20201210 22:58:16.430" level="INFO">Typing text 'jk' into text field 'familyname'.</msg>
<status status="PASS" starttime="20201210 22:58:16.430" endtime="20201210 22:58:16.675"></status>
</kw>
<kw name="Click Element" library="SeleniumLibrary">
<doc>Click the element identified by ``locator``.</doc>
<arguments>
<arg>//*[@class="v-select__selections"]</arg>
</arguments>
<msg timestamp="20201210 22:58:16.676" level="INFO">Clicking element '//*[@class="v-select__selections"]'.</msg>
<status status="PASS" starttime="20201210 22:58:16.676" endtime="20201210 22:58:16.774"></status>
</kw>
<kw name="Wait Until Element Is Visible" library="SeleniumLibrary">
<doc>Waits until the element ``locator`` is visible.</doc>
<arguments>
<arg>list-item-189-1</arg>
</arguments>
<status status="PASS" starttime="20201210 22:58:16.775" endtime="20201210 22:58:17.037"></status>
</kw>
<kw name="Click Element" library="SeleniumLibrary">
<doc>Click the element identified by ``locator``.</doc>
<arguments>
<arg>xpath=//*[@id="list-item-189-1"]</arg>
</arguments>
<msg timestamp="20201210 22:58:17.038" level="INFO">Clicking element 'xpath=//*[@id="list-item-189-1"]'.</msg>
<status status="PASS" starttime="20201210 22:58:17.038" endtime="20201210 22:58:17.195"></status>
</kw>
<kw name="Input Text" library="SeleniumLibrary">
<doc>Types the given ``text`` into the text field identified by ``locator``.</doc>
<arguments>
<arg>email</arg>
<arg>aaaaaa@gmail.com</arg>
</arguments>
<msg timestamp="20201210 22:58:17.195" level="INFO">Typing text 'aaaaaa@gmail.com' into text field 'email'.</msg>
<status status="PASS" starttime="20201210 22:58:17.195" endtime="20201210 22:58:17.531"></status>
</kw>
<kw name="Input Text" library="SeleniumLibrary">
<doc>Types the given ``text`` into the text field identified by ``locator``.</doc>
<arguments>
<arg>con-email</arg>
<arg>aaaaaa@gmail.com</arg>
</arguments>
<msg timestamp="20201210 22:58:17.532" level="INFO">Typing text 'aaaaaa@gmail.com' into text field 'con-email'.</msg>
<status status="PASS" starttime="20201210 22:58:17.531" endtime="20201210 22:58:17.892"></status>
</kw>
<kw name="Input Text" library="SeleniumLibrary">
<doc>Types the given ``text`` into the text field identified by ``locator``.</doc>
<arguments>
<arg>password</arg>
<arg>123456</arg>
</arguments>
<msg timestamp="20201210 22:58:17.892" level="INFO">Typing text '123456' into text field 'password'.</msg>
<status status="PASS" starttime="20201210 22:58:17.892" endtime="20201210 22:58:18.061"></status>
</kw>
<kw name="Input Text" library="SeleniumLibrary">
<doc>Types the given ``text`` into the text field identified by ``locator``.</doc>
<arguments>
<arg>con-password</arg>
<arg>654321</arg>
</arguments>
<msg timestamp="20201210 22:58:18.061" level="INFO">Typing text '654321' into text field 'con-password'.</msg>
<status status="PASS" starttime="20201210 22:58:18.061" endtime="20201210 22:58:18.247"></status>
</kw>
<status status="PASS" starttime="20201210 22:58:16.273" endtime="20201210 22:58:18.248" critical="yes"></status>
</test>
<status status="PASS" starttime="20201210 22:58:10.132" endtime="20201210 22:58:18.250"></status>
</suite>
<statistics>
<total>
<stat pass="3" fail="0">Critical Tests</stat>
<stat pass="3" fail="0">All Tests</stat>
</total>
<tag>
</tag>
<suite>
<stat pass="3" fail="0" id="s1" name="signupDiffPassword">signupDiffPassword</stat>
</suite>
</statistics>
<errors>
</errors>
</robot>
