<?xml version="1.0" encoding="UTF-8"?>
<robot generator="Robot 3.2.2 (Python 3.8.0 on win32)" generated="20201204 23:28:07.950" rpa="false">
<suite id="s1" name="Sigup" source="D:\KMUTT\year3\term1\Robot\notLogin\sigup.robot">
<test id="s1-t1" name="Open WebDriver">
<kw name="Open Browser" library="SeleniumLibrary">
<doc>Opens a new browser instance to the optional ``url``.</doc>
<arguments>
<arg>http://localhost:8080/home</arg>
<arg>chrome</arg>
</arguments>
<msg timestamp="20201204 23:28:08.112" level="INFO">Opening browser 'chrome' to base url 'http://localhost:8080/home'.</msg>
<status status="PASS" starttime="20201204 23:28:08.112" endtime="20201204 23:28:11.943"></status>
</kw>
<kw name="Click Button" library="SeleniumLibrary">
<doc>Clicks the button identified by ``locator``.</doc>
<arguments>
<arg>name=signup</arg>
</arguments>
<msg timestamp="20201204 23:28:11.943" level="INFO">Clicking button 'name=signup'.</msg>
<status status="PASS" starttime="20201204 23:28:11.943" endtime="20201204 23:28:12.143"></status>
</kw>
<status status="PASS" starttime="20201204 23:28:08.112" endtime="20201204 23:28:12.143" critical="yes"></status>
</test>
<status status="PASS" starttime="20201204 23:28:07.952" endtime="20201204 23:28:12.145"></status>
</suite>
<statistics>
<total>
<stat pass="1" fail="0">Critical Tests</stat>
<stat pass="1" fail="0">All Tests</stat>
</total>
<tag>
</tag>
<suite>
<stat pass="1" fail="0" id="s1" name="Sigup">Sigup</stat>
</suite>
</statistics>
<errors>
</errors>
</robot>
