<?xml version="1.0" encoding="UTF-8"?>
<robot generator="Robot 3.2.2 (Python 3.8.0 on win32)" generated="20201204 20:40:04.720" rpa="false">
<suite id="s1" name="homeClick" source="D:\KMUTT\year3\term1\Robot\homeClick.robot">
<test id="s1-t1" name="Open WebDriver">
<kw name="Open Browser" library="SeleniumLibrary">
<doc>Opens a new browser instance to the optional ``url``.</doc>
<arguments>
<arg>http://localhost:8080/home</arg>
<arg>chrome</arg>
</arguments>
<msg timestamp="20201204 20:40:04.874" level="INFO">Opening browser 'chrome' to base url 'http://localhost:8080/home'.</msg>
<status status="PASS" starttime="20201204 20:40:04.874" endtime="20201204 20:40:08.436"></status>
</kw>
<status status="PASS" starttime="20201204 20:40:04.874" endtime="20201204 20:40:08.437" critical="yes"></status>
</test>
<test id="s1-t2" name="กด">
<kw name="Click Element" library="SeleniumLibrary">
<doc>Click the element identified by ``locator``.</doc>
<arguments>
<arg>//*[@class="courseCard v-card v-card--link v-sheet theme--light elevation-16"]</arg>
</arguments>
<msg timestamp="20201204 20:40:08.439" level="INFO">Clicking element '//*[@class="courseCard v-card v-card--link v-sheet theme--light elevation-16"]'.</msg>
<status status="PASS" starttime="20201204 20:40:08.439" endtime="20201204 20:40:08.547"></status>
</kw>
<status status="PASS" starttime="20201204 20:40:08.439" endtime="20201204 20:40:08.548" critical="yes"></status>
</test>
<status status="PASS" starttime="20201204 20:40:04.720" endtime="20201204 20:40:08.549"></status>
</suite>
<statistics>
<total>
<stat pass="2" fail="0">Critical Tests</stat>
<stat pass="2" fail="0">All Tests</stat>
</total>
<tag>
</tag>
<suite>
<stat pass="2" fail="0" id="s1" name="homeClick">homeClick</stat>
</suite>
</statistics>
<errors>
</errors>
</robot>
