<?xml version="1.0" encoding="UTF-8"?>
<robot generator="Robot 3.2.2 (Python 3.8.0 on win32)" generated="20201205 03:07:29.866" rpa="false">
<suite id="s1" name="Homeclick" source="C:\Users\new\Desktop\teststyl\studentLogin\homeclick.robot">
<test id="s1-t1" name="Open WebDriver">
<kw name="Open Browser" library="SeleniumLibrary">
<doc>Opens a new browser instance to the optional ``url``.</doc>
<arguments>
<arg>http://localhost:8080/home</arg>
<arg>chrome</arg>
</arguments>
<msg timestamp="20201205 03:07:30.080" level="INFO">Opening browser 'chrome' to base url 'http://localhost:8080/home'.</msg>
<status status="PASS" starttime="20201205 03:07:30.080" endtime="20201205 03:07:34.586"></status>
</kw>
<status status="PASS" starttime="20201205 03:07:30.079" endtime="20201205 03:07:34.587" critical="yes"></status>
</test>
<test id="s1-t2" name="กด">
<kw name="Click Element" library="SeleniumLibrary">
<doc>Click the element identified by ``locator``.</doc>
<arguments>
<arg>//*[@class="courseCard v-card v-card--link v-sheet theme--light elevation-16"]</arg>
</arguments>
<msg timestamp="20201205 03:07:34.593" level="INFO">Clicking element '//*[@class="courseCard v-card v-card--link v-sheet theme--light elevation-16"]'.</msg>
<status status="PASS" starttime="20201205 03:07:34.593" endtime="20201205 03:07:34.710"></status>
</kw>
<status status="PASS" starttime="20201205 03:07:34.592" endtime="20201205 03:07:34.711" critical="yes"></status>
</test>
<status status="PASS" starttime="20201205 03:07:29.868" endtime="20201205 03:07:34.718"></status>
</suite>
<statistics>
<total>
<stat pass="2" fail="0">Critical Tests</stat>
<stat pass="2" fail="0">All Tests</stat>
</total>
<tag>
</tag>
<suite>
<stat pass="2" fail="0" id="s1" name="Homeclick">Homeclick</stat>
</suite>
</statistics>
<errors>
</errors>
</robot>
