<?xml version="1.0" encoding="UTF-8"?>
<robot generator="Robot 3.2.2 (Python 3.8.0 on win32)" generated="20201211 00:42:57.464" rpa="false">
<suite id="s1" name="Logout" source="C:\Users\new\Desktop\teststyl\tutorLogin\logout.robot">
<test id="s1-t1" name="Log in">
<kw name="Open Browser" library="SeleniumLibrary">
<doc>Opens a new browser instance to the optional ``url``.</doc>
<arguments>
<arg>${my_url}</arg>
<arg>${browser}</arg>
</arguments>
<msg timestamp="20201211 00:42:57.681" level="INFO">Opening browser 'chrome' to base url 'http://localhost:8080/hometutor'.</msg>
<status status="PASS" starttime="20201211 00:42:57.681" endtime="20201211 00:43:02.336"></status>
</kw>
<kw name="Sleep" library="BuiltIn">
<doc>Pauses the test executed for the given time.</doc>
<arguments>
<arg>4s</arg>
</arguments>
<msg timestamp="20201211 00:43:06.352" level="INFO">Slept 4 seconds</msg>
<status status="PASS" starttime="20201211 00:43:02.337" endtime="20201211 00:43:06.352"></status>
</kw>
<kw name="Click Button" library="SeleniumLibrary">
<doc>Clicks the button identified by ``locator``.</doc>
<arguments>
<arg>//*[@id="signin"]</arg>
</arguments>
<msg timestamp="20201211 00:43:06.353" level="INFO">Clicking button '//*[@id="signin"]'.</msg>
<status status="PASS" starttime="20201211 00:43:06.353" endtime="20201211 00:43:06.434"></status>
</kw>
<kw name="Input Text" library="SeleniumLibrary">
<doc>Types the given ``text`` into the text field identified by ``locator``.</doc>
<arguments>
<arg>email</arg>
<arg>aaatutor@gmail.com</arg>
</arguments>
<msg timestamp="20201211 00:43:06.435" level="INFO">Typing text 'aaatutor@gmail.com' into text field 'email'.</msg>
<status status="PASS" starttime="20201211 00:43:06.435" endtime="20201211 00:43:06.608"></status>
</kw>
<kw name="Input Text" library="SeleniumLibrary">
<doc>Types the given ``text`` into the text field identified by ``locator``.</doc>
<arguments>
<arg>password</arg>
<arg>123456</arg>
</arguments>
<msg timestamp="20201211 00:43:06.609" level="INFO">Typing text '123456' into text field 'password'.</msg>
<status status="PASS" starttime="20201211 00:43:06.609" endtime="20201211 00:43:06.716"></status>
</kw>
<kw name="Click Element" library="SeleniumLibrary">
<doc>Click the element identified by ``locator``.</doc>
<arguments>
<arg>//*[@class="signInBtn"]</arg>
</arguments>
<msg timestamp="20201211 00:43:06.718" level="INFO">Clicking element '//*[@class="signInBtn"]'.</msg>
<status status="PASS" starttime="20201211 00:43:06.718" endtime="20201211 00:43:06.763"></status>
</kw>
<kw name="Sleep" library="BuiltIn">
<doc>Pauses the test executed for the given time.</doc>
<arguments>
<arg>4s</arg>
</arguments>
<msg timestamp="20201211 00:43:10.769" level="INFO">Slept 4 seconds</msg>
<status status="PASS" starttime="20201211 00:43:06.764" endtime="20201211 00:43:10.769"></status>
</kw>
<status status="PASS" starttime="20201211 00:42:57.680" endtime="20201211 00:43:10.770" critical="yes"></status>
</test>
<test id="s1-t2" name="click human">
<kw name="Sleep" library="BuiltIn">
<doc>Pauses the test executed for the given time.</doc>
<arguments>
<arg>4s</arg>
</arguments>
<msg timestamp="20201211 00:43:14.782" level="INFO">Slept 4 seconds</msg>
<status status="PASS" starttime="20201211 00:43:10.776" endtime="20201211 00:43:14.782"></status>
</kw>
<kw name="Click Element" library="SeleniumLibrary">
<doc>Click the element identified by ``locator``.</doc>
<arguments>
<arg>xpath=//*[@id="account"]</arg>
</arguments>
<msg timestamp="20201211 00:43:14.783" level="INFO">Clicking element 'xpath=//*[@id="account"]'.</msg>
<status status="PASS" starttime="20201211 00:43:14.783" endtime="20201211 00:43:14.829"></status>
</kw>
<status status="PASS" starttime="20201211 00:43:10.775" endtime="20201211 00:43:14.830" critical="yes"></status>
</test>
<test id="s1-t3" name="click Logout">
<kw name="Sleep" library="BuiltIn">
<doc>Pauses the test executed for the given time.</doc>
<arguments>
<arg>4s</arg>
</arguments>
<msg timestamp="20201211 00:43:18.837" level="INFO">Slept 4 seconds</msg>
<status status="PASS" starttime="20201211 00:43:14.833" endtime="20201211 00:43:18.837"></status>
</kw>
<kw name="Click Element" library="SeleniumLibrary">
<doc>Click the element identified by ``locator``.</doc>
<arguments>
<arg>xpath=//*[@id="list-item-178"]</arg>
</arguments>
<msg timestamp="20201211 00:43:18.838" level="INFO">Clicking element 'xpath=//*[@id="list-item-178"]'.</msg>
<status status="PASS" starttime="20201211 00:43:18.838" endtime="20201211 00:43:18.950"></status>
</kw>
<status status="PASS" starttime="20201211 00:43:14.832" endtime="20201211 00:43:18.951" critical="yes"></status>
</test>
<status status="PASS" starttime="20201211 00:42:57.465" endtime="20201211 00:43:18.956"></status>
</suite>
<statistics>
<total>
<stat pass="3" fail="0">Critical Tests</stat>
<stat pass="3" fail="0">All Tests</stat>
</total>
<tag>
</tag>
<suite>
<stat pass="3" fail="0" id="s1" name="Logout">Logout</stat>
</suite>
</statistics>
<errors>
</errors>
</robot>
