<?xml version="1.0" encoding="UTF-8"?>
<robot generator="Robot 3.2.2 (Python 3.8.0 on win32)" generated="20201210 22:45:55.512" rpa="false">
<suite id="s1" name="editProfile" source="D:\KMUTT\year3\term1\Robot\studentLogin\homeStd\Account\Account\EditProfile\editProfile.robot">
<test id="s1-t1" name="open">
<kw name="Open Browser" library="SeleniumLibrary">
<doc>Opens a new browser instance to the optional ``url``.</doc>
<arguments>
<arg>${my_url}</arg>
<arg>${browser}</arg>
</arguments>
<msg timestamp="20201210 22:45:55.684" level="INFO">Opening browser 'chrome' to base url 'http://localhost:8080/'.</msg>
<status status="PASS" starttime="20201210 22:45:55.683" endtime="20201210 22:45:59.607"></status>
</kw>
<status status="PASS" starttime="20201210 22:45:55.660" endtime="20201210 22:45:59.608" critical="yes"></status>
</test>
<test id="s1-t2" name="click signin">
<kw name="Sleep" library="BuiltIn">
<doc>Pauses the test executed for the given time.</doc>
<arguments>
<arg>2s</arg>
</arguments>
<msg timestamp="20201210 22:46:01.612" level="INFO">Slept 2 seconds</msg>
<status status="PASS" starttime="20201210 22:45:59.610" endtime="20201210 22:46:01.612"></status>
</kw>
<kw name="Click Button" library="SeleniumLibrary">
<doc>Clicks the button identified by ``locator``.</doc>
<arguments>
<arg>id=signin</arg>
</arguments>
<msg timestamp="20201210 22:46:01.613" level="INFO">Clicking button 'id=signin'.</msg>
<status status="PASS" starttime="20201210 22:46:01.612" endtime="20201210 22:46:01.722"></status>
</kw>
<status status="PASS" starttime="20201210 22:45:59.609" endtime="20201210 22:46:01.723" critical="yes"></status>
</test>
<test id="s1-t3" name="input email">
<kw name="Input Text" library="SeleniumLibrary">
<doc>Types the given ``text`` into the text field identified by ``locator``.</doc>
<arguments>
<arg>id=email</arg>
<arg>testSTD@gmail.com</arg>
</arguments>
<msg timestamp="20201210 22:46:01.725" level="INFO">Typing text 'testSTD@gmail.com' into text field 'id=email'.</msg>
<status status="PASS" starttime="20201210 22:46:01.725" endtime="20201210 22:46:01.934"></status>
</kw>
<status status="PASS" starttime="20201210 22:46:01.724" endtime="20201210 22:46:01.935" critical="yes"></status>
</test>
<test id="s1-t4" name="input password">
<kw name="Input Text" library="SeleniumLibrary">
<doc>Types the given ``text`` into the text field identified by ``locator``.</doc>
<arguments>
<arg>id=password</arg>
<arg>741852</arg>
</arguments>
<msg timestamp="20201210 22:46:01.944" level="INFO">Typing text '741852' into text field 'id=password'.</msg>
<status status="PASS" starttime="20201210 22:46:01.944" endtime="20201210 22:46:02.090"></status>
</kw>
<status status="PASS" starttime="20201210 22:46:01.944" endtime="20201210 22:46:02.091" critical="yes"></status>
</test>
<test id="s1-t5" name="click signin">
<kw name="Click Element" library="SeleniumLibrary">
<doc>Click the element identified by ``locator``.</doc>
<arguments>
<arg>//*[@class="signInBtn"]</arg>
</arguments>
<msg timestamp="20201210 22:46:02.093" level="INFO">Clicking element '//*[@class="signInBtn"]'.</msg>
<status status="PASS" starttime="20201210 22:46:02.093" endtime="20201210 22:46:02.146"></status>
</kw>
<kw name="Sleep" library="BuiltIn">
<doc>Pauses the test executed for the given time.</doc>
<arguments>
<arg>4s</arg>
</arguments>
<msg timestamp="20201210 22:46:06.148" level="INFO">Slept 4 seconds</msg>
<status status="PASS" starttime="20201210 22:46:02.146" endtime="20201210 22:46:06.148"></status>
</kw>
<status status="PASS" starttime="20201210 22:46:02.092" endtime="20201210 22:46:06.148" critical="yes"></status>
</test>
<test id="s1-t6" name="click Account">
<kw name="Sleep" library="BuiltIn">
<doc>Pauses the test executed for the given time.</doc>
<arguments>
<arg>4s</arg>
</arguments>
<msg timestamp="20201210 22:46:10.150" level="INFO">Slept 4 seconds</msg>
<status status="PASS" starttime="20201210 22:46:06.150" endtime="20201210 22:46:10.150"></status>
</kw>
<kw name="Click Element" library="SeleniumLibrary">
<doc>Click the element identified by ``locator``.</doc>
<arguments>
<arg>xpath=//*[@id="account"]</arg>
</arguments>
<msg timestamp="20201210 22:46:10.151" level="INFO">Clicking element 'xpath=//*[@id="account"]'.</msg>
<status status="PASS" starttime="20201210 22:46:10.151" endtime="20201210 22:46:10.203"></status>
</kw>
<status status="PASS" starttime="20201210 22:46:06.150" endtime="20201210 22:46:10.204" critical="yes"></status>
</test>
<test id="s1-t7" name="show profile">
<kw name="Sleep" library="BuiltIn">
<doc>Pauses the test executed for the given time.</doc>
<arguments>
<arg>4s</arg>
</arguments>
<msg timestamp="20201210 22:46:14.207" level="INFO">Slept 4 seconds</msg>
<status status="PASS" starttime="20201210 22:46:10.206" endtime="20201210 22:46:14.207"></status>
</kw>
<kw name="Click Element" library="SeleniumLibrary">
<doc>Click the element identified by ``locator``.</doc>
<arguments>
<arg>xpath=//*[@id="list-item-270"]</arg>
</arguments>
<msg timestamp="20201210 22:46:14.208" level="INFO">Clicking element 'xpath=//*[@id="list-item-270"]'.</msg>
<status status="PASS" starttime="20201210 22:46:14.208" endtime="20201210 22:46:14.307"></status>
</kw>
<status status="PASS" starttime="20201210 22:46:10.205" endtime="20201210 22:46:14.307" critical="yes"></status>
</test>
<test id="s1-t8" name="show profile">
<kw name="Sleep" library="BuiltIn">
<doc>Pauses the test executed for the given time.</doc>
<arguments>
<arg>4s</arg>
</arguments>
<msg timestamp="20201210 22:46:18.412" level="INFO">Slept 4 seconds</msg>
<status status="PASS" starttime="20201210 22:46:14.412" endtime="20201210 22:46:18.412"></status>
</kw>
<kw name="Click Button" library="SeleniumLibrary">
<doc>Clicks the button identified by ``locator``.</doc>
<arguments>
<arg>id=profile</arg>
</arguments>
<msg timestamp="20201210 22:46:18.413" level="INFO">Clicking button 'id=profile'.</msg>
<status status="PASS" starttime="20201210 22:46:18.412" endtime="20201210 22:46:18.478"></status>
</kw>
<status status="PASS" starttime="20201210 22:46:14.412" endtime="20201210 22:46:18.478" critical="yes"></status>
</test>
<test id="s1-t9" name="show profile">
<kw name="Sleep" library="BuiltIn">
<doc>Pauses the test executed for the given time.</doc>
<arguments>
<arg>4s</arg>
</arguments>
<msg timestamp="20201210 22:46:22.482" level="INFO">Slept 4 seconds</msg>
<status status="PASS" starttime="20201210 22:46:18.481" endtime="20201210 22:46:22.482"></status>
</kw>
<kw name="Click Button" library="SeleniumLibrary">
<doc>Clicks the button identified by ``locator``.</doc>
<arguments>
<arg>id=editProfile</arg>
</arguments>
<msg timestamp="20201210 22:46:22.483" level="INFO">Clicking button 'id=editProfile'.</msg>
<status status="PASS" starttime="20201210 22:46:22.483" endtime="20201210 22:46:22.618"></status>
</kw>
<status status="PASS" starttime="20201210 22:46:18.480" endtime="20201210 22:46:22.620" critical="yes"></status>
</test>
<test id="s1-t10" name="delete old data">
<kw name="Clear Text">
<arguments>
<arg>xpath=//input[@id="FirstName"]</arg>
</arguments>
<msg timestamp="20201210 22:46:22.627" level="FAIL">No keyword with name 'Clear Text' found.</msg>
<status status="FAIL" starttime="20201210 22:46:22.627" endtime="20201210 22:46:22.627"></status>
</kw>
<status status="FAIL" starttime="20201210 22:46:22.622" endtime="20201210 22:46:22.628" critical="yes">No keyword with name 'Clear Text' found.</status>
</test>
<test id="s1-t11" name="change Input FirstName">
<kw name="Sleep" library="BuiltIn">
<doc>Pauses the test executed for the given time.</doc>
<arguments>
<arg>2s</arg>
</arguments>
<msg timestamp="20201210 22:46:24.632" level="INFO">Slept 2 seconds</msg>
<status status="PASS" starttime="20201210 22:46:22.630" endtime="20201210 22:46:24.632"></status>
</kw>
<kw name="Input Text" library="SeleniumLibrary">
<doc>Types the given ``text`` into the text field identified by ``locator``.</doc>
<arguments>
<arg>id=FirstName</arg>
<arg>jk</arg>
</arguments>
<msg timestamp="20201210 22:46:24.633" level="INFO">Typing text 'jk' into text field 'id=FirstName'.</msg>
<status status="PASS" starttime="20201210 22:46:24.632" endtime="20201210 22:46:24.810"></status>
</kw>
<status status="PASS" starttime="20201210 22:46:22.630" endtime="20201210 22:46:24.810" critical="yes"></status>
</test>
<test id="s1-t12" name="change Input LastName">
<kw name="Input Text" library="SeleniumLibrary">
<doc>Types the given ``text`` into the text field identified by ``locator``.</doc>
<arguments>
<arg>id=FamilyName</arg>
<arg>jeon</arg>
</arguments>
<msg timestamp="20201210 22:46:24.812" level="INFO">Typing text 'jeon' into text field 'id=FamilyName'.</msg>
<status status="PASS" starttime="20201210 22:46:24.812" endtime="20201210 22:46:24.963"></status>
</kw>
<kw name="Sleep" library="BuiltIn">
<doc>Pauses the test executed for the given time.</doc>
<arguments>
<arg>4s</arg>
</arguments>
<msg timestamp="20201210 22:46:28.965" level="INFO">Slept 4 seconds</msg>
<status status="PASS" starttime="20201210 22:46:24.964" endtime="20201210 22:46:28.965"></status>
</kw>
<status status="PASS" starttime="20201210 22:46:24.811" endtime="20201210 22:46:28.966" critical="yes"></status>
</test>
<test id="s1-t13" name="change Sex">
<kw name="Click Element" library="SeleniumLibrary">
<doc>Click the element identified by ``locator``.</doc>
<arguments>
<arg>//*[@id="sex"]</arg>
</arguments>
<msg timestamp="20201210 22:46:28.968" level="INFO">Clicking element '//*[@id="sex"]'.</msg>
<status status="PASS" starttime="20201210 22:46:28.968" endtime="20201210 22:46:29.032"></status>
</kw>
<kw name="Sleep" library="BuiltIn">
<doc>Pauses the test executed for the given time.</doc>
<arguments>
<arg>2s</arg>
</arguments>
<msg timestamp="20201210 22:46:31.034" level="INFO">Slept 2 seconds</msg>
<status status="PASS" starttime="20201210 22:46:29.033" endtime="20201210 22:46:31.034"></status>
</kw>
<kw name="Click Element" library="SeleniumLibrary">
<doc>Click the element identified by ``locator``.</doc>
<arguments>
<arg>xpath=//*[@id="list-item-324-0"]</arg>
</arguments>
<msg timestamp="20201210 22:46:31.036" level="INFO">Clicking element 'xpath=//*[@id="list-item-324-0"]'.</msg>
<status status="PASS" starttime="20201210 22:46:31.035" endtime="20201210 22:46:31.100"></status>
</kw>
<kw name="Sleep" library="BuiltIn">
<doc>Pauses the test executed for the given time.</doc>
<arguments>
<arg>2s</arg>
</arguments>
<msg timestamp="20201210 22:46:33.102" level="INFO">Slept 2 seconds</msg>
<status status="PASS" starttime="20201210 22:46:31.101" endtime="20201210 22:46:33.102"></status>
</kw>
<status status="PASS" starttime="20201210 22:46:28.967" endtime="20201210 22:46:33.103" critical="yes"></status>
</test>
<test id="s1-t14" name="change Education">
<kw name="Click Element" library="SeleniumLibrary">
<doc>Click the element identified by ``locator``.</doc>
<arguments>
<arg>//*[@id="education"]</arg>
</arguments>
<msg timestamp="20201210 22:46:33.107" level="INFO">Clicking element '//*[@id="education"]'.</msg>
<status status="PASS" starttime="20201210 22:46:33.107" endtime="20201210 22:46:33.180"></status>
</kw>
<kw name="Sleep" library="BuiltIn">
<doc>Pauses the test executed for the given time.</doc>
<arguments>
<arg>2s</arg>
</arguments>
<msg timestamp="20201210 22:46:35.183" level="INFO">Slept 2 seconds</msg>
<status status="PASS" starttime="20201210 22:46:33.181" endtime="20201210 22:46:35.183"></status>
</kw>
<kw name="Click Element" library="SeleniumLibrary">
<doc>Click the element identified by ``locator``.</doc>
<arguments>
<arg>xpath=//*[@id="list-item-330-1"]</arg>
</arguments>
<msg timestamp="20201210 22:46:35.185" level="INFO">Clicking element 'xpath=//*[@id="list-item-330-1"]'.</msg>
<status status="PASS" starttime="20201210 22:46:35.184" endtime="20201210 22:46:35.268"></status>
</kw>
<kw name="Sleep" library="BuiltIn">
<doc>Pauses the test executed for the given time.</doc>
<arguments>
<arg>2s</arg>
</arguments>
<msg timestamp="20201210 22:46:37.270" level="INFO">Slept 2 seconds</msg>
<status status="PASS" starttime="20201210 22:46:35.269" endtime="20201210 22:46:37.270"></status>
</kw>
<status status="PASS" starttime="20201210 22:46:33.106" endtime="20201210 22:46:37.271" critical="yes"></status>
</test>
<test id="s1-t15" name="click Edit Profile">
<kw name="Click Button" library="SeleniumLibrary">
<doc>Clicks the button identified by ``locator``.</doc>
<arguments>
<arg>//*[@id="save"]</arg>
</arguments>
<msg timestamp="20201210 22:46:37.275" level="INFO">Clicking button '//*[@id="save"]'.</msg>
<status status="PASS" starttime="20201210 22:46:37.275" endtime="20201210 22:46:37.368"></status>
</kw>
<status status="PASS" starttime="20201210 22:46:37.274" endtime="20201210 22:46:37.369" critical="yes"></status>
</test>
<status status="FAIL" starttime="20201210 22:45:55.514" endtime="20201210 22:46:37.381"></status>
</suite>
<statistics>
<total>
<stat pass="14" fail="1">Critical Tests</stat>
<stat pass="14" fail="1">All Tests</stat>
</total>
<tag>
</tag>
<suite>
<stat pass="14" fail="1" id="s1" name="editProfile">editProfile</stat>
</suite>
</statistics>
<errors>
<msg timestamp="20201210 22:46:02.092" level="WARN">Multiple test cases with name 'click signin' executed in test suite 'editProfile'.</msg>
<msg timestamp="20201210 22:46:14.411" level="WARN">Multiple test cases with name 'show profile' executed in test suite 'editProfile'.</msg>
<msg timestamp="20201210 22:46:18.480" level="WARN">Multiple test cases with name 'show profile' executed in test suite 'editProfile'.</msg>
</errors>
</robot>
