<?xml version="1.0" encoding="UTF-8"?>
<robot generator="Robot 3.2.2 (Python 3.8.0 on win32)" generated="20201209 17:20:22.279" rpa="false">
<suite id="s1" name="editProfile" source="D:\KMUTT\year3\term1\Robot\studentLogin\homeStd\Account\Account\EditProfile\editProfile.robot">
<test id="s1-t1" name="open">
<kw name="Open Browser" library="SeleniumLibrary">
<doc>Opens a new browser instance to the optional ``url``.</doc>
<arguments>
<arg>${my_url}</arg>
<arg>${browser}</arg>
</arguments>
<msg timestamp="20201209 17:20:22.431" level="INFO">Opening browser 'chrome' to base url 'http://localhost:8080/'.</msg>
<status status="PASS" starttime="20201209 17:20:22.431" endtime="20201209 17:20:26.453"></status>
</kw>
<status status="PASS" starttime="20201209 17:20:22.430" endtime="20201209 17:20:26.453" critical="yes"></status>
</test>
<test id="s1-t2" name="click signin">
<kw name="Sleep" library="BuiltIn">
<doc>Pauses the test executed for the given time.</doc>
<arguments>
<arg>2s</arg>
</arguments>
<msg timestamp="20201209 17:20:28.457" level="INFO">Slept 2 seconds</msg>
<status status="PASS" starttime="20201209 17:20:26.455" endtime="20201209 17:20:28.457"></status>
</kw>
<kw name="Click Button" library="SeleniumLibrary">
<doc>Clicks the button identified by ``locator``.</doc>
<arguments>
<arg>name=signin</arg>
</arguments>
<msg timestamp="20201209 17:20:28.459" level="INFO">Clicking button 'name=signin'.</msg>
<status status="PASS" starttime="20201209 17:20:28.458" endtime="20201209 17:20:28.982"></status>
</kw>
<status status="PASS" starttime="20201209 17:20:26.455" endtime="20201209 17:20:28.984" critical="yes"></status>
</test>
<test id="s1-t3" name="input email">
<kw name="Input Text" library="SeleniumLibrary">
<doc>Types the given ``text`` into the text field identified by ``locator``.</doc>
<arguments>
<arg>name=email</arg>
<arg>testSTD@gmail.com</arg>
</arguments>
<msg timestamp="20201209 17:20:28.990" level="INFO">Typing text 'testSTD@gmail.com' into text field 'name=email'.</msg>
<status status="PASS" starttime="20201209 17:20:28.990" endtime="20201209 17:20:29.196"></status>
</kw>
<status status="PASS" starttime="20201209 17:20:28.988" endtime="20201209 17:20:29.197" critical="yes"></status>
</test>
<test id="s1-t4" name="input password">
<kw name="Input Text" library="SeleniumLibrary">
<doc>Types the given ``text`` into the text field identified by ``locator``.</doc>
<arguments>
<arg>name=password</arg>
<arg>741852</arg>
</arguments>
<msg timestamp="20201209 17:20:29.204" level="INFO">Typing text '741852' into text field 'name=password'.</msg>
<status status="PASS" starttime="20201209 17:20:29.203" endtime="20201209 17:20:29.354"></status>
</kw>
<status status="PASS" starttime="20201209 17:20:29.202" endtime="20201209 17:20:29.354" critical="yes"></status>
</test>
<test id="s1-t5" name="click signin">
<kw name="Click Element" library="SeleniumLibrary">
<doc>Click the element identified by ``locator``.</doc>
<arguments>
<arg>//*[@class="signInBtn"]</arg>
</arguments>
<msg timestamp="20201209 17:20:29.356" level="INFO">Clicking element '//*[@class="signInBtn"]'.</msg>
<status status="PASS" starttime="20201209 17:20:29.356" endtime="20201209 17:20:29.420"></status>
</kw>
<kw name="Sleep" library="BuiltIn">
<doc>Pauses the test executed for the given time.</doc>
<arguments>
<arg>4s</arg>
</arguments>
<msg timestamp="20201209 17:20:33.423" level="INFO">Slept 4 seconds</msg>
<status status="PASS" starttime="20201209 17:20:29.420" endtime="20201209 17:20:33.423"></status>
</kw>
<status status="PASS" starttime="20201209 17:20:29.356" endtime="20201209 17:20:33.423" critical="yes"></status>
</test>
<test id="s1-t6" name="click Account">
<kw name="Sleep" library="BuiltIn">
<doc>Pauses the test executed for the given time.</doc>
<arguments>
<arg>4s</arg>
</arguments>
<msg timestamp="20201209 17:20:37.426" level="INFO">Slept 4 seconds</msg>
<status status="PASS" starttime="20201209 17:20:33.425" endtime="20201209 17:20:37.426"></status>
</kw>
<kw name="Click Element" library="SeleniumLibrary">
<doc>Click the element identified by ``locator``.</doc>
<arguments>
<arg>xpath=//*[@id="account"]</arg>
</arguments>
<msg timestamp="20201209 17:20:37.427" level="INFO">Clicking element 'xpath=//*[@id="account"]'.</msg>
<status status="PASS" starttime="20201209 17:20:37.426" endtime="20201209 17:20:37.482"></status>
</kw>
<status status="PASS" starttime="20201209 17:20:33.424" endtime="20201209 17:20:37.482" critical="yes"></status>
</test>
<test id="s1-t7" name="show profile">
<kw name="Sleep" library="BuiltIn">
<doc>Pauses the test executed for the given time.</doc>
<arguments>
<arg>2s</arg>
</arguments>
<msg timestamp="20201209 17:20:39.486" level="INFO">Slept 2 seconds</msg>
<status status="PASS" starttime="20201209 17:20:37.484" endtime="20201209 17:20:39.486"></status>
</kw>
<kw name="Click Element" library="SeleniumLibrary">
<doc>Click the element identified by ``locator``.</doc>
<arguments>
<arg>xpath=//*[@id="list-item-279"]</arg>
</arguments>
<msg timestamp="20201209 17:20:39.486" level="INFO">Clicking element 'xpath=//*[@id="list-item-279"]'.</msg>
<status status="PASS" starttime="20201209 17:20:39.486" endtime="20201209 17:20:39.549"></status>
</kw>
<status status="PASS" starttime="20201209 17:20:37.484" endtime="20201209 17:20:39.550" critical="yes"></status>
</test>
<test id="s1-t8" name="show profile">
<kw name="Sleep" library="BuiltIn">
<doc>Pauses the test executed for the given time.</doc>
<arguments>
<arg>2s</arg>
</arguments>
<msg timestamp="20201209 17:20:41.554" level="INFO">Slept 2 seconds</msg>
<status status="PASS" starttime="20201209 17:20:39.553" endtime="20201209 17:20:41.554"></status>
</kw>
<kw name="Click Button" library="SeleniumLibrary">
<doc>Clicks the button identified by ``locator``.</doc>
<arguments>
<arg>name=profile</arg>
</arguments>
<msg timestamp="20201209 17:20:41.555" level="INFO">Clicking button 'name=profile'.</msg>
<status status="PASS" starttime="20201209 17:20:41.555" endtime="20201209 17:20:41.643"></status>
</kw>
<status status="PASS" starttime="20201209 17:20:39.552" endtime="20201209 17:20:41.643" critical="yes"></status>
</test>
<test id="s1-t9" name="show profile">
<kw name="Sleep" library="BuiltIn">
<doc>Pauses the test executed for the given time.</doc>
<arguments>
<arg>4s</arg>
</arguments>
<msg timestamp="20201209 17:20:45.646" level="INFO">Slept 4 seconds</msg>
<status status="PASS" starttime="20201209 17:20:41.646" endtime="20201209 17:20:45.646"></status>
</kw>
<kw name="Click Button" library="SeleniumLibrary">
<doc>Clicks the button identified by ``locator``.</doc>
<arguments>
<arg>name=editProfile</arg>
</arguments>
<msg timestamp="20201209 17:20:45.646" level="INFO">Clicking button 'name=editProfile'.</msg>
<status status="PASS" starttime="20201209 17:20:45.646" endtime="20201209 17:20:45.760"></status>
</kw>
<status status="PASS" starttime="20201209 17:20:41.645" endtime="20201209 17:20:45.761" critical="yes"></status>
</test>
<test id="s1-t10" name="change Input FirstName">
<kw name="Input Text" library="SeleniumLibrary">
<doc>Types the given ``text`` into the text field identified by ``locator``.</doc>
<arguments>
<arg>input-307</arg>
<arg>jk</arg>
</arguments>
<msg timestamp="20201209 17:20:45.764" level="INFO">Typing text 'jk' into text field 'input-307'.</msg>
<status status="PASS" starttime="20201209 17:20:45.764" endtime="20201209 17:20:45.918"></status>
</kw>
<status status="PASS" starttime="20201209 17:20:45.763" endtime="20201209 17:20:45.919" critical="yes"></status>
</test>
<test id="s1-t11" name="change Input LastName">
<kw name="Input Text" library="SeleniumLibrary">
<doc>Types the given ``text`` into the text field identified by ``locator``.</doc>
<arguments>
<arg>input-310</arg>
<arg>jeon</arg>
</arguments>
<msg timestamp="20201209 17:20:45.929" level="INFO">Typing text 'jeon' into text field 'input-310'.</msg>
<status status="PASS" starttime="20201209 17:20:45.929" endtime="20201209 17:20:46.132"></status>
</kw>
<kw name="Sleep" library="BuiltIn">
<doc>Pauses the test executed for the given time.</doc>
<arguments>
<arg>4s</arg>
</arguments>
<msg timestamp="20201209 17:20:50.133" level="INFO">Slept 4 seconds</msg>
<status status="PASS" starttime="20201209 17:20:46.133" endtime="20201209 17:20:50.133"></status>
</kw>
<status status="PASS" starttime="20201209 17:20:45.920" endtime="20201209 17:20:50.134" critical="yes"></status>
</test>
<test id="s1-t12" name="change Sex">
<kw name="Click Element" library="SeleniumLibrary">
<doc>Click the element identified by ``locator``.</doc>
<arguments>
<arg>//*[@id="sex"]</arg>
</arguments>
<msg timestamp="20201209 17:20:50.136" level="INFO">Clicking element '//*[@id="sex"]'.</msg>
<status status="PASS" starttime="20201209 17:20:50.136" endtime="20201209 17:20:50.194"></status>
</kw>
<kw name="Sleep" library="BuiltIn">
<doc>Pauses the test executed for the given time.</doc>
<arguments>
<arg>2s</arg>
</arguments>
<msg timestamp="20201209 17:20:52.194" level="INFO">Slept 2 seconds</msg>
<status status="PASS" starttime="20201209 17:20:50.194" endtime="20201209 17:20:52.194"></status>
</kw>
<kw name="Click Element" library="SeleniumLibrary">
<doc>Click the element identified by ``locator``.</doc>
<arguments>
<arg>xpath=//*[@id="list-item-333-0"]</arg>
</arguments>
<msg timestamp="20201209 17:20:52.195" level="INFO">Clicking element 'xpath=//*[@id="list-item-333-0"]'.</msg>
<status status="PASS" starttime="20201209 17:20:52.195" endtime="20201209 17:20:52.249"></status>
</kw>
<kw name="Sleep" library="BuiltIn">
<doc>Pauses the test executed for the given time.</doc>
<arguments>
<arg>2s</arg>
</arguments>
<msg timestamp="20201209 17:20:54.250" level="INFO">Slept 2 seconds</msg>
<status status="PASS" starttime="20201209 17:20:52.249" endtime="20201209 17:20:54.250"></status>
</kw>
<status status="PASS" starttime="20201209 17:20:50.135" endtime="20201209 17:20:54.251" critical="yes"></status>
</test>
<test id="s1-t13" name="change Education">
<kw name="Click Element" library="SeleniumLibrary">
<doc>Click the element identified by ``locator``.</doc>
<arguments>
<arg>//*[@id="education"]</arg>
</arguments>
<msg timestamp="20201209 17:20:54.255" level="INFO">Clicking element '//*[@id="education"]'.</msg>
<status status="PASS" starttime="20201209 17:20:54.255" endtime="20201209 17:20:54.323"></status>
</kw>
<kw name="Sleep" library="BuiltIn">
<doc>Pauses the test executed for the given time.</doc>
<arguments>
<arg>2s</arg>
</arguments>
<msg timestamp="20201209 17:20:56.325" level="INFO">Slept 2 seconds</msg>
<status status="PASS" starttime="20201209 17:20:54.323" endtime="20201209 17:20:56.325"></status>
</kw>
<kw name="Click Element" library="SeleniumLibrary">
<doc>Click the element identified by ``locator``.</doc>
<arguments>
<arg>xpath=//*[@id="list-item-339-2"]</arg>
</arguments>
<msg timestamp="20201209 17:20:56.326" level="INFO">Clicking element 'xpath=//*[@id="list-item-339-2"]'.</msg>
<status status="PASS" starttime="20201209 17:20:56.326" endtime="20201209 17:20:56.416"></status>
</kw>
<kw name="Sleep" library="BuiltIn">
<doc>Pauses the test executed for the given time.</doc>
<arguments>
<arg>2s</arg>
</arguments>
<msg timestamp="20201209 17:20:58.419" level="INFO">Slept 2 seconds</msg>
<status status="PASS" starttime="20201209 17:20:56.417" endtime="20201209 17:20:58.419"></status>
</kw>
<status status="PASS" starttime="20201209 17:20:54.254" endtime="20201209 17:20:58.420" critical="yes"></status>
</test>
<test id="s1-t14" name="click Edit Profile">
<kw name="Click Button" library="SeleniumLibrary">
<doc>Clicks the button identified by ``locator``.</doc>
<arguments>
<arg>//*[@id="save"]</arg>
</arguments>
<msg timestamp="20201209 17:20:58.425" level="INFO">Clicking button '//*[@id="save"]'.</msg>
<status status="PASS" starttime="20201209 17:20:58.424" endtime="20201209 17:20:58.514"></status>
</kw>
<status status="PASS" starttime="20201209 17:20:58.423" endtime="20201209 17:20:58.516" critical="yes"></status>
</test>
<status status="PASS" starttime="20201209 17:20:22.280" endtime="20201209 17:20:58.521"></status>
</suite>
<statistics>
<total>
<stat pass="14" fail="0">Critical Tests</stat>
<stat pass="14" fail="0">All Tests</stat>
</total>
<tag>
</tag>
<suite>
<stat pass="14" fail="0" id="s1" name="editProfile">editProfile</stat>
</suite>
</statistics>
<errors>
<msg timestamp="20201209 17:20:29.355" level="WARN">Multiple test cases with name 'click signin' executed in test suite 'editProfile'.</msg>
<msg timestamp="20201209 17:20:39.552" level="WARN">Multiple test cases with name 'show profile' executed in test suite 'editProfile'.</msg>
<msg timestamp="20201209 17:20:41.645" level="WARN">Multiple test cases with name 'show profile' executed in test suite 'editProfile'.</msg>
</errors>
</robot>
