<?xml version="1.0" encoding="UTF-8"?>
<robot generator="Robot 3.2.2 (Python 3.8.0 on win32)" generated="20201211 15:57:53.824" rpa="false">
<suite id="s1" name="logClickPopularCourse" source="D:\KMUTT\year3\term1\Robot\studentLogin\homeStd\logClickPopularCourse.robot">
<test id="s1-t1" name="open">
<kw name="Open Browser" library="SeleniumLibrary">
<doc>Opens a new browser instance to the optional ``url``.</doc>
<arguments>
<arg>${my_url}</arg>
<arg>${browser}</arg>
</arguments>
<msg timestamp="20201211 15:57:53.976" level="INFO">Opening browser 'chrome' to base url 'http://localhost:8080/'.</msg>
<status status="PASS" starttime="20201211 15:57:53.975" endtime="20201211 15:57:58.870"></status>
</kw>
<status status="PASS" starttime="20201211 15:57:53.975" endtime="20201211 15:57:58.871" critical="yes"></status>
</test>
<test id="s1-t2" name="click signin">
<kw name="Sleep" library="BuiltIn">
<doc>Pauses the test executed for the given time.</doc>
<arguments>
<arg>2s</arg>
</arguments>
<msg timestamp="20201211 15:58:00.875" level="INFO">Slept 2 seconds</msg>
<status status="PASS" starttime="20201211 15:57:58.874" endtime="20201211 15:58:00.875"></status>
</kw>
<kw name="Click Button" library="SeleniumLibrary">
<doc>Clicks the button identified by ``locator``.</doc>
<arguments>
<arg>id=signin</arg>
</arguments>
<msg timestamp="20201211 15:58:00.876" level="INFO">Clicking button 'id=signin'.</msg>
<status status="PASS" starttime="20201211 15:58:00.875" endtime="20201211 15:58:00.985"></status>
</kw>
<status status="PASS" starttime="20201211 15:57:58.873" endtime="20201211 15:58:00.986" critical="yes"></status>
</test>
<test id="s1-t3" name="input email">
<kw name="Input Text" library="SeleniumLibrary">
<doc>Types the given ``text`` into the text field identified by ``locator``.</doc>
<arguments>
<arg>id=email</arg>
<arg>testSTD@gmail.com</arg>
</arguments>
<msg timestamp="20201211 15:58:00.988" level="INFO">Typing text 'testSTD@gmail.com' into text field 'id=email'.</msg>
<status status="PASS" starttime="20201211 15:58:00.987" endtime="20201211 15:58:01.234"></status>
</kw>
<status status="PASS" starttime="20201211 15:58:00.987" endtime="20201211 15:58:01.235" critical="yes"></status>
</test>
<test id="s1-t4" name="input password">
<kw name="Input Text" library="SeleniumLibrary">
<doc>Types the given ``text`` into the text field identified by ``locator``.</doc>
<arguments>
<arg>id=password</arg>
<arg>741852</arg>
</arguments>
<msg timestamp="20201211 15:58:01.237" level="INFO">Typing text '741852' into text field 'id=password'.</msg>
<status status="PASS" starttime="20201211 15:58:01.237" endtime="20201211 15:58:01.394"></status>
</kw>
<status status="PASS" starttime="20201211 15:58:01.236" endtime="20201211 15:58:01.395" critical="yes"></status>
</test>
<test id="s1-t5" name="click signin">
<kw name="Click Element" library="SeleniumLibrary">
<doc>Click the element identified by ``locator``.</doc>
<arguments>
<arg>//*[@class="signInBtn"]</arg>
</arguments>
<msg timestamp="20201211 15:58:01.397" level="INFO">Clicking element '//*[@class="signInBtn"]'.</msg>
<status status="PASS" starttime="20201211 15:58:01.397" endtime="20201211 15:58:01.458"></status>
</kw>
<kw name="Sleep" library="BuiltIn">
<doc>Pauses the test executed for the given time.</doc>
<arguments>
<arg>4s</arg>
</arguments>
<msg timestamp="20201211 15:58:05.460" level="INFO">Slept 4 seconds</msg>
<status status="PASS" starttime="20201211 15:58:01.459" endtime="20201211 15:58:05.460"></status>
</kw>
<status status="PASS" starttime="20201211 15:58:01.396" endtime="20201211 15:58:05.461" critical="yes"></status>
</test>
<test id="s1-t6" name="click popular couse">
<kw name="Click Element" library="SeleniumLibrary">
<doc>Click the element identified by ``locator``.</doc>
<arguments>
<arg>//*[@id="Popular"]</arg>
</arguments>
<msg timestamp="20201211 15:58:05.474" level="INFO">Clicking element '//*[@id="Popular"]'.</msg>
<status status="PASS" starttime="20201211 15:58:05.473" endtime="20201211 15:58:05.868"></status>
</kw>
<status status="PASS" starttime="20201211 15:58:05.464" endtime="20201211 15:58:05.870" critical="yes"></status>
</test>
<status status="PASS" starttime="20201211 15:57:53.826" endtime="20201211 15:58:05.894"></status>
</suite>
<statistics>
<total>
<stat pass="6" fail="0">Critical Tests</stat>
<stat pass="6" fail="0">All Tests</stat>
</total>
<tag>
</tag>
<suite>
<stat pass="6" fail="0" id="s1" name="logClickPopularCourse">logClickPopularCourse</stat>
</suite>
</statistics>
<errors>
<msg timestamp="20201211 15:58:01.396" level="WARN">Multiple test cases with name 'click signin' executed in test suite 'logClickPopularCourse'.</msg>
</errors>
</robot>
