<?xml version="1.0" encoding="UTF-8"?>
<robot generator="Robot 3.2.2 (Python 3.8.0 on win32)" generated="20201207 16:36:27.544" rpa="false">
<suite id="s1" name="Clickcourse" source="C:\Users\new\Desktop\teststyl\notLogin\homeNotLogin\clickcourse.robot">
<test id="s1-t1" name="open">
<kw name="Open Browser" library="SeleniumLibrary">
<doc>Opens a new browser instance to the optional ``url``.</doc>
<arguments>
<arg>${my_url}</arg>
<arg>${browser}</arg>
</arguments>
<msg timestamp="20201207 16:36:27.760" level="INFO">Opening browser 'chrome' to base url 'http://localhost:8080/home'.</msg>
<status status="PASS" starttime="20201207 16:36:27.759" endtime="20201207 16:36:32.699"></status>
</kw>
<status status="PASS" starttime="20201207 16:36:27.759" endtime="20201207 16:36:32.701" critical="yes"></status>
</test>
<test id="s1-t2" name="click course">
<kw name="Click Element" library="SeleniumLibrary">
<doc>Click the element identified by ``locator``.</doc>
<arguments>
<arg>//*[@name="Cal1"]</arg>
</arguments>
<msg timestamp="20201207 16:36:32.708" level="INFO">Clicking element '//*[@name="Cal1"]'.</msg>
<status status="PASS" starttime="20201207 16:36:32.708" endtime="20201207 16:36:32.858"></status>
</kw>
<status status="PASS" starttime="20201207 16:36:32.707" endtime="20201207 16:36:32.859" critical="yes"></status>
</test>
<status status="PASS" starttime="20201207 16:36:27.546" endtime="20201207 16:36:32.906"></status>
</suite>
<statistics>
<total>
<stat pass="2" fail="0">Critical Tests</stat>
<stat pass="2" fail="0">All Tests</stat>
</total>
<tag>
</tag>
<suite>
<stat pass="2" fail="0" id="s1" name="Clickcourse">Clickcourse</stat>
</suite>
</statistics>
<errors>
</errors>
</robot>
