<?xml version="1.0" encoding="UTF-8"?>
<robot generator="Robot 3.2.2 (Python 3.8.0 on win32)" generated="20201205 17:50:23.622" rpa="false">
<suite id="s1" name="Logout" source="D:\KMUTT\year3\term1\Robot\studentLogin\homeStd\Account\logout.robot">
<test id="s1-t1" name="open">
<kw name="Open Browser" library="SeleniumLibrary">
<doc>Opens a new browser instance to the optional ``url``.</doc>
<arguments>
<arg>${my_url}</arg>
<arg>${browser}</arg>
</arguments>
<msg timestamp="20201205 17:50:23.825" level="INFO">Opening browser 'chrome' to base url 'http://localhost:8080/'.</msg>
<status status="PASS" starttime="20201205 17:50:23.824" endtime="20201205 17:50:28.292"></status>
</kw>
<status status="PASS" starttime="20201205 17:50:23.824" endtime="20201205 17:50:28.293" critical="yes"></status>
</test>
<test id="s1-t2" name="click signin">
<kw name="Click Button" library="SeleniumLibrary">
<doc>Clicks the button identified by ``locator``.</doc>
<arguments>
<arg>name=signin</arg>
</arguments>
<msg timestamp="20201205 17:50:28.295" level="INFO">Clicking button 'name=signin'.</msg>
<status status="PASS" starttime="20201205 17:50:28.294" endtime="20201205 17:50:28.381"></status>
</kw>
<status status="PASS" starttime="20201205 17:50:28.294" endtime="20201205 17:50:28.382" critical="yes"></status>
</test>
<test id="s1-t3" name="input email">
<kw name="Input Text" library="SeleniumLibrary">
<doc>Types the given ``text`` into the text field identified by ``locator``.</doc>
<arguments>
<arg>name=email</arg>
<arg>aaa@gmail.com</arg>
</arguments>
<msg timestamp="20201205 17:50:28.384" level="INFO">Typing text 'aaa@gmail.com' into text field 'name=email'.</msg>
<status status="PASS" starttime="20201205 17:50:28.384" endtime="20201205 17:50:28.591"></status>
</kw>
<status status="PASS" starttime="20201205 17:50:28.383" endtime="20201205 17:50:28.592" critical="yes"></status>
</test>
<test id="s1-t4" name="input password">
<kw name="Input Text" library="SeleniumLibrary">
<doc>Types the given ``text`` into the text field identified by ``locator``.</doc>
<arguments>
<arg>name=password</arg>
<arg>123456</arg>
</arguments>
<msg timestamp="20201205 17:50:28.596" level="INFO">Typing text '123456' into text field 'name=password'.</msg>
<status status="PASS" starttime="20201205 17:50:28.595" endtime="20201205 17:50:28.735"></status>
</kw>
<status status="PASS" starttime="20201205 17:50:28.594" endtime="20201205 17:50:28.736" critical="yes"></status>
</test>
<test id="s1-t5" name="click signin">
<kw name="Click Element" library="SeleniumLibrary">
<doc>Click the element identified by ``locator``.</doc>
<arguments>
<arg>//*[@class="signInBtn"]</arg>
</arguments>
<msg timestamp="20201205 17:50:28.738" level="INFO">Clicking element '//*[@class="signInBtn"]'.</msg>
<status status="PASS" starttime="20201205 17:50:28.738" endtime="20201205 17:50:28.797"></status>
</kw>
<kw name="Sleep" library="BuiltIn">
<doc>Pauses the test executed for the given time.</doc>
<arguments>
<arg>4s</arg>
</arguments>
<msg timestamp="20201205 17:50:32.799" level="INFO">Slept 4 seconds</msg>
<status status="PASS" starttime="20201205 17:50:28.798" endtime="20201205 17:50:32.799"></status>
</kw>
<status status="PASS" starttime="20201205 17:50:28.738" endtime="20201205 17:50:32.799" critical="yes"></status>
</test>
<test id="s1-t6" name="click Account">
<kw name="Sleep" library="BuiltIn">
<doc>Pauses the test executed for the given time.</doc>
<arguments>
<arg>4s</arg>
</arguments>
<msg timestamp="20201205 17:50:36.802" level="INFO">Slept 4 seconds</msg>
<status status="PASS" starttime="20201205 17:50:32.801" endtime="20201205 17:50:36.802"></status>
</kw>
<kw name="Click Button" library="SeleniumLibrary">
<doc>Clicks the button identified by ``locator``.</doc>
<arguments>
<arg>name=human</arg>
</arguments>
<msg timestamp="20201205 17:50:36.803" level="INFO">Clicking button 'name=human'.</msg>
<status status="PASS" starttime="20201205 17:50:36.802" endtime="20201205 17:50:36.877"></status>
</kw>
<status status="PASS" starttime="20201205 17:50:32.800" endtime="20201205 17:50:36.877" critical="yes"></status>
</test>
<test id="s1-t7" name="show profile">
<kw name="Sleep" library="BuiltIn">
<doc>Pauses the test executed for the given time.</doc>
<arguments>
<arg>2s</arg>
</arguments>
<msg timestamp="20201205 17:50:38.880" level="INFO">Slept 2 seconds</msg>
<status status="PASS" starttime="20201205 17:50:36.879" endtime="20201205 17:50:38.880"></status>
</kw>
<kw name="Click Element" library="SeleniumLibrary">
<doc>Click the element identified by ``locator``.</doc>
<arguments>
<arg>xpath=//*[@id="list-item-264"]</arg>
</arguments>
<msg timestamp="20201205 17:50:38.881" level="INFO">Clicking element 'xpath=//*[@id="list-item-264"]'.</msg>
<status status="PASS" starttime="20201205 17:50:38.881" endtime="20201205 17:50:38.953"></status>
</kw>
<status status="PASS" starttime="20201205 17:50:36.879" endtime="20201205 17:50:38.953" critical="yes"></status>
</test>
<status status="PASS" starttime="20201205 17:50:23.623" endtime="20201205 17:50:38.955"></status>
</suite>
<statistics>
<total>
<stat pass="7" fail="0">Critical Tests</stat>
<stat pass="7" fail="0">All Tests</stat>
</total>
<tag>
</tag>
<suite>
<stat pass="7" fail="0" id="s1" name="Logout">Logout</stat>
</suite>
</statistics>
<errors>
<msg timestamp="20201205 17:50:28.737" level="WARN">Multiple test cases with name 'click signin' executed in test suite 'Logout'.</msg>
</errors>
</robot>
