<?xml version="1.0" encoding="UTF-8"?>
<robot generator="Robot 3.2.2 (Python 3.8.0 on win32)" generated="20201207 16:55:08.278" rpa="false">
<suite id="s1" name="confirmORDER" source="C:\Users\new\Desktop\teststyl\studentLogin\homeStd\Shopping\confirm\confirmORDER.robot">
<test id="s1-t1" name="open">
<kw name="Open Browser" library="SeleniumLibrary">
<doc>Opens a new browser instance to the optional ``url``.</doc>
<arguments>
<arg>${my_url}</arg>
<arg>${browser}</arg>
</arguments>
<msg timestamp="20201207 16:55:08.494" level="INFO">Opening browser 'chrome' to base url 'http://localhost:8080/'.</msg>
<status status="PASS" starttime="20201207 16:55:08.493" endtime="20201207 16:55:13.075"></status>
</kw>
<status status="PASS" starttime="20201207 16:55:08.493" endtime="20201207 16:55:13.076" critical="yes"></status>
</test>
<test id="s1-t2" name="click signin">
<kw name="Click Button" library="SeleniumLibrary">
<doc>Clicks the button identified by ``locator``.</doc>
<arguments>
<arg>name=signin</arg>
</arguments>
<msg timestamp="20201207 16:55:13.082" level="INFO">Clicking button 'name=signin'.</msg>
<status status="PASS" starttime="20201207 16:55:13.082" endtime="20201207 16:55:13.201"></status>
</kw>
<status status="PASS" starttime="20201207 16:55:13.081" endtime="20201207 16:55:13.202" critical="yes"></status>
</test>
<test id="s1-t3" name="input email">
<kw name="Input Text" library="SeleniumLibrary">
<doc>Types the given ``text`` into the text field identified by ``locator``.</doc>
<arguments>
<arg>name=email</arg>
<arg>aaa@gmail.com</arg>
</arguments>
<msg timestamp="20201207 16:55:13.218" level="INFO">Typing text 'aaa@gmail.com' into text field 'name=email'.</msg>
<status status="PASS" starttime="20201207 16:55:13.218" endtime="20201207 16:55:13.445"></status>
</kw>
<status status="PASS" starttime="20201207 16:55:13.217" endtime="20201207 16:55:13.446" critical="yes"></status>
</test>
<test id="s1-t4" name="input password">
<kw name="Input Text" library="SeleniumLibrary">
<doc>Types the given ``text`` into the text field identified by ``locator``.</doc>
<arguments>
<arg>name=password</arg>
<arg>123456</arg>
</arguments>
<msg timestamp="20201207 16:55:13.454" level="INFO">Typing text '123456' into text field 'name=password'.</msg>
<status status="PASS" starttime="20201207 16:55:13.454" endtime="20201207 16:55:13.609"></status>
</kw>
<status status="PASS" starttime="20201207 16:55:13.453" endtime="20201207 16:55:13.609" critical="yes"></status>
</test>
<test id="s1-t5" name="click signin">
<kw name="Click Element" library="SeleniumLibrary">
<doc>Click the element identified by ``locator``.</doc>
<arguments>
<arg>//*[@class="signInBtn"]</arg>
</arguments>
<msg timestamp="20201207 16:55:13.615" level="INFO">Clicking element '//*[@class="signInBtn"]'.</msg>
<status status="PASS" starttime="20201207 16:55:13.615" endtime="20201207 16:55:13.682"></status>
</kw>
<kw name="Sleep" library="BuiltIn">
<doc>Pauses the test executed for the given time.</doc>
<arguments>
<arg>4s</arg>
</arguments>
<msg timestamp="20201207 16:55:17.692" level="INFO">Slept 4 seconds</msg>
<status status="PASS" starttime="20201207 16:55:13.683" endtime="20201207 16:55:17.692"></status>
</kw>
<status status="PASS" starttime="20201207 16:55:13.614" endtime="20201207 16:55:17.693" critical="yes"></status>
</test>
<test id="s1-t6" name="click course">
<kw name="Click Element" library="SeleniumLibrary">
<doc>Click the element identified by ``locator``.</doc>
<arguments>
<arg>//*[@name="Cal1"]</arg>
</arguments>
<msg timestamp="20201207 16:55:17.698" level="INFO">Clicking element '//*[@name="Cal1"]'.</msg>
<status status="PASS" starttime="20201207 16:55:17.697" endtime="20201207 16:55:17.771"></status>
</kw>
<kw name="Sleep" library="BuiltIn">
<doc>Pauses the test executed for the given time.</doc>
<arguments>
<arg>4s</arg>
</arguments>
<msg timestamp="20201207 16:55:21.787" level="INFO">Slept 4 seconds</msg>
<status status="PASS" starttime="20201207 16:55:17.772" endtime="20201207 16:55:21.787"></status>
</kw>
<status status="PASS" starttime="20201207 16:55:17.697" endtime="20201207 16:55:21.789" critical="yes"></status>
</test>
<test id="s1-t7" name="click buy">
<kw name="Click Element" library="SeleniumLibrary">
<doc>Click the element identified by ``locator``.</doc>
<arguments>
<arg>//*[@class="buttonContainer col"]</arg>
</arguments>
<msg timestamp="20201207 16:55:21.804" level="INFO">Clicking element '//*[@class="buttonContainer col"]'.</msg>
<status status="PASS" starttime="20201207 16:55:21.804" endtime="20201207 16:55:21.873"></status>
</kw>
<kw name="Sleep" library="BuiltIn">
<doc>Pauses the test executed for the given time.</doc>
<arguments>
<arg>4s</arg>
</arguments>
<msg timestamp="20201207 16:55:25.883" level="INFO">Slept 4 seconds</msg>
<status status="PASS" starttime="20201207 16:55:21.874" endtime="20201207 16:55:25.884"></status>
</kw>
<status status="PASS" starttime="20201207 16:55:21.801" endtime="20201207 16:55:25.886" critical="yes"></status>
</test>
<test id="s1-t8" name="click shoping">
<kw name="Click Element" library="SeleniumLibrary">
<doc>Click the element identified by ``locator``.</doc>
<arguments>
<arg>//*[@class="v-image v-responsive iconBar theme--light"]</arg>
</arguments>
<msg timestamp="20201207 16:55:25.902" level="INFO">Clicking element '//*[@class="v-image v-responsive iconBar theme--light"]'.</msg>
<status status="PASS" starttime="20201207 16:55:25.901" endtime="20201207 16:55:25.975"></status>
</kw>
<status status="PASS" starttime="20201207 16:55:25.900" endtime="20201207 16:55:25.976" critical="yes"></status>
</test>
<test id="s1-t9" name="click comfirm">
<kw name="Click Element" library="SeleniumLibrary">
<doc>Click the element identified by ``locator``.</doc>
<arguments>
<arg>//*[@class="bottonCom"]</arg>
</arguments>
<msg timestamp="20201207 16:55:25.979" level="INFO">Clicking element '//*[@class="bottonCom"]'.</msg>
<status status="PASS" starttime="20201207 16:55:25.979" endtime="20201207 16:55:26.032"></status>
</kw>
<kw name="Sleep" library="BuiltIn">
<doc>Pauses the test executed for the given time.</doc>
<arguments>
<arg>4s</arg>
</arguments>
<msg timestamp="20201207 16:55:30.044" level="INFO">Slept 4 seconds</msg>
<status status="PASS" starttime="20201207 16:55:26.033" endtime="20201207 16:55:30.044"></status>
</kw>
<status status="PASS" starttime="20201207 16:55:25.978" endtime="20201207 16:55:30.046" critical="yes"></status>
</test>
<status status="PASS" starttime="20201207 16:55:08.280" endtime="20201207 16:55:30.052"></status>
</suite>
<statistics>
<total>
<stat pass="9" fail="0">Critical Tests</stat>
<stat pass="9" fail="0">All Tests</stat>
</total>
<tag>
</tag>
<suite>
<stat pass="9" fail="0" id="s1" name="confirmORDER">confirmORDER</stat>
</suite>
</statistics>
<errors>
<msg timestamp="20201207 16:55:13.611" level="WARN">Multiple test cases with name 'click signin' executed in test suite 'confirmORDER'.</msg>
</errors>
</robot>
