<?xml version="1.0" encoding="UTF-8"?>
<robot generator="Robot 3.2.2 (Python 3.8.0 on win32)" generated="20201211 09:59:51.379" rpa="false">
<suite id="s1" name="Profile" source="D:\KMUTT\year3\term1\Robot\studentLogin\homeStd\Account\Account\Profile.robot">
<test id="s1-t1" name="open">
<kw name="Open Browser" library="SeleniumLibrary">
<doc>Opens a new browser instance to the optional ``url``.</doc>
<arguments>
<arg>${my_url}</arg>
<arg>${browser}</arg>
</arguments>
<msg timestamp="20201211 09:59:51.531" level="INFO">Opening browser 'chrome' to base url 'http://localhost:8080/'.</msg>
<status status="PASS" starttime="20201211 09:59:51.530" endtime="20201211 09:59:55.869"></status>
</kw>
<status status="PASS" starttime="20201211 09:59:51.530" endtime="20201211 09:59:55.872" critical="yes"></status>
</test>
<test id="s1-t2" name="click signin">
<kw name="Sleep" library="BuiltIn">
<doc>Pauses the test executed for the given time.</doc>
<arguments>
<arg>2s</arg>
</arguments>
<msg timestamp="20201211 09:59:57.877" level="INFO">Slept 2 seconds</msg>
<status status="PASS" starttime="20201211 09:59:55.876" endtime="20201211 09:59:57.877"></status>
</kw>
<kw name="Click Button" library="SeleniumLibrary">
<doc>Clicks the button identified by ``locator``.</doc>
<arguments>
<arg>id=signin</arg>
</arguments>
<msg timestamp="20201211 09:59:57.878" level="INFO">Clicking button 'id=signin'.</msg>
<status status="PASS" starttime="20201211 09:59:57.877" endtime="20201211 09:59:58.594"></status>
</kw>
<status status="PASS" starttime="20201211 09:59:55.876" endtime="20201211 09:59:58.595" critical="yes"></status>
</test>
<test id="s1-t3" name="input email">
<kw name="Input Text" library="SeleniumLibrary">
<doc>Types the given ``text`` into the text field identified by ``locator``.</doc>
<arguments>
<arg>id=email</arg>
<arg>testSTD@gmail.com</arg>
</arguments>
<msg timestamp="20201211 09:59:58.597" level="INFO">Typing text 'testSTD@gmail.com' into text field 'id=email'.</msg>
<status status="PASS" starttime="20201211 09:59:58.597" endtime="20201211 09:59:58.829"></status>
</kw>
<status status="PASS" starttime="20201211 09:59:58.596" endtime="20201211 09:59:58.829" critical="yes"></status>
</test>
<test id="s1-t4" name="input password">
<kw name="Input Text" library="SeleniumLibrary">
<doc>Types the given ``text`` into the text field identified by ``locator``.</doc>
<arguments>
<arg>id=password</arg>
<arg>741852</arg>
</arguments>
<msg timestamp="20201211 09:59:58.831" level="INFO">Typing text '741852' into text field 'id=password'.</msg>
<status status="PASS" starttime="20201211 09:59:58.831" endtime="20201211 09:59:58.977"></status>
</kw>
<status status="PASS" starttime="20201211 09:59:58.830" endtime="20201211 09:59:58.978" critical="yes"></status>
</test>
<test id="s1-t5" name="click signin">
<kw name="Click Element" library="SeleniumLibrary">
<doc>Click the element identified by ``locator``.</doc>
<arguments>
<arg>//*[@class="signInBtn"]</arg>
</arguments>
<msg timestamp="20201211 09:59:58.980" level="INFO">Clicking element '//*[@class="signInBtn"]'.</msg>
<status status="PASS" starttime="20201211 09:59:58.980" endtime="20201211 09:59:59.036"></status>
</kw>
<kw name="Sleep" library="BuiltIn">
<doc>Pauses the test executed for the given time.</doc>
<arguments>
<arg>4s</arg>
</arguments>
<msg timestamp="20201211 10:00:03.039" level="INFO">Slept 4 seconds</msg>
<status status="PASS" starttime="20201211 09:59:59.037" endtime="20201211 10:00:03.039"></status>
</kw>
<status status="PASS" starttime="20201211 09:59:58.980" endtime="20201211 10:00:03.039" critical="yes"></status>
</test>
<test id="s1-t6" name="click Account">
<kw name="Sleep" library="BuiltIn">
<doc>Pauses the test executed for the given time.</doc>
<arguments>
<arg>4s</arg>
</arguments>
<msg timestamp="20201211 10:00:07.044" level="INFO">Slept 4 seconds</msg>
<status status="PASS" starttime="20201211 10:00:03.041" endtime="20201211 10:00:07.044"></status>
</kw>
<kw name="Click Element" library="SeleniumLibrary">
<doc>Click the element identified by ``locator``.</doc>
<arguments>
<arg>xpath=//*[@id="account"]</arg>
</arguments>
<msg timestamp="20201211 10:00:07.045" level="INFO">Clicking element 'xpath=//*[@id="account"]'.</msg>
<status status="PASS" starttime="20201211 10:00:07.044" endtime="20201211 10:00:07.098"></status>
</kw>
<status status="PASS" starttime="20201211 10:00:03.041" endtime="20201211 10:00:07.098" critical="yes"></status>
</test>
<test id="s1-t7" name="show profile">
<kw name="Sleep" library="BuiltIn">
<doc>Pauses the test executed for the given time.</doc>
<arguments>
<arg>2s</arg>
</arguments>
<msg timestamp="20201211 10:00:09.100" level="INFO">Slept 2 seconds</msg>
<status status="PASS" starttime="20201211 10:00:07.100" endtime="20201211 10:00:09.100"></status>
</kw>
<kw name="Click Element" library="SeleniumLibrary">
<doc>Click the element identified by ``locator``.</doc>
<arguments>
<arg>xpath=//*[@id="list-item-270"]</arg>
</arguments>
<msg timestamp="20201211 10:00:09.101" level="INFO">Clicking element 'xpath=//*[@id="list-item-270"]'.</msg>
<status status="PASS" starttime="20201211 10:00:09.100" endtime="20201211 10:00:09.169"></status>
</kw>
<status status="PASS" starttime="20201211 10:00:07.100" endtime="20201211 10:00:09.169" critical="yes"></status>
</test>
<status status="PASS" starttime="20201211 09:59:51.381" endtime="20201211 10:00:09.171"></status>
</suite>
<statistics>
<total>
<stat pass="7" fail="0">Critical Tests</stat>
<stat pass="7" fail="0">All Tests</stat>
</total>
<tag>
</tag>
<suite>
<stat pass="7" fail="0" id="s1" name="Profile">Profile</stat>
</suite>
</statistics>
<errors>
<msg timestamp="20201211 09:59:58.979" level="WARN">Multiple test cases with name 'click signin' executed in test suite 'Profile'.</msg>
</errors>
</robot>
