<?xml version="1.0" encoding="UTF-8"?>
<robot generator="Robot 3.2.2 (Python 3.8.0 on win32)" generated="20201209 19:26:02.791" rpa="false">
<suite id="s1" name="logClickSubject" source="D:\KMUTT\year3\term1\Robot\studentLogin\homeStd\Subject\logClickSubject.robot">
<test id="s1-t1" name="open">
<kw name="Open Browser" library="SeleniumLibrary">
<doc>Opens a new browser instance to the optional ``url``.</doc>
<arguments>
<arg>${my_url}</arg>
<arg>${browser}</arg>
</arguments>
<msg timestamp="20201209 19:26:02.959" level="INFO">Opening browser 'chrome' to base url 'http://localhost:8080/'.</msg>
<status status="PASS" starttime="20201209 19:26:02.959" endtime="20201209 19:26:06.976"></status>
</kw>
<status status="PASS" starttime="20201209 19:26:02.959" endtime="20201209 19:26:06.978" critical="yes"></status>
</test>
<test id="s1-t2" name="click signin">
<kw name="Sleep" library="BuiltIn">
<doc>Pauses the test executed for the given time.</doc>
<arguments>
<arg>2s</arg>
</arguments>
<msg timestamp="20201209 19:26:08.983" level="INFO">Slept 2 seconds</msg>
<status status="PASS" starttime="20201209 19:26:06.980" endtime="20201209 19:26:08.984"></status>
</kw>
<kw name="Click Button" library="SeleniumLibrary">
<doc>Clicks the button identified by ``locator``.</doc>
<arguments>
<arg>name=signin</arg>
</arguments>
<msg timestamp="20201209 19:26:08.985" level="INFO">Clicking button 'name=signin'.</msg>
<status status="PASS" starttime="20201209 19:26:08.984" endtime="20201209 19:26:09.175"></status>
</kw>
<status status="PASS" starttime="20201209 19:26:06.979" endtime="20201209 19:26:09.177" critical="yes"></status>
</test>
<test id="s1-t3" name="input email">
<kw name="Input Text" library="SeleniumLibrary">
<doc>Types the given ``text`` into the text field identified by ``locator``.</doc>
<arguments>
<arg>name=email</arg>
<arg>testSTD@gmail.com</arg>
</arguments>
<msg timestamp="20201209 19:26:09.182" level="INFO">Typing text 'testSTD@gmail.com' into text field 'name=email'.</msg>
<status status="PASS" starttime="20201209 19:26:09.182" endtime="20201209 19:26:09.442"></status>
</kw>
<status status="PASS" starttime="20201209 19:26:09.181" endtime="20201209 19:26:09.443" critical="yes"></status>
</test>
<test id="s1-t4" name="input password">
<kw name="Input Text" library="SeleniumLibrary">
<doc>Types the given ``text`` into the text field identified by ``locator``.</doc>
<arguments>
<arg>name=password</arg>
<arg>741852</arg>
</arguments>
<msg timestamp="20201209 19:26:09.445" level="INFO">Typing text '741852' into text field 'name=password'.</msg>
<status status="PASS" starttime="20201209 19:26:09.445" endtime="20201209 19:26:09.721"></status>
</kw>
<status status="PASS" starttime="20201209 19:26:09.444" endtime="20201209 19:26:09.721" critical="yes"></status>
</test>
<test id="s1-t5" name="click signin">
<kw name="Click Element" library="SeleniumLibrary">
<doc>Click the element identified by ``locator``.</doc>
<arguments>
<arg>//*[@class="signInBtn"]</arg>
</arguments>
<msg timestamp="20201209 19:26:09.726" level="INFO">Clicking element '//*[@class="signInBtn"]'.</msg>
<status status="PASS" starttime="20201209 19:26:09.724" endtime="20201209 19:26:09.877"></status>
</kw>
<kw name="Sleep" library="BuiltIn">
<doc>Pauses the test executed for the given time.</doc>
<arguments>
<arg>4s</arg>
</arguments>
<msg timestamp="20201209 19:26:13.882" level="INFO">Slept 4 seconds</msg>
<status status="PASS" starttime="20201209 19:26:09.879" endtime="20201209 19:26:13.883"></status>
</kw>
<status status="PASS" starttime="20201209 19:26:09.723" endtime="20201209 19:26:13.883" critical="yes"></status>
</test>
<test id="s1-t6" name="click subject">
<kw name="Click Element" library="SeleniumLibrary">
<doc>Click the element identified by ``locator``.</doc>
<arguments>
<arg>//*[@class="ma-10 subjectCard v-card v-card--link v-sheet theme--light elevation-12"]</arg>
</arguments>
<msg timestamp="20201209 19:26:13.887" level="INFO">Clicking element '//*[@class="ma-10 subjectCard v-card v-card--link v-sheet theme--light elevation-12"]'.</msg>
<status status="PASS" starttime="20201209 19:26:13.885" endtime="20201209 19:26:14.022"></status>
</kw>
<status status="PASS" starttime="20201209 19:26:13.885" endtime="20201209 19:26:14.023" critical="yes"></status>
</test>
<status status="PASS" starttime="20201209 19:26:02.792" endtime="20201209 19:26:14.024"></status>
</suite>
<statistics>
<total>
<stat pass="6" fail="0">Critical Tests</stat>
<stat pass="6" fail="0">All Tests</stat>
</total>
<tag>
</tag>
<suite>
<stat pass="6" fail="0" id="s1" name="logClickSubject">logClickSubject</stat>
</suite>
</statistics>
<errors>
<msg timestamp="20201209 19:26:09.722" level="WARN">Multiple test cases with name 'click signin' executed in test suite 'logClickSubject'.</msg>
</errors>
</robot>
