<?xml version="1.0" encoding="UTF-8"?>
<robot generator="Robot 3.2.2 (Python 3.8.0 on win32)" generated="20201211 11:14:47.260" rpa="false">
<suite id="s1" name="logClickSubject" source="D:\KMUTT\year3\term1\Robot\studentLogin\homeStd\Subject\logClickSubject.robot">
<test id="s1-t1" name="open">
<kw name="Open Browser" library="SeleniumLibrary">
<doc>Opens a new browser instance to the optional ``url``.</doc>
<arguments>
<arg>${my_url}</arg>
<arg>${browser}</arg>
</arguments>
<msg timestamp="20201211 11:14:47.413" level="INFO">Opening browser 'chrome' to base url 'http://localhost:8080/'.</msg>
<status status="PASS" starttime="20201211 11:14:47.413" endtime="20201211 11:14:53.613"></status>
</kw>
<status status="PASS" starttime="20201211 11:14:47.412" endtime="20201211 11:14:53.613" critical="yes"></status>
</test>
<test id="s1-t2" name="click signin">
<kw name="Sleep" library="BuiltIn">
<doc>Pauses the test executed for the given time.</doc>
<arguments>
<arg>4s</arg>
</arguments>
<msg timestamp="20201211 11:14:57.617" level="INFO">Slept 4 seconds</msg>
<status status="PASS" starttime="20201211 11:14:53.616" endtime="20201211 11:14:57.617"></status>
</kw>
<kw name="Click Button" library="SeleniumLibrary">
<doc>Clicks the button identified by ``locator``.</doc>
<arguments>
<arg>id=signin</arg>
</arguments>
<msg timestamp="20201211 11:14:57.618" level="INFO">Clicking button 'id=signin'.</msg>
<status status="PASS" starttime="20201211 11:14:57.618" endtime="20201211 11:14:57.718"></status>
</kw>
<status status="PASS" starttime="20201211 11:14:53.615" endtime="20201211 11:14:57.719" critical="yes"></status>
</test>
<test id="s1-t3" name="input email">
<kw name="Input Text" library="SeleniumLibrary">
<doc>Types the given ``text`` into the text field identified by ``locator``.</doc>
<arguments>
<arg>id=email</arg>
<arg>testSTD@gmail.com</arg>
</arguments>
<msg timestamp="20201211 11:14:57.722" level="INFO">Typing text 'testSTD@gmail.com' into text field 'id=email'.</msg>
<status status="PASS" starttime="20201211 11:14:57.721" endtime="20201211 11:14:57.966"></status>
</kw>
<status status="PASS" starttime="20201211 11:14:57.721" endtime="20201211 11:14:57.966" critical="yes"></status>
</test>
<test id="s1-t4" name="input password">
<kw name="Input Text" library="SeleniumLibrary">
<doc>Types the given ``text`` into the text field identified by ``locator``.</doc>
<arguments>
<arg>id=password</arg>
<arg>741852</arg>
</arguments>
<msg timestamp="20201211 11:14:57.969" level="INFO">Typing text '741852' into text field 'id=password'.</msg>
<status status="PASS" starttime="20201211 11:14:57.968" endtime="20201211 11:14:58.112"></status>
</kw>
<status status="PASS" starttime="20201211 11:14:57.968" endtime="20201211 11:14:58.113" critical="yes"></status>
</test>
<test id="s1-t5" name="click signin">
<kw name="Click Element" library="SeleniumLibrary">
<doc>Click the element identified by ``locator``.</doc>
<arguments>
<arg>//*[@class="signInBtn"]</arg>
</arguments>
<msg timestamp="20201211 11:14:58.116" level="INFO">Clicking element '//*[@class="signInBtn"]'.</msg>
<status status="PASS" starttime="20201211 11:14:58.116" endtime="20201211 11:14:58.177"></status>
</kw>
<kw name="Sleep" library="BuiltIn">
<doc>Pauses the test executed for the given time.</doc>
<arguments>
<arg>6s</arg>
</arguments>
<msg timestamp="20201211 11:15:04.179" level="INFO">Slept 6 seconds</msg>
<status status="PASS" starttime="20201211 11:14:58.177" endtime="20201211 11:15:04.179"></status>
</kw>
<status status="PASS" starttime="20201211 11:14:58.116" endtime="20201211 11:15:04.180" critical="yes"></status>
</test>
<test id="s1-t6" name="click subject">
<kw name="Click Element" library="SeleniumLibrary">
<doc>Click the element identified by ``locator``.</doc>
<arguments>
<arg>//*[@class="ma-10 subjectCard v-card v-card--link v-sheet theme--light elevation-12"]</arg>
</arguments>
<msg timestamp="20201211 11:15:04.184" level="INFO">Clicking element '//*[@class="ma-10 subjectCard v-card v-card--link v-sheet theme--light elevation-12"]'.</msg>
<status status="PASS" starttime="20201211 11:15:04.183" endtime="20201211 11:15:04.259"></status>
</kw>
<status status="PASS" starttime="20201211 11:15:04.182" endtime="20201211 11:15:04.259" critical="yes"></status>
</test>
<status status="PASS" starttime="20201211 11:14:47.262" endtime="20201211 11:15:04.261"></status>
</suite>
<statistics>
<total>
<stat pass="6" fail="0">Critical Tests</stat>
<stat pass="6" fail="0">All Tests</stat>
</total>
<tag>
</tag>
<suite>
<stat pass="6" fail="0" id="s1" name="logClickSubject">logClickSubject</stat>
</suite>
</statistics>
<errors>
<msg timestamp="20201211 11:14:58.115" level="WARN">Multiple test cases with name 'click signin' executed in test suite 'logClickSubject'.</msg>
</errors>
</robot>
