<?xml version="1.0" encoding="UTF-8"?>
<robot generator="Robot 3.2.2 (Python 3.8.0 on win32)" generated="20201205 18:00:52.379" rpa="false">
<suite id="s1" name="Profile" source="D:\KMUTT\year3\term1\Robot\studentLogin\homeStd\Account\human\profile">
<suite id="s1-s1" name="Profile" source="D:\KMUTT\year3\term1\Robot\studentLogin\homeStd\Account\human\profile\profile.robot">
<test id="s1-s1-t1" name="open">
<kw name="Open Browser" library="SeleniumLibrary">
<doc>Opens a new browser instance to the optional ``url``.</doc>
<arguments>
<arg>${my_url}</arg>
<arg>${browser}</arg>
</arguments>
<msg timestamp="20201205 18:00:52.553" level="INFO">Opening browser 'chrome' to base url 'http://localhost:8080/'.</msg>
<status status="PASS" starttime="20201205 18:00:52.552" endtime="20201205 18:00:56.432"></status>
</kw>
<status status="PASS" starttime="20201205 18:00:52.552" endtime="20201205 18:00:56.433" critical="yes"></status>
</test>
<test id="s1-s1-t2" name="click signin">
<kw name="Click Button" library="SeleniumLibrary">
<doc>Clicks the button identified by ``locator``.</doc>
<arguments>
<arg>name=signin</arg>
</arguments>
<msg timestamp="20201205 18:00:56.436" level="INFO">Clicking button 'name=signin'.</msg>
<status status="PASS" starttime="20201205 18:00:56.435" endtime="20201205 18:00:56.549"></status>
</kw>
<status status="PASS" starttime="20201205 18:00:56.434" endtime="20201205 18:00:56.550" critical="yes"></status>
</test>
<test id="s1-s1-t3" name="input email">
<kw name="Input Text" library="SeleniumLibrary">
<doc>Types the given ``text`` into the text field identified by ``locator``.</doc>
<arguments>
<arg>name=email</arg>
<arg>aaa@gmail.com</arg>
</arguments>
<msg timestamp="20201205 18:00:56.552" level="INFO">Typing text 'aaa@gmail.com' into text field 'name=email'.</msg>
<status status="PASS" starttime="20201205 18:00:56.552" endtime="20201205 18:00:56.798"></status>
</kw>
<status status="PASS" starttime="20201205 18:00:56.551" endtime="20201205 18:00:56.799" critical="yes"></status>
</test>
<test id="s1-s1-t4" name="input password">
<kw name="Input Text" library="SeleniumLibrary">
<doc>Types the given ``text`` into the text field identified by ``locator``.</doc>
<arguments>
<arg>name=password</arg>
<arg>123456</arg>
</arguments>
<msg timestamp="20201205 18:00:56.805" level="INFO">Typing text '123456' into text field 'name=password'.</msg>
<status status="PASS" starttime="20201205 18:00:56.804" endtime="20201205 18:00:56.964"></status>
</kw>
<status status="PASS" starttime="20201205 18:00:56.803" endtime="20201205 18:00:56.964" critical="yes"></status>
</test>
<test id="s1-s1-t5" name="click signin">
<kw name="Click Element" library="SeleniumLibrary">
<doc>Click the element identified by ``locator``.</doc>
<arguments>
<arg>//*[@class="signInBtn"]</arg>
</arguments>
<msg timestamp="20201205 18:00:56.970" level="INFO">Clicking element '//*[@class="signInBtn"]'.</msg>
<status status="PASS" starttime="20201205 18:00:56.970" endtime="20201205 18:00:57.063"></status>
</kw>
<kw name="Sleep" library="BuiltIn">
<doc>Pauses the test executed for the given time.</doc>
<arguments>
<arg>4s</arg>
</arguments>
<msg timestamp="20201205 18:01:01.066" level="INFO">Slept 4 seconds</msg>
<status status="PASS" starttime="20201205 18:00:57.064" endtime="20201205 18:01:01.066"></status>
</kw>
<status status="PASS" starttime="20201205 18:00:56.966" endtime="20201205 18:01:01.066" critical="yes"></status>
</test>
<test id="s1-s1-t6" name="click basic use">
<kw name="Click Button" library="SeleniumLibrary">
<doc>Clicks the button identified by ``locator``.</doc>
<arguments>
<arg>name=about</arg>
</arguments>
<msg timestamp="20201205 18:01:01.069" level="INFO">Clicking button 'name=about'.</msg>
<kw name="Capture Page Screenshot" library="SeleniumLibrary">
<doc>Takes a screenshot of the current page and embeds it into a log file.</doc>
<msg timestamp="20201205 18:01:01.816" level="INFO" html="yes">&lt;/td&gt;&lt;/tr&gt;&lt;tr&gt;&lt;td colspan="3"&gt;&lt;a href="selenium-screenshot-1.png"&gt;&lt;img src="selenium-screenshot-1.png" width="800px"&gt;&lt;/a&gt;</msg>
<status status="PASS" starttime="20201205 18:01:01.085" endtime="20201205 18:01:01.816"></status>
</kw>
<msg timestamp="20201205 18:01:01.819" level="FAIL">Button with locator 'name=about' not found.</msg>
<status status="FAIL" starttime="20201205 18:01:01.068" endtime="20201205 18:01:01.819"></status>
</kw>
<status status="FAIL" starttime="20201205 18:01:01.068" endtime="20201205 18:01:01.821" critical="yes">Button with locator 'name=about' not found.</status>
</test>
<status status="FAIL" starttime="20201205 18:00:52.404" endtime="20201205 18:01:01.826"></status>
</suite>
<status status="FAIL" starttime="20201205 18:00:52.381" endtime="20201205 18:01:01.831"></status>
</suite>
<statistics>
<total>
<stat pass="5" fail="1">Critical Tests</stat>
<stat pass="5" fail="1">All Tests</stat>
</total>
<tag>
</tag>
<suite>
<stat pass="5" fail="1" id="s1" name="Profile">Profile</stat>
<stat pass="5" fail="1" id="s1-s1" name="Profile">Profile.Profile</stat>
</suite>
</statistics>
<errors>
<msg timestamp="20201205 18:00:56.965" level="WARN">Multiple test cases with name 'click signin' executed in test suite 'Profile.Profile'.</msg>
</errors>
</robot>
