<?xml version="1.0" encoding="UTF-8"?>
<robot generator="Robot 3.2.2 (Python 3.8.0 on win32)" generated="20201211 00:00:56.474" rpa="false">
<suite id="s1" name="clickMyLesson" source="D:\KMUTT\year3\term1\Robot\studentLogin\homeStd\Account\MyCourse\clickMyLesson.robot">
<test id="s1-t1" name="open">
<kw name="Open Browser" library="SeleniumLibrary">
<doc>Opens a new browser instance to the optional ``url``.</doc>
<arguments>
<arg>${my_url}</arg>
<arg>${browser}</arg>
</arguments>
<msg timestamp="20201211 00:00:56.636" level="INFO">Opening browser 'chrome' to base url 'http://localhost:8080/'.</msg>
<status status="PASS" starttime="20201211 00:00:56.635" endtime="20201211 00:01:00.307"></status>
</kw>
<status status="PASS" starttime="20201211 00:00:56.635" endtime="20201211 00:01:00.308" critical="yes"></status>
</test>
<test id="s1-t2" name="click signin">
<kw name="Sleep" library="BuiltIn">
<doc>Pauses the test executed for the given time.</doc>
<arguments>
<arg>2s</arg>
</arguments>
<msg timestamp="20201211 00:01:02.320" level="INFO">Slept 2 seconds</msg>
<status status="PASS" starttime="20201211 00:01:00.318" endtime="20201211 00:01:02.320"></status>
</kw>
<kw name="Click Button" library="SeleniumLibrary">
<doc>Clicks the button identified by ``locator``.</doc>
<arguments>
<arg>id=signin</arg>
</arguments>
<msg timestamp="20201211 00:01:02.321" level="INFO">Clicking button 'id=signin'.</msg>
<status status="PASS" starttime="20201211 00:01:02.320" endtime="20201211 00:01:03.006"></status>
</kw>
<status status="PASS" starttime="20201211 00:01:00.318" endtime="20201211 00:01:03.006" critical="yes"></status>
</test>
<test id="s1-t3" name="input email">
<kw name="Input Text" library="SeleniumLibrary">
<doc>Types the given ``text`` into the text field identified by ``locator``.</doc>
<arguments>
<arg>id=email</arg>
<arg>testSTD@gmail.com</arg>
</arguments>
<msg timestamp="20201211 00:01:03.009" level="INFO">Typing text 'testSTD@gmail.com' into text field 'id=email'.</msg>
<status status="PASS" starttime="20201211 00:01:03.009" endtime="20201211 00:01:03.285"></status>
</kw>
<status status="PASS" starttime="20201211 00:01:03.008" endtime="20201211 00:01:03.286" critical="yes"></status>
</test>
<test id="s1-t4" name="input password">
<kw name="Input Text" library="SeleniumLibrary">
<doc>Types the given ``text`` into the text field identified by ``locator``.</doc>
<arguments>
<arg>id=password</arg>
<arg>741852</arg>
</arguments>
<msg timestamp="20201211 00:01:03.289" level="INFO">Typing text '741852' into text field 'id=password'.</msg>
<status status="PASS" starttime="20201211 00:01:03.288" endtime="20201211 00:01:03.439"></status>
</kw>
<status status="PASS" starttime="20201211 00:01:03.287" endtime="20201211 00:01:03.440" critical="yes"></status>
</test>
<test id="s1-t5" name="click signin">
<kw name="Click Element" library="SeleniumLibrary">
<doc>Click the element identified by ``locator``.</doc>
<arguments>
<arg>//*[@class="signInBtn"]</arg>
</arguments>
<msg timestamp="20201211 00:01:03.442" level="INFO">Clicking element '//*[@class="signInBtn"]'.</msg>
<status status="PASS" starttime="20201211 00:01:03.442" endtime="20201211 00:01:03.493"></status>
</kw>
<kw name="Sleep" library="BuiltIn">
<doc>Pauses the test executed for the given time.</doc>
<arguments>
<arg>4s</arg>
</arguments>
<msg timestamp="20201211 00:01:07.495" level="INFO">Slept 4 seconds</msg>
<status status="PASS" starttime="20201211 00:01:03.494" endtime="20201211 00:01:07.495"></status>
</kw>
<status status="PASS" starttime="20201211 00:01:03.441" endtime="20201211 00:01:07.496" critical="yes"></status>
</test>
<test id="s1-t6" name="click Account">
<kw name="Sleep" library="BuiltIn">
<doc>Pauses the test executed for the given time.</doc>
<arguments>
<arg>4s</arg>
</arguments>
<msg timestamp="20201211 00:01:11.499" level="INFO">Slept 4 seconds</msg>
<status status="PASS" starttime="20201211 00:01:07.499" endtime="20201211 00:01:11.499"></status>
</kw>
<kw name="Click Element" library="SeleniumLibrary">
<doc>Click the element identified by ``locator``.</doc>
<arguments>
<arg>xpath=//*[@id="account"]</arg>
</arguments>
<msg timestamp="20201211 00:01:11.500" level="INFO">Clicking element 'xpath=//*[@id="account"]'.</msg>
<status status="PASS" starttime="20201211 00:01:11.499" endtime="20201211 00:01:11.555"></status>
</kw>
<status status="PASS" starttime="20201211 00:01:07.498" endtime="20201211 00:01:11.556" critical="yes"></status>
</test>
<test id="s1-t7" name="click My course">
<kw name="Sleep" library="BuiltIn">
<doc>Pauses the test executed for the given time.</doc>
<arguments>
<arg>4s</arg>
</arguments>
<msg timestamp="20201211 00:01:15.559" level="INFO">Slept 4 seconds</msg>
<status status="PASS" starttime="20201211 00:01:11.558" endtime="20201211 00:01:15.559"></status>
</kw>
<kw name="Click Element" library="SeleniumLibrary">
<doc>Click the element identified by ``locator``.</doc>
<arguments>
<arg>xpath=//*[@id="list-item-272"]</arg>
</arguments>
<msg timestamp="20201211 00:01:15.560" level="INFO">Clicking element 'xpath=//*[@id="list-item-272"]'.</msg>
<status status="PASS" starttime="20201211 00:01:15.559" endtime="20201211 00:01:15.614"></status>
</kw>
<status status="PASS" starttime="20201211 00:01:11.557" endtime="20201211 00:01:15.615" critical="yes"></status>
</test>
<test id="s1-t8" name="Click Course">
<kw name="Sleep" library="BuiltIn">
<doc>Pauses the test executed for the given time.</doc>
<arguments>
<arg>4s</arg>
</arguments>
<msg timestamp="20201211 00:01:19.619" level="INFO">Slept 4 seconds</msg>
<status status="PASS" starttime="20201211 00:01:15.617" endtime="20201211 00:01:19.619"></status>
</kw>
<kw name="Click Element" library="SeleniumLibrary">
<doc>Click the element identified by ``locator``.</doc>
<arguments>
<arg>xpath=//*[@class="cardCourseSmall v-card v-card--link v-sheet theme--light elevation-12"]</arg>
</arguments>
<msg timestamp="20201211 00:01:19.620" level="INFO">Clicking element 'xpath=//*[@class="cardCourseSmall v-card v-card--link v-sheet theme--light elevation-12"]'.</msg>
<status status="PASS" starttime="20201211 00:01:19.620" endtime="20201211 00:01:19.689"></status>
</kw>
<status status="PASS" starttime="20201211 00:01:15.616" endtime="20201211 00:01:19.690" critical="yes"></status>
</test>
<test id="s1-t9" name="Click Lesson">
<kw name="Sleep" library="BuiltIn">
<doc>Pauses the test executed for the given time.</doc>
<arguments>
<arg>4s</arg>
</arguments>
<msg timestamp="20201211 00:01:23.694" level="INFO">Slept 4 seconds</msg>
<status status="PASS" starttime="20201211 00:01:19.692" endtime="20201211 00:01:23.694"></status>
</kw>
<kw name="Click Element" library="SeleniumLibrary">
<doc>Click the element identified by ``locator``.</doc>
<arguments>
<arg>xpath=//*[@id="l000000013"]</arg>
</arguments>
<msg timestamp="20201211 00:01:23.695" level="INFO">Clicking element 'xpath=//*[@id="l000000013"]'.</msg>
<status status="PASS" starttime="20201211 00:01:23.694" endtime="20201211 00:01:23.751"></status>
</kw>
<status status="PASS" starttime="20201211 00:01:19.691" endtime="20201211 00:01:23.752" critical="yes"></status>
</test>
<status status="PASS" starttime="20201211 00:00:56.477" endtime="20201211 00:01:23.754"></status>
</suite>
<statistics>
<total>
<stat pass="9" fail="0">Critical Tests</stat>
<stat pass="9" fail="0">All Tests</stat>
</total>
<tag>
</tag>
<suite>
<stat pass="9" fail="0" id="s1" name="clickMyLesson">clickMyLesson</stat>
</suite>
</statistics>
<errors>
<msg timestamp="20201211 00:01:03.441" level="WARN">Multiple test cases with name 'click signin' executed in test suite 'clickMyLesson'.</msg>
</errors>
</robot>
