<?xml version="1.0" encoding="UTF-8"?>
<robot generator="Robot 3.2.2 (Python 3.8.0 on win32)" generated="20201209 17:32:14.057" rpa="false">
<suite id="s1" name="logBuyCourse" source="D:\KMUTT\year3\term1\Robot\studentLogin\homeStd\Course\select\logBuyCourse.robot">
<test id="s1-t1" name="open">
<kw name="Open Browser" library="SeleniumLibrary">
<doc>Opens a new browser instance to the optional ``url``.</doc>
<arguments>
<arg>${my_url}</arg>
<arg>${browser}</arg>
</arguments>
<msg timestamp="20201209 17:32:14.205" level="INFO">Opening browser 'chrome' to base url 'http://localhost:8080/'.</msg>
<status status="PASS" starttime="20201209 17:32:14.205" endtime="20201209 17:32:17.973"></status>
</kw>
<status status="PASS" starttime="20201209 17:32:14.204" endtime="20201209 17:32:17.974" critical="yes"></status>
</test>
<test id="s1-t2" name="click signin">
<kw name="Sleep" library="BuiltIn">
<doc>Pauses the test executed for the given time.</doc>
<arguments>
<arg>2s</arg>
</arguments>
<msg timestamp="20201209 17:32:19.977" level="INFO">Slept 2 seconds</msg>
<status status="PASS" starttime="20201209 17:32:17.976" endtime="20201209 17:32:19.977"></status>
</kw>
<kw name="Click Button" library="SeleniumLibrary">
<doc>Clicks the button identified by ``locator``.</doc>
<arguments>
<arg>name=signin</arg>
</arguments>
<msg timestamp="20201209 17:32:19.978" level="INFO">Clicking button 'name=signin'.</msg>
<status status="PASS" starttime="20201209 17:32:19.978" endtime="20201209 17:32:20.102"></status>
</kw>
<status status="PASS" starttime="20201209 17:32:17.975" endtime="20201209 17:32:20.103" critical="yes"></status>
</test>
<test id="s1-t3" name="input email">
<kw name="Input Text" library="SeleniumLibrary">
<doc>Types the given ``text`` into the text field identified by ``locator``.</doc>
<arguments>
<arg>name=email</arg>
<arg>testSTD@gmail.com</arg>
</arguments>
<msg timestamp="20201209 17:32:20.118" level="INFO">Typing text 'testSTD@gmail.com' into text field 'name=email'.</msg>
<status status="PASS" starttime="20201209 17:32:20.118" endtime="20201209 17:32:20.339"></status>
</kw>
<status status="PASS" starttime="20201209 17:32:20.108" endtime="20201209 17:32:20.341" critical="yes"></status>
</test>
<test id="s1-t4" name="input password">
<kw name="Input Text" library="SeleniumLibrary">
<doc>Types the given ``text`` into the text field identified by ``locator``.</doc>
<arguments>
<arg>name=password</arg>
<arg>741852</arg>
</arguments>
<msg timestamp="20201209 17:32:20.361" level="INFO">Typing text '741852' into text field 'name=password'.</msg>
<status status="PASS" starttime="20201209 17:32:20.359" endtime="20201209 17:32:20.600"></status>
</kw>
<status status="PASS" starttime="20201209 17:32:20.356" endtime="20201209 17:32:20.601" critical="yes"></status>
</test>
<test id="s1-t5" name="click signin">
<kw name="Click Element" library="SeleniumLibrary">
<doc>Click the element identified by ``locator``.</doc>
<arguments>
<arg>//*[@class="signInBtn"]</arg>
</arguments>
<msg timestamp="20201209 17:32:20.603" level="INFO">Clicking element '//*[@class="signInBtn"]'.</msg>
<status status="PASS" starttime="20201209 17:32:20.603" endtime="20201209 17:32:20.698"></status>
</kw>
<kw name="Sleep" library="BuiltIn">
<doc>Pauses the test executed for the given time.</doc>
<arguments>
<arg>4s</arg>
</arguments>
<msg timestamp="20201209 17:32:24.699" level="INFO">Slept 4 seconds</msg>
<status status="PASS" starttime="20201209 17:32:20.699" endtime="20201209 17:32:24.699"></status>
</kw>
<status status="PASS" starttime="20201209 17:32:20.602" endtime="20201209 17:32:24.699" critical="yes"></status>
</test>
<test id="s1-t6" name="click course">
<kw name="Click Element" library="SeleniumLibrary">
<doc>Click the element identified by ``locator``.</doc>
<arguments>
<arg>//*[@name="Cal1"]</arg>
</arguments>
<msg timestamp="20201209 17:32:24.702" level="INFO">Clicking element '//*[@name="Cal1"]'.</msg>
<status status="PASS" starttime="20201209 17:32:24.702" endtime="20201209 17:32:25.135"></status>
</kw>
<kw name="Sleep" library="BuiltIn">
<doc>Pauses the test executed for the given time.</doc>
<arguments>
<arg>4s</arg>
</arguments>
<msg timestamp="20201209 17:32:29.142" level="INFO">Slept 4 seconds</msg>
<status status="PASS" starttime="20201209 17:32:25.138" endtime="20201209 17:32:29.142"></status>
</kw>
<status status="PASS" starttime="20201209 17:32:24.701" endtime="20201209 17:32:29.143" critical="yes"></status>
</test>
<test id="s1-t7" name="click buy">
<kw name="Click Element" library="SeleniumLibrary">
<doc>Click the element identified by ``locator``.</doc>
<arguments>
<arg>//*[@class="buttonContainer col"]</arg>
</arguments>
<msg timestamp="20201209 17:32:29.147" level="INFO">Clicking element '//*[@class="buttonContainer col"]'.</msg>
<status status="PASS" starttime="20201209 17:32:29.147" endtime="20201209 17:32:29.217"></status>
</kw>
<status status="PASS" starttime="20201209 17:32:29.146" endtime="20201209 17:32:29.217" critical="yes"></status>
</test>
<status status="PASS" starttime="20201209 17:32:14.058" endtime="20201209 17:32:29.227"></status>
</suite>
<statistics>
<total>
<stat pass="7" fail="0">Critical Tests</stat>
<stat pass="7" fail="0">All Tests</stat>
</total>
<tag>
</tag>
<suite>
<stat pass="7" fail="0" id="s1" name="logBuyCourse">logBuyCourse</stat>
</suite>
</statistics>
<errors>
<msg timestamp="20201209 17:32:20.602" level="WARN">Multiple test cases with name 'click signin' executed in test suite 'logBuyCourse'.</msg>
</errors>
</robot>
