<?xml version="1.0" encoding="UTF-8"?>
<robot generator="Robot 3.2.2 (Python 3.8.0 on win32)" generated="20201207 16:52:15.926" rpa="false">
<suite id="s1" name="selectItem" source="C:\Users\new\Desktop\teststyl\studentLogin\homeStd\Course\select\selectItem.robot">
<test id="s1-t1" name="open">
<kw name="Open Browser" library="SeleniumLibrary">
<doc>Opens a new browser instance to the optional ``url``.</doc>
<arguments>
<arg>${my_url}</arg>
<arg>${browser}</arg>
</arguments>
<msg timestamp="20201207 16:52:16.155" level="INFO">Opening browser 'chrome' to base url 'http://localhost:8080/'.</msg>
<status status="PASS" starttime="20201207 16:52:16.155" endtime="20201207 16:52:20.849"></status>
</kw>
<status status="PASS" starttime="20201207 16:52:16.154" endtime="20201207 16:52:20.853" critical="yes"></status>
</test>
<test id="s1-t2" name="click signin">
<kw name="Click Button" library="SeleniumLibrary">
<doc>Clicks the button identified by ``locator``.</doc>
<arguments>
<arg>name=signin</arg>
</arguments>
<msg timestamp="20201207 16:52:20.860" level="INFO">Clicking button 'name=signin'.</msg>
<status status="PASS" starttime="20201207 16:52:20.860" endtime="20201207 16:52:20.957"></status>
</kw>
<status status="PASS" starttime="20201207 16:52:20.859" endtime="20201207 16:52:20.958" critical="yes"></status>
</test>
<test id="s1-t3" name="input email">
<kw name="Input Text" library="SeleniumLibrary">
<doc>Types the given ``text`` into the text field identified by ``locator``.</doc>
<arguments>
<arg>name=email</arg>
<arg>aaa@gmail.com</arg>
</arguments>
<msg timestamp="20201207 16:52:20.960" level="INFO">Typing text 'aaa@gmail.com' into text field 'name=email'.</msg>
<status status="PASS" starttime="20201207 16:52:20.960" endtime="20201207 16:52:21.158"></status>
</kw>
<status status="PASS" starttime="20201207 16:52:20.959" endtime="20201207 16:52:21.159" critical="yes"></status>
</test>
<test id="s1-t4" name="input password">
<kw name="Input Text" library="SeleniumLibrary">
<doc>Types the given ``text`` into the text field identified by ``locator``.</doc>
<arguments>
<arg>name=password</arg>
<arg>123456</arg>
</arguments>
<msg timestamp="20201207 16:52:21.162" level="INFO">Typing text '123456' into text field 'name=password'.</msg>
<status status="PASS" starttime="20201207 16:52:21.161" endtime="20201207 16:52:21.350"></status>
</kw>
<status status="PASS" starttime="20201207 16:52:21.160" endtime="20201207 16:52:21.351" critical="yes"></status>
</test>
<test id="s1-t5" name="click signin">
<kw name="Click Element" library="SeleniumLibrary">
<doc>Click the element identified by ``locator``.</doc>
<arguments>
<arg>//*[@class="signInBtn"]</arg>
</arguments>
<msg timestamp="20201207 16:52:21.365" level="INFO">Clicking element '//*[@class="signInBtn"]'.</msg>
<status status="PASS" starttime="20201207 16:52:21.365" endtime="20201207 16:52:21.431"></status>
</kw>
<kw name="Sleep" library="BuiltIn">
<doc>Pauses the test executed for the given time.</doc>
<arguments>
<arg>4s</arg>
</arguments>
<msg timestamp="20201207 16:52:25.433" level="INFO">Slept 4 seconds</msg>
<status status="PASS" starttime="20201207 16:52:21.432" endtime="20201207 16:52:25.433"></status>
</kw>
<status status="PASS" starttime="20201207 16:52:21.364" endtime="20201207 16:52:25.436" critical="yes"></status>
</test>
<test id="s1-t6" name="click course">
<kw name="Click Element" library="SeleniumLibrary">
<doc>Click the element identified by ``locator``.</doc>
<arguments>
<arg>//*[@name="Cal1"]</arg>
</arguments>
<msg timestamp="20201207 16:52:25.448" level="INFO">Clicking element '//*[@name="Cal1"]'.</msg>
<status status="PASS" starttime="20201207 16:52:25.448" endtime="20201207 16:52:25.534"></status>
</kw>
<kw name="Sleep" library="BuiltIn">
<doc>Pauses the test executed for the given time.</doc>
<arguments>
<arg>4s</arg>
</arguments>
<msg timestamp="20201207 16:52:29.543" level="INFO">Slept 4 seconds</msg>
<status status="PASS" starttime="20201207 16:52:25.534" endtime="20201207 16:52:29.544"></status>
</kw>
<status status="PASS" starttime="20201207 16:52:25.446" endtime="20201207 16:52:29.546" critical="yes"></status>
</test>
<test id="s1-t7" name="click buy">
<kw name="Click Element" library="SeleniumLibrary">
<doc>Click the element identified by ``locator``.</doc>
<arguments>
<arg>//*[@class="buttonContainer col"]</arg>
</arguments>
<msg timestamp="20201207 16:52:29.570" level="INFO">Clicking element '//*[@class="buttonContainer col"]'.</msg>
<status status="PASS" starttime="20201207 16:52:29.570" endtime="20201207 16:52:29.630"></status>
</kw>
<kw name="Sleep" library="BuiltIn">
<doc>Pauses the test executed for the given time.</doc>
<arguments>
<arg>4s</arg>
</arguments>
<msg timestamp="20201207 16:52:33.636" level="INFO">Slept 4 seconds</msg>
<status status="PASS" starttime="20201207 16:52:29.630" endtime="20201207 16:52:33.636"></status>
</kw>
<status status="PASS" starttime="20201207 16:52:29.559" endtime="20201207 16:52:33.636" critical="yes"></status>
</test>
<test id="s1-t8" name="click shoping">
<kw name="Click Element" library="SeleniumLibrary">
<doc>Click the element identified by ``locator``.</doc>
<arguments>
<arg>//*[@class="v-image v-responsive iconBar theme--light"]</arg>
</arguments>
<msg timestamp="20201207 16:52:33.639" level="INFO">Clicking element '//*[@class="v-image v-responsive iconBar theme--light"]'.</msg>
<status status="PASS" starttime="20201207 16:52:33.639" endtime="20201207 16:52:33.706"></status>
</kw>
<status status="PASS" starttime="20201207 16:52:33.638" endtime="20201207 16:52:33.707" critical="yes"></status>
</test>
<status status="PASS" starttime="20201207 16:52:15.928" endtime="20201207 16:52:33.710"></status>
</suite>
<statistics>
<total>
<stat pass="8" fail="0">Critical Tests</stat>
<stat pass="8" fail="0">All Tests</stat>
</total>
<tag>
</tag>
<suite>
<stat pass="8" fail="0" id="s1" name="selectItem">selectItem</stat>
</suite>
</statistics>
<errors>
<msg timestamp="20201207 16:52:21.353" level="WARN">Multiple test cases with name 'click signin' executed in test suite 'selectItem'.</msg>
</errors>
</robot>
