<?xml version="1.0" encoding="UTF-8"?>
<robot generator="Robot 3.2.2 (Python 3.8.0 on win32)" generated="20201210 17:24:48.312" rpa="false">
<suite id="s1" name="Clickallvideo" source="C:\Users\new\Desktop\teststyl\tutorLogin\homeTutor\clickallvideo.robot">
<test id="s1-t1" name="Log in">
<kw name="Open Browser" library="SeleniumLibrary">
<doc>Opens a new browser instance to the optional ``url``.</doc>
<arguments>
<arg>${my_url}</arg>
<arg>${browser}</arg>
</arguments>
<msg timestamp="20201210 17:24:48.537" level="INFO">Opening browser 'chrome' to base url 'http://localhost:8080/hometutor'.</msg>
<status status="PASS" starttime="20201210 17:24:48.537" endtime="20201210 17:24:53.289"></status>
</kw>
<kw name="Sleep" library="BuiltIn">
<doc>Pauses the test executed for the given time.</doc>
<arguments>
<arg>4s</arg>
</arguments>
<msg timestamp="20201210 17:24:57.293" level="INFO">Slept 4 seconds</msg>
<status status="PASS" starttime="20201210 17:24:53.291" endtime="20201210 17:24:57.293"></status>
</kw>
<kw name="Click Button" library="SeleniumLibrary">
<doc>Clicks the button identified by ``locator``.</doc>
<arguments>
<arg>//*[@id="signin"]</arg>
</arguments>
<msg timestamp="20201210 17:24:57.296" level="INFO">Clicking button '//*[@id="signin"]'.</msg>
<status status="PASS" starttime="20201210 17:24:57.295" endtime="20201210 17:24:57.396"></status>
</kw>
<kw name="Input Text" library="SeleniumLibrary">
<doc>Types the given ``text`` into the text field identified by ``locator``.</doc>
<arguments>
<arg>email</arg>
<arg>aaatutor@gmail.com</arg>
</arguments>
<msg timestamp="20201210 17:24:57.397" level="INFO">Typing text 'aaatutor@gmail.com' into text field 'email'.</msg>
<status status="PASS" starttime="20201210 17:24:57.396" endtime="20201210 17:24:57.569"></status>
</kw>
<kw name="Input Text" library="SeleniumLibrary">
<doc>Types the given ``text`` into the text field identified by ``locator``.</doc>
<arguments>
<arg>password</arg>
<arg>123456</arg>
</arguments>
<msg timestamp="20201210 17:24:57.570" level="INFO">Typing text '123456' into text field 'password'.</msg>
<status status="PASS" starttime="20201210 17:24:57.570" endtime="20201210 17:24:57.690"></status>
</kw>
<kw name="Click Element" library="SeleniumLibrary">
<doc>Click the element identified by ``locator``.</doc>
<arguments>
<arg>//*[@class="signInBtn"]</arg>
</arguments>
<msg timestamp="20201210 17:24:57.691" level="INFO">Clicking element '//*[@class="signInBtn"]'.</msg>
<status status="PASS" starttime="20201210 17:24:57.691" endtime="20201210 17:24:57.740"></status>
</kw>
<kw name="Sleep" library="BuiltIn">
<doc>Pauses the test executed for the given time.</doc>
<arguments>
<arg>4s</arg>
</arguments>
<msg timestamp="20201210 17:25:01.747" level="INFO">Slept 4 seconds</msg>
<status status="PASS" starttime="20201210 17:24:57.740" endtime="20201210 17:25:01.747"></status>
</kw>
<status status="PASS" starttime="20201210 17:24:48.536" endtime="20201210 17:25:01.749" critical="yes"></status>
</test>
<test id="s1-t2" name="click All video">
<kw name="Sleep" library="BuiltIn">
<doc>Pauses the test executed for the given time.</doc>
<arguments>
<arg>4s</arg>
</arguments>
<msg timestamp="20201210 17:25:05.764" level="INFO">Slept 4 seconds</msg>
<status status="PASS" starttime="20201210 17:25:01.758" endtime="20201210 17:25:05.764"></status>
</kw>
<kw name="Click Element" library="SeleniumLibrary">
<doc>Click the element identified by ``locator``.</doc>
<arguments>
<arg>//*[@class="textDetailAll v-btn v-btn--flat v-btn--text theme--light v-size--default"]</arg>
</arguments>
<msg timestamp="20201210 17:25:05.767" level="INFO">Clicking element '//*[@class="textDetailAll v-btn v-btn--flat v-btn--text theme--light v-size--default"]'.</msg>
<status status="PASS" starttime="20201210 17:25:05.766" endtime="20201210 17:25:05.819"></status>
</kw>
<status status="PASS" starttime="20201210 17:25:01.757" endtime="20201210 17:25:05.819" critical="yes"></status>
</test>
<status status="PASS" starttime="20201210 17:24:48.313" endtime="20201210 17:25:05.824"></status>
</suite>
<statistics>
<total>
<stat pass="2" fail="0">Critical Tests</stat>
<stat pass="2" fail="0">All Tests</stat>
</total>
<tag>
</tag>
<suite>
<stat pass="2" fail="0" id="s1" name="Clickallvideo">Clickallvideo</stat>
</suite>
</statistics>
<errors>
</errors>
</robot>
