<?xml version="1.0" encoding="UTF-8"?>
<robot generator="Robot 3.2.2 (Python 3.8.0 on win32)" generated="20201211 04:57:58.009" rpa="false">
<suite id="s1" name="Clickallvideo" source="C:\Users\new\Desktop\teststyl\tutorLogin\homeTutor\clickallvideo.robot">
<test id="s1-t1" name="Log in">
<kw name="Open Browser" library="SeleniumLibrary">
<doc>Opens a new browser instance to the optional ``url``.</doc>
<arguments>
<arg>${my_url}</arg>
<arg>${browser}</arg>
</arguments>
<msg timestamp="20201211 04:57:58.260" level="INFO">Opening browser 'chrome' to base url 'http://localhost:8080/hometutor'.</msg>
<status status="PASS" starttime="20201211 04:57:58.260" endtime="20201211 04:58:03.270"></status>
</kw>
<kw name="Sleep" library="BuiltIn">
<doc>Pauses the test executed for the given time.</doc>
<arguments>
<arg>4s</arg>
</arguments>
<msg timestamp="20201211 04:58:07.283" level="INFO">Slept 4 seconds</msg>
<status status="PASS" starttime="20201211 04:58:03.271" endtime="20201211 04:58:07.283"></status>
</kw>
<kw name="Click Button" library="SeleniumLibrary">
<doc>Clicks the button identified by ``locator``.</doc>
<arguments>
<arg>//*[@id="signin"]</arg>
</arguments>
<msg timestamp="20201211 04:58:07.284" level="INFO">Clicking button '//*[@id="signin"]'.</msg>
<status status="PASS" starttime="20201211 04:58:07.284" endtime="20201211 04:58:07.383"></status>
</kw>
<kw name="Input Text" library="SeleniumLibrary">
<doc>Types the given ``text`` into the text field identified by ``locator``.</doc>
<arguments>
<arg>email</arg>
<arg>tu@mail.com</arg>
</arguments>
<msg timestamp="20201211 04:58:07.385" level="INFO">Typing text 'tu@mail.com' into text field 'email'.</msg>
<status status="PASS" starttime="20201211 04:58:07.384" endtime="20201211 04:58:07.579"></status>
</kw>
<kw name="Input Text" library="SeleniumLibrary">
<doc>Types the given ``text`` into the text field identified by ``locator``.</doc>
<arguments>
<arg>password</arg>
<arg>123456</arg>
</arguments>
<msg timestamp="20201211 04:58:07.579" level="INFO">Typing text '123456' into text field 'password'.</msg>
<status status="PASS" starttime="20201211 04:58:07.579" endtime="20201211 04:58:07.713"></status>
</kw>
<kw name="Click Element" library="SeleniumLibrary">
<doc>Click the element identified by ``locator``.</doc>
<arguments>
<arg>//*[@class="signInBtn"]</arg>
</arguments>
<msg timestamp="20201211 04:58:07.714" level="INFO">Clicking element '//*[@class="signInBtn"]'.</msg>
<status status="PASS" starttime="20201211 04:58:07.714" endtime="20201211 04:58:07.774"></status>
</kw>
<kw name="Sleep" library="BuiltIn">
<doc>Pauses the test executed for the given time.</doc>
<arguments>
<arg>4s</arg>
</arguments>
<msg timestamp="20201211 04:58:11.785" level="INFO">Slept 4 seconds</msg>
<status status="PASS" starttime="20201211 04:58:07.775" endtime="20201211 04:58:11.786"></status>
</kw>
<status status="PASS" starttime="20201211 04:57:58.259" endtime="20201211 04:58:11.788" critical="yes"></status>
</test>
<test id="s1-t2" name="click All video">
<kw name="Sleep" library="BuiltIn">
<doc>Pauses the test executed for the given time.</doc>
<arguments>
<arg>4s</arg>
</arguments>
<msg timestamp="20201211 04:58:15.819" level="INFO">Slept 4 seconds</msg>
<status status="PASS" starttime="20201211 04:58:11.810" endtime="20201211 04:58:15.820"></status>
</kw>
<kw name="Click Element" library="SeleniumLibrary">
<doc>Click the element identified by ``locator``.</doc>
<arguments>
<arg>//*[@class="textDetailAll v-btn v-btn--flat v-btn--text theme--light v-size--default"]</arg>
</arguments>
<msg timestamp="20201211 04:58:15.823" level="INFO">Clicking element '//*[@class="textDetailAll v-btn v-btn--flat v-btn--text theme--light v-size--default"]'.</msg>
<status status="PASS" starttime="20201211 04:58:15.822" endtime="20201211 04:58:15.919"></status>
</kw>
<status status="PASS" starttime="20201211 04:58:11.806" endtime="20201211 04:58:15.920" critical="yes"></status>
</test>
<status status="PASS" starttime="20201211 04:57:58.011" endtime="20201211 04:58:15.927"></status>
</suite>
<statistics>
<total>
<stat pass="2" fail="0">Critical Tests</stat>
<stat pass="2" fail="0">All Tests</stat>
</total>
<tag>
</tag>
<suite>
<stat pass="2" fail="0" id="s1" name="Clickallvideo">Clickallvideo</stat>
</suite>
</statistics>
<errors>
</errors>
</robot>
