<?xml version="1.0" encoding="UTF-8"?>
<robot generator="Robot 3.2.2 (Python 3.8.0 on win32)" generated="20201211 00:08:29.275" rpa="false">
<suite id="s1" name="logClickCourse" source="D:\KMUTT\year3\term1\Robot\studentLogin\homeStd\Course\logClickCourse.robot">
<test id="s1-t1" name="open">
<kw name="Open Browser" library="SeleniumLibrary">
<doc>Opens a new browser instance to the optional ``url``.</doc>
<arguments>
<arg>${my_url}</arg>
<arg>${browser}</arg>
</arguments>
<msg timestamp="20201211 00:08:29.423" level="INFO">Opening browser 'chrome' to base url 'http://localhost:8080/'.</msg>
<status status="PASS" starttime="20201211 00:08:29.423" endtime="20201211 00:08:33.096"></status>
</kw>
<status status="PASS" starttime="20201211 00:08:29.422" endtime="20201211 00:08:33.097" critical="yes"></status>
</test>
<test id="s1-t2" name="click signin">
<kw name="Sleep" library="BuiltIn">
<doc>Pauses the test executed for the given time.</doc>
<arguments>
<arg>2s</arg>
</arguments>
<msg timestamp="20201211 00:08:35.099" level="INFO">Slept 2 seconds</msg>
<status status="PASS" starttime="20201211 00:08:33.099" endtime="20201211 00:08:35.099"></status>
</kw>
<kw name="Click Button" library="SeleniumLibrary">
<doc>Clicks the button identified by ``locator``.</doc>
<arguments>
<arg>id=signin</arg>
</arguments>
<msg timestamp="20201211 00:08:35.100" level="INFO">Clicking button 'id=signin'.</msg>
<status status="PASS" starttime="20201211 00:08:35.099" endtime="20201211 00:08:35.233"></status>
</kw>
<status status="PASS" starttime="20201211 00:08:33.098" endtime="20201211 00:08:35.234" critical="yes"></status>
</test>
<test id="s1-t3" name="input email">
<kw name="Input Text" library="SeleniumLibrary">
<doc>Types the given ``text`` into the text field identified by ``locator``.</doc>
<arguments>
<arg>id=email</arg>
<arg>testSTD@gmail.com</arg>
</arguments>
<msg timestamp="20201211 00:08:35.236" level="INFO">Typing text 'testSTD@gmail.com' into text field 'id=email'.</msg>
<status status="PASS" starttime="20201211 00:08:35.236" endtime="20201211 00:08:35.436"></status>
</kw>
<status status="PASS" starttime="20201211 00:08:35.235" endtime="20201211 00:08:35.437" critical="yes"></status>
</test>
<test id="s1-t4" name="input password">
<kw name="Input Text" library="SeleniumLibrary">
<doc>Types the given ``text`` into the text field identified by ``locator``.</doc>
<arguments>
<arg>id=password</arg>
<arg>741852</arg>
</arguments>
<msg timestamp="20201211 00:08:35.439" level="INFO">Typing text '741852' into text field 'id=password'.</msg>
<status status="PASS" starttime="20201211 00:08:35.439" endtime="20201211 00:08:35.578"></status>
</kw>
<status status="PASS" starttime="20201211 00:08:35.438" endtime="20201211 00:08:35.579" critical="yes"></status>
</test>
<test id="s1-t5" name="click signin">
<kw name="Click Element" library="SeleniumLibrary">
<doc>Click the element identified by ``locator``.</doc>
<arguments>
<arg>//*[@class="signInBtn"]</arg>
</arguments>
<msg timestamp="20201211 00:08:35.582" level="INFO">Clicking element '//*[@class="signInBtn"]'.</msg>
<status status="PASS" starttime="20201211 00:08:35.581" endtime="20201211 00:08:35.669"></status>
</kw>
<kw name="Sleep" library="BuiltIn">
<doc>Pauses the test executed for the given time.</doc>
<arguments>
<arg>4s</arg>
</arguments>
<msg timestamp="20201211 00:08:39.671" level="INFO">Slept 4 seconds</msg>
<status status="PASS" starttime="20201211 00:08:35.670" endtime="20201211 00:08:39.671"></status>
</kw>
<status status="PASS" starttime="20201211 00:08:35.581" endtime="20201211 00:08:39.672" critical="yes"></status>
</test>
<test id="s1-t6" name="click course">
<kw name="Click Element" library="SeleniumLibrary">
<doc>Click the element identified by ``locator``.</doc>
<arguments>
<arg>//*[@id="Cal1"]</arg>
</arguments>
<msg timestamp="20201211 00:08:39.681" level="INFO">Clicking element '//*[@id="Cal1"]'.</msg>
<status status="PASS" starttime="20201211 00:08:39.677" endtime="20201211 00:08:40.454"></status>
</kw>
<status status="PASS" starttime="20201211 00:08:39.675" endtime="20201211 00:08:40.456" critical="yes"></status>
</test>
<status status="PASS" starttime="20201211 00:08:29.276" endtime="20201211 00:08:40.464"></status>
</suite>
<statistics>
<total>
<stat pass="6" fail="0">Critical Tests</stat>
<stat pass="6" fail="0">All Tests</stat>
</total>
<tag>
</tag>
<suite>
<stat pass="6" fail="0" id="s1" name="logClickCourse">logClickCourse</stat>
</suite>
</statistics>
<errors>
<msg timestamp="20201211 00:08:35.580" level="WARN">Multiple test cases with name 'click signin' executed in test suite 'logClickCourse'.</msg>
</errors>
</robot>
