<?xml version="1.0" encoding="UTF-8"?>
<robot generator="Robot 3.2.2 (Python 3.8.0 on win32)" generated="20201211 15:41:50.053" rpa="false">
<suite id="s1" name="ClickCourse" source="D:\KMUTT\year3\term1\Robot\studentLogin\homeStd\Course\ClickCourse.robot">
<test id="s1-t1" name="open">
<kw name="Open Browser" library="SeleniumLibrary">
<doc>Opens a new browser instance to the optional ``url``.</doc>
<arguments>
<arg>${my_url}</arg>
<arg>${browser}</arg>
</arguments>
<msg timestamp="20201211 15:41:50.223" level="INFO">Opening browser 'chrome' to base url 'http://localhost:8080/'.</msg>
<status status="PASS" starttime="20201211 15:41:50.223" endtime="20201211 15:41:57.595"></status>
</kw>
<status status="PASS" starttime="20201211 15:41:50.222" endtime="20201211 15:41:57.596" critical="yes"></status>
</test>
<test id="s1-t2" name="click signin">
<kw name="Sleep" library="BuiltIn">
<doc>Pauses the test executed for the given time.</doc>
<arguments>
<arg>2s</arg>
</arguments>
<msg timestamp="20201211 15:41:59.601" level="INFO">Slept 2 seconds</msg>
<status status="PASS" starttime="20201211 15:41:57.600" endtime="20201211 15:41:59.601"></status>
</kw>
<kw name="Click Button" library="SeleniumLibrary">
<doc>Clicks the button identified by ``locator``.</doc>
<arguments>
<arg>id=signin</arg>
</arguments>
<msg timestamp="20201211 15:41:59.602" level="INFO">Clicking button 'id=signin'.</msg>
<status status="PASS" starttime="20201211 15:41:59.601" endtime="20201211 15:41:59.690"></status>
</kw>
<status status="PASS" starttime="20201211 15:41:57.599" endtime="20201211 15:41:59.690" critical="yes"></status>
</test>
<test id="s1-t3" name="input email">
<kw name="Input Text" library="SeleniumLibrary">
<doc>Types the given ``text`` into the text field identified by ``locator``.</doc>
<arguments>
<arg>id=email</arg>
<arg>testSTD@gmail.com</arg>
</arguments>
<msg timestamp="20201211 15:41:59.692" level="INFO">Typing text 'testSTD@gmail.com' into text field 'id=email'.</msg>
<status status="PASS" starttime="20201211 15:41:59.692" endtime="20201211 15:42:00.632"></status>
</kw>
<status status="PASS" starttime="20201211 15:41:59.692" endtime="20201211 15:42:00.633" critical="yes"></status>
</test>
<test id="s1-t4" name="input password">
<kw name="Input Text" library="SeleniumLibrary">
<doc>Types the given ``text`` into the text field identified by ``locator``.</doc>
<arguments>
<arg>id=password</arg>
<arg>741852</arg>
</arguments>
<msg timestamp="20201211 15:42:00.635" level="INFO">Typing text '741852' into text field 'id=password'.</msg>
<status status="PASS" starttime="20201211 15:42:00.635" endtime="20201211 15:42:00.768"></status>
</kw>
<status status="PASS" starttime="20201211 15:42:00.634" endtime="20201211 15:42:00.769" critical="yes"></status>
</test>
<test id="s1-t5" name="click signin">
<kw name="Click Element" library="SeleniumLibrary">
<doc>Click the element identified by ``locator``.</doc>
<arguments>
<arg>//*[@class="signInBtn"]</arg>
</arguments>
<msg timestamp="20201211 15:42:00.773" level="INFO">Clicking element '//*[@class="signInBtn"]'.</msg>
<status status="PASS" starttime="20201211 15:42:00.773" endtime="20201211 15:42:00.833"></status>
</kw>
<kw name="Sleep" library="BuiltIn">
<doc>Pauses the test executed for the given time.</doc>
<arguments>
<arg>4s</arg>
</arguments>
<msg timestamp="20201211 15:42:04.836" level="INFO">Slept 4 seconds</msg>
<status status="PASS" starttime="20201211 15:42:00.834" endtime="20201211 15:42:04.836"></status>
</kw>
<status status="PASS" starttime="20201211 15:42:00.772" endtime="20201211 15:42:04.837" critical="yes"></status>
</test>
<test id="s1-t6" name="click course">
<kw name="Click Element" library="SeleniumLibrary">
<doc>Click the element identified by ``locator``.</doc>
<arguments>
<arg>//*[@id="Cal1"]</arg>
</arguments>
<msg timestamp="20201211 15:42:04.840" level="INFO">Clicking element '//*[@id="Cal1"]'.</msg>
<status status="PASS" starttime="20201211 15:42:04.839" endtime="20201211 15:42:05.232"></status>
</kw>
<status status="PASS" starttime="20201211 15:42:04.838" endtime="20201211 15:42:05.232" critical="yes"></status>
</test>
<status status="PASS" starttime="20201211 15:41:50.054" endtime="20201211 15:42:05.234"></status>
</suite>
<statistics>
<total>
<stat pass="6" fail="0">Critical Tests</stat>
<stat pass="6" fail="0">All Tests</stat>
</total>
<tag>
</tag>
<suite>
<stat pass="6" fail="0" id="s1" name="ClickCourse">ClickCourse</stat>
</suite>
</statistics>
<errors>
<msg timestamp="20201211 15:42:00.771" level="WARN">Multiple test cases with name 'click signin' executed in test suite 'ClickCourse'.</msg>
</errors>
</robot>
