<?xml version="1.0" encoding="UTF-8"?>
<robot generator="Robot 3.2.2 (Python 3.8.0 on win32)" generated="20201211 17:34:21.397" rpa="false">
<suite id="s1" name="Logout" source="D:\KMUTT\year3\term1\Robot\studentLogin\homeStd\Account\LogOut\logout.robot">
<test id="s1-t1" name="open">
<kw name="Open Browser" library="SeleniumLibrary">
<doc>Opens a new browser instance to the optional ``url``.</doc>
<arguments>
<arg>${my_url}</arg>
<arg>${browser}</arg>
</arguments>
<msg timestamp="20201211 17:34:21.548" level="INFO">Opening browser 'chrome' to base url 'http://localhost:8080/'.</msg>
<status status="PASS" starttime="20201211 17:34:21.547" endtime="20201211 17:34:26.367"></status>
</kw>
<status status="PASS" starttime="20201211 17:34:21.547" endtime="20201211 17:34:26.368" critical="yes"></status>
</test>
<test id="s1-t2" name="click signin">
<kw name="Sleep" library="BuiltIn">
<doc>Pauses the test executed for the given time.</doc>
<arguments>
<arg>2s</arg>
</arguments>
<msg timestamp="20201211 17:34:28.373" level="INFO">Slept 2 seconds</msg>
<status status="PASS" starttime="20201211 17:34:26.372" endtime="20201211 17:34:28.373"></status>
</kw>
<kw name="Click Button" library="SeleniumLibrary">
<doc>Clicks the button identified by ``locator``.</doc>
<arguments>
<arg>id=signin</arg>
</arguments>
<msg timestamp="20201211 17:34:28.374" level="INFO">Clicking button 'id=signin'.</msg>
<status status="PASS" starttime="20201211 17:34:28.374" endtime="20201211 17:34:28.469"></status>
</kw>
<status status="PASS" starttime="20201211 17:34:26.371" endtime="20201211 17:34:28.470" critical="yes"></status>
</test>
<test id="s1-t3" name="input email">
<kw name="Input Text" library="SeleniumLibrary">
<doc>Types the given ``text`` into the text field identified by ``locator``.</doc>
<arguments>
<arg>id=email</arg>
<arg>testSTD@gmail.com</arg>
</arguments>
<msg timestamp="20201211 17:34:28.472" level="INFO">Typing text 'testSTD@gmail.com' into text field 'id=email'.</msg>
<status status="PASS" starttime="20201211 17:34:28.472" endtime="20201211 17:34:28.719"></status>
</kw>
<status status="PASS" starttime="20201211 17:34:28.471" endtime="20201211 17:34:28.720" critical="yes"></status>
</test>
<test id="s1-t4" name="input password">
<kw name="Input Text" library="SeleniumLibrary">
<doc>Types the given ``text`` into the text field identified by ``locator``.</doc>
<arguments>
<arg>id=password</arg>
<arg>741852</arg>
</arguments>
<msg timestamp="20201211 17:34:28.722" level="INFO">Typing text '741852' into text field 'id=password'.</msg>
<status status="PASS" starttime="20201211 17:34:28.722" endtime="20201211 17:34:28.849"></status>
</kw>
<status status="PASS" starttime="20201211 17:34:28.721" endtime="20201211 17:34:28.850" critical="yes"></status>
</test>
<test id="s1-t5" name="click signin">
<kw name="Click Element" library="SeleniumLibrary">
<doc>Click the element identified by ``locator``.</doc>
<arguments>
<arg>//*[@class="signInBtn"]</arg>
</arguments>
<msg timestamp="20201211 17:34:28.855" level="INFO">Clicking element '//*[@class="signInBtn"]'.</msg>
<status status="PASS" starttime="20201211 17:34:28.854" endtime="20201211 17:34:28.917"></status>
</kw>
<kw name="Sleep" library="BuiltIn">
<doc>Pauses the test executed for the given time.</doc>
<arguments>
<arg>4s</arg>
</arguments>
<msg timestamp="20201211 17:34:32.918" level="INFO">Slept 4 seconds</msg>
<status status="PASS" starttime="20201211 17:34:28.918" endtime="20201211 17:34:32.918"></status>
</kw>
<status status="PASS" starttime="20201211 17:34:28.853" endtime="20201211 17:34:32.919" critical="yes"></status>
</test>
<test id="s1-t6" name="click Account">
<kw name="Sleep" library="BuiltIn">
<doc>Pauses the test executed for the given time.</doc>
<arguments>
<arg>4s</arg>
</arguments>
<msg timestamp="20201211 17:34:36.923" level="INFO">Slept 4 seconds</msg>
<status status="PASS" starttime="20201211 17:34:32.921" endtime="20201211 17:34:36.923"></status>
</kw>
<kw name="Click Element" library="SeleniumLibrary">
<doc>Click the element identified by ``locator``.</doc>
<arguments>
<arg>xpath=//*[@id="account"]</arg>
</arguments>
<msg timestamp="20201211 17:34:36.924" level="INFO">Clicking element 'xpath=//*[@id="account"]'.</msg>
<status status="PASS" starttime="20201211 17:34:36.924" endtime="20201211 17:34:37.009"></status>
</kw>
<status status="PASS" starttime="20201211 17:34:32.921" endtime="20201211 17:34:37.009" critical="yes"></status>
</test>
<test id="s1-t7" name="show profile">
<kw name="Sleep" library="BuiltIn">
<doc>Pauses the test executed for the given time.</doc>
<arguments>
<arg>2s</arg>
</arguments>
<msg timestamp="20201211 17:34:39.013" level="INFO">Slept 2 seconds</msg>
<status status="PASS" starttime="20201211 17:34:37.012" endtime="20201211 17:34:39.013"></status>
</kw>
<kw name="Click Element" library="SeleniumLibrary">
<doc>Click the element identified by ``locator``.</doc>
<arguments>
<arg>xpath=//*[@id="list-item-274"]</arg>
</arguments>
<msg timestamp="20201211 17:34:39.014" level="INFO">Clicking element 'xpath=//*[@id="list-item-274"]'.</msg>
<status status="PASS" starttime="20201211 17:34:39.014" endtime="20201211 17:34:39.104"></status>
</kw>
<status status="PASS" starttime="20201211 17:34:37.011" endtime="20201211 17:34:39.105" critical="yes"></status>
</test>
<status status="PASS" starttime="20201211 17:34:21.398" endtime="20201211 17:34:39.107"></status>
</suite>
<statistics>
<total>
<stat pass="7" fail="0">Critical Tests</stat>
<stat pass="7" fail="0">All Tests</stat>
</total>
<tag>
</tag>
<suite>
<stat pass="7" fail="0" id="s1" name="Logout">Logout</stat>
</suite>
</statistics>
<errors>
<msg timestamp="20201211 17:34:28.852" level="WARN">Multiple test cases with name 'click signin' executed in test suite 'Logout'.</msg>
</errors>
</robot>
