<?xml version="1.0" encoding="UTF-8"?>
<robot generator="Robot 3.2.2 (Python 3.8.0 on win32)" generated="20201211 00:06:27.930" rpa="false">
<suite id="s1" name="Logout" source="D:\KMUTT\year3\term1\Robot\studentLogin\homeStd\Account\LogOut\logout.robot">
<test id="s1-t1" name="open">
<kw name="Open Browser" library="SeleniumLibrary">
<doc>Opens a new browser instance to the optional ``url``.</doc>
<arguments>
<arg>${my_url}</arg>
<arg>${browser}</arg>
</arguments>
<msg timestamp="20201211 00:06:28.080" level="INFO">Opening browser 'chrome' to base url 'http://localhost:8080/'.</msg>
<status status="PASS" starttime="20201211 00:06:28.080" endtime="20201211 00:06:31.677"></status>
</kw>
<status status="PASS" starttime="20201211 00:06:28.079" endtime="20201211 00:06:31.677" critical="yes"></status>
</test>
<test id="s1-t2" name="click signin">
<kw name="Sleep" library="BuiltIn">
<doc>Pauses the test executed for the given time.</doc>
<arguments>
<arg>2s</arg>
</arguments>
<msg timestamp="20201211 00:06:33.681" level="INFO">Slept 2 seconds</msg>
<status status="PASS" starttime="20201211 00:06:31.679" endtime="20201211 00:06:33.681"></status>
</kw>
<kw name="Click Button" library="SeleniumLibrary">
<doc>Clicks the button identified by ``locator``.</doc>
<arguments>
<arg>id=signin</arg>
</arguments>
<msg timestamp="20201211 00:06:33.684" level="INFO">Clicking button 'id=signin'.</msg>
<status status="PASS" starttime="20201211 00:06:33.683" endtime="20201211 00:06:33.799"></status>
</kw>
<status status="PASS" starttime="20201211 00:06:31.679" endtime="20201211 00:06:33.800" critical="yes"></status>
</test>
<test id="s1-t3" name="input email">
<kw name="Input Text" library="SeleniumLibrary">
<doc>Types the given ``text`` into the text field identified by ``locator``.</doc>
<arguments>
<arg>id=email</arg>
<arg>testSTD@gmail.com</arg>
</arguments>
<msg timestamp="20201211 00:06:33.804" level="INFO">Typing text 'testSTD@gmail.com' into text field 'id=email'.</msg>
<status status="PASS" starttime="20201211 00:06:33.804" endtime="20201211 00:06:34.010"></status>
</kw>
<status status="PASS" starttime="20201211 00:06:33.803" endtime="20201211 00:06:34.011" critical="yes"></status>
</test>
<test id="s1-t4" name="input password">
<kw name="Input Text" library="SeleniumLibrary">
<doc>Types the given ``text`` into the text field identified by ``locator``.</doc>
<arguments>
<arg>id=password</arg>
<arg>741852</arg>
</arguments>
<msg timestamp="20201211 00:06:34.012" level="INFO">Typing text '741852' into text field 'id=password'.</msg>
<status status="PASS" starttime="20201211 00:06:34.012" endtime="20201211 00:06:34.156"></status>
</kw>
<status status="PASS" starttime="20201211 00:06:34.012" endtime="20201211 00:06:34.156" critical="yes"></status>
</test>
<test id="s1-t5" name="click signin">
<kw name="Click Element" library="SeleniumLibrary">
<doc>Click the element identified by ``locator``.</doc>
<arguments>
<arg>//*[@class="signInBtn"]</arg>
</arguments>
<msg timestamp="20201211 00:06:34.159" level="INFO">Clicking element '//*[@class="signInBtn"]'.</msg>
<status status="PASS" starttime="20201211 00:06:34.159" endtime="20201211 00:06:34.211"></status>
</kw>
<kw name="Sleep" library="BuiltIn">
<doc>Pauses the test executed for the given time.</doc>
<arguments>
<arg>4s</arg>
</arguments>
<msg timestamp="20201211 00:06:38.212" level="INFO">Slept 4 seconds</msg>
<status status="PASS" starttime="20201211 00:06:34.212" endtime="20201211 00:06:38.212"></status>
</kw>
<status status="PASS" starttime="20201211 00:06:34.158" endtime="20201211 00:06:38.212" critical="yes"></status>
</test>
<test id="s1-t6" name="click Account">
<kw name="Sleep" library="BuiltIn">
<doc>Pauses the test executed for the given time.</doc>
<arguments>
<arg>4s</arg>
</arguments>
<msg timestamp="20201211 00:06:42.217" level="INFO">Slept 4 seconds</msg>
<status status="PASS" starttime="20201211 00:06:38.215" endtime="20201211 00:06:42.217"></status>
</kw>
<kw name="Click Element" library="SeleniumLibrary">
<doc>Click the element identified by ``locator``.</doc>
<arguments>
<arg>xpath=//*[@id="account"]</arg>
</arguments>
<msg timestamp="20201211 00:06:42.218" level="INFO">Clicking element 'xpath=//*[@id="account"]'.</msg>
<status status="PASS" starttime="20201211 00:06:42.218" endtime="20201211 00:06:42.286"></status>
</kw>
<status status="PASS" starttime="20201211 00:06:38.214" endtime="20201211 00:06:42.286" critical="yes"></status>
</test>
<test id="s1-t7" name="show profile">
<kw name="Sleep" library="BuiltIn">
<doc>Pauses the test executed for the given time.</doc>
<arguments>
<arg>2s</arg>
</arguments>
<msg timestamp="20201211 00:06:44.290" level="INFO">Slept 2 seconds</msg>
<status status="PASS" starttime="20201211 00:06:42.288" endtime="20201211 00:06:44.290"></status>
</kw>
<kw name="Click Element" library="SeleniumLibrary">
<doc>Click the element identified by ``locator``.</doc>
<arguments>
<arg>xpath=//*[@id="list-item-274"]</arg>
</arguments>
<msg timestamp="20201211 00:06:44.291" level="INFO">Clicking element 'xpath=//*[@id="list-item-274"]'.</msg>
<status status="PASS" starttime="20201211 00:06:44.291" endtime="20201211 00:06:44.361"></status>
</kw>
<status status="PASS" starttime="20201211 00:06:42.288" endtime="20201211 00:06:44.361" critical="yes"></status>
</test>
<status status="PASS" starttime="20201211 00:06:27.931" endtime="20201211 00:06:44.363"></status>
</suite>
<statistics>
<total>
<stat pass="7" fail="0">Critical Tests</stat>
<stat pass="7" fail="0">All Tests</stat>
</total>
<tag>
</tag>
<suite>
<stat pass="7" fail="0" id="s1" name="Logout">Logout</stat>
</suite>
</statistics>
<errors>
<msg timestamp="20201211 00:06:34.158" level="WARN">Multiple test cases with name 'click signin' executed in test suite 'Logout'.</msg>
</errors>
</robot>
