<?xml version="1.0" encoding="UTF-8"?>
<robot generator="Robot 3.2.2 (Python 3.8.0 on win32)" generated="20201205 14:17:59.515" rpa="false">
<suite id="s1" name="logClickSubject" source="D:\KMUTT\year3\term1\Robot\studentLogin\Course\logClickSubject.robot">
<test id="s1-t1" name="open">
<kw name="Open Browser" library="SeleniumLibrary">
<doc>Opens a new browser instance to the optional ``url``.</doc>
<arguments>
<arg>${my_url}</arg>
<arg>${browser}</arg>
</arguments>
<msg timestamp="20201205 14:18:00.109" level="INFO">Opening browser 'chrome' to base url 'http://localhost:8080/'.</msg>
<status status="PASS" starttime="20201205 14:18:00.108" endtime="20201205 14:18:03.620"></status>
</kw>
<status status="PASS" starttime="20201205 14:18:00.107" endtime="20201205 14:18:03.620" critical="yes"></status>
</test>
<test id="s1-t2" name="click signin">
<kw name="Click Button" library="SeleniumLibrary">
<doc>Clicks the button identified by ``locator``.</doc>
<arguments>
<arg>name=signin</arg>
</arguments>
<msg timestamp="20201205 14:18:03.624" level="INFO">Clicking button 'name=signin'.</msg>
<status status="PASS" starttime="20201205 14:18:03.623" endtime="20201205 14:18:03.745"></status>
</kw>
<status status="PASS" starttime="20201205 14:18:03.623" endtime="20201205 14:18:03.745" critical="yes"></status>
</test>
<test id="s1-t3" name="input email">
<kw name="Input Text" library="SeleniumLibrary">
<doc>Types the given ``text`` into the text field identified by ``locator``.</doc>
<arguments>
<arg>name=email</arg>
<arg>aaa@gmail.com</arg>
</arguments>
<msg timestamp="20201205 14:18:03.747" level="INFO">Typing text 'aaa@gmail.com' into text field 'name=email'.</msg>
<status status="PASS" starttime="20201205 14:18:03.747" endtime="20201205 14:18:03.966"></status>
</kw>
<status status="PASS" starttime="20201205 14:18:03.746" endtime="20201205 14:18:03.967" critical="yes"></status>
</test>
<test id="s1-t4" name="input password">
<kw name="Input Text" library="SeleniumLibrary">
<doc>Types the given ``text`` into the text field identified by ``locator``.</doc>
<arguments>
<arg>name=password</arg>
<arg>123456</arg>
</arguments>
<msg timestamp="20201205 14:18:03.970" level="INFO">Typing text '123456' into text field 'name=password'.</msg>
<status status="PASS" starttime="20201205 14:18:03.970" endtime="20201205 14:18:04.130"></status>
</kw>
<status status="PASS" starttime="20201205 14:18:03.969" endtime="20201205 14:18:04.131" critical="yes"></status>
</test>
<test id="s1-t5" name="click signin">
<kw name="Click Element" library="SeleniumLibrary">
<doc>Click the element identified by ``locator``.</doc>
<arguments>
<arg>//*[@class="signInBtn"]</arg>
</arguments>
<msg timestamp="20201205 14:18:04.134" level="INFO">Clicking element '//*[@class="signInBtn"]'.</msg>
<status status="PASS" starttime="20201205 14:18:04.134" endtime="20201205 14:18:04.199"></status>
</kw>
<kw name="Sleep" library="BuiltIn">
<doc>Pauses the test executed for the given time.</doc>
<arguments>
<arg>4s</arg>
</arguments>
<msg timestamp="20201205 14:18:08.201" level="INFO">Slept 4 seconds</msg>
<status status="PASS" starttime="20201205 14:18:04.200" endtime="20201205 14:18:08.201"></status>
</kw>
<status status="PASS" starttime="20201205 14:18:04.133" endtime="20201205 14:18:08.201" critical="yes"></status>
</test>
<test id="s1-t6" name="click subject">
<kw name="Click Element" library="SeleniumLibrary">
<doc>Click the element identified by ``locator``.</doc>
<arguments>
<arg>//*[@class="ma-10 subjectCard v-card v-card--link v-sheet theme--light elevation-12"]</arg>
</arguments>
<msg timestamp="20201205 14:18:08.204" level="INFO">Clicking element '//*[@class="ma-10 subjectCard v-card v-card--link v-sheet theme--light elevation-12"]'.</msg>
<status status="PASS" starttime="20201205 14:18:08.203" endtime="20201205 14:18:08.286"></status>
</kw>
<status status="PASS" starttime="20201205 14:18:08.203" endtime="20201205 14:18:08.287" critical="yes"></status>
</test>
<status status="PASS" starttime="20201205 14:17:59.516" endtime="20201205 14:18:08.289"></status>
</suite>
<statistics>
<total>
<stat pass="6" fail="0">Critical Tests</stat>
<stat pass="6" fail="0">All Tests</stat>
</total>
<tag>
</tag>
<suite>
<stat pass="6" fail="0" id="s1" name="logClickSubject">logClickSubject</stat>
</suite>
</statistics>
<errors>
<msg timestamp="20201205 14:18:04.133" level="WARN">Multiple test cases with name 'click signin' executed in test suite 'logClickSubject'.</msg>
</errors>
</robot>
