<?xml version="1.0" encoding="UTF-8"?>
<robot generator="Robot 3.2.2 (Python 3.8.0 on win32)" generated="20201205 12:07:06.075" rpa="false">
<suite id="s1" name="logClickPopularCourse" source="D:\KMUTT\year3\term1\Robot\studentLogin\Course\logClickPopularCourse.robot">
<test id="s1-t1" name="open">
<kw name="Open Browser" library="SeleniumLibrary">
<doc>Opens a new browser instance to the optional ``url``.</doc>
<arguments>
<arg>${my_url}</arg>
<arg>${browser}</arg>
</arguments>
<msg timestamp="20201205 12:07:06.242" level="INFO">Opening browser 'chrome' to base url 'http://localhost:8080/'.</msg>
<status status="PASS" starttime="20201205 12:07:06.242" endtime="20201205 12:07:10.009"></status>
</kw>
<status status="PASS" starttime="20201205 12:07:06.241" endtime="20201205 12:07:10.010" critical="yes"></status>
</test>
<test id="s1-t2" name="click signin">
<kw name="Click Button" library="SeleniumLibrary">
<doc>Clicks the button identified by ``locator``.</doc>
<arguments>
<arg>name=signin</arg>
</arguments>
<msg timestamp="20201205 12:07:10.015" level="INFO">Clicking button 'name=signin'.</msg>
<status status="PASS" starttime="20201205 12:07:10.014" endtime="20201205 12:07:10.155"></status>
</kw>
<status status="PASS" starttime="20201205 12:07:10.012" endtime="20201205 12:07:10.156" critical="yes"></status>
</test>
<test id="s1-t3" name="input email">
<kw name="Input Text" library="SeleniumLibrary">
<doc>Types the given ``text`` into the text field identified by ``locator``.</doc>
<arguments>
<arg>name=email</arg>
<arg>aaa@gmail.com</arg>
</arguments>
<msg timestamp="20201205 12:07:10.158" level="INFO">Typing text 'aaa@gmail.com' into text field 'name=email'.</msg>
<status status="PASS" starttime="20201205 12:07:10.158" endtime="20201205 12:07:10.426"></status>
</kw>
<status status="PASS" starttime="20201205 12:07:10.157" endtime="20201205 12:07:10.427" critical="yes"></status>
</test>
<test id="s1-t4" name="input password">
<kw name="Input Text" library="SeleniumLibrary">
<doc>Types the given ``text`` into the text field identified by ``locator``.</doc>
<arguments>
<arg>name=password</arg>
<arg>123456</arg>
</arguments>
<msg timestamp="20201205 12:07:10.432" level="INFO">Typing text '123456' into text field 'name=password'.</msg>
<status status="PASS" starttime="20201205 12:07:10.431" endtime="20201205 12:07:10.604"></status>
</kw>
<status status="PASS" starttime="20201205 12:07:10.430" endtime="20201205 12:07:10.604" critical="yes"></status>
</test>
<test id="s1-t5" name="click signin">
<kw name="Click Element" library="SeleniumLibrary">
<doc>Click the element identified by ``locator``.</doc>
<arguments>
<arg>//*[@class="signInBtn"]</arg>
</arguments>
<msg timestamp="20201205 12:07:10.611" level="INFO">Clicking element '//*[@class="signInBtn"]'.</msg>
<status status="PASS" starttime="20201205 12:07:10.611" endtime="20201205 12:07:10.685"></status>
</kw>
<kw name="Sleep" library="BuiltIn">
<doc>Pauses the test executed for the given time.</doc>
<arguments>
<arg>4s</arg>
</arguments>
<msg timestamp="20201205 12:07:14.700" level="INFO">Slept 4 seconds</msg>
<status status="PASS" starttime="20201205 12:07:10.685" endtime="20201205 12:07:14.700"></status>
</kw>
<status status="PASS" starttime="20201205 12:07:10.611" endtime="20201205 12:07:14.700" critical="yes"></status>
</test>
<test id="s1-t6" name="click popular couse">
<kw name="Click Element" library="SeleniumLibrary">
<doc>Click the element identified by ``locator``.</doc>
<arguments>
<arg>//*[@name="Popular"]</arg>
</arguments>
<msg timestamp="20201205 12:07:14.700" level="INFO">Clicking element '//*[@name="Popular"]'.</msg>
<status status="PASS" starttime="20201205 12:07:14.700" endtime="20201205 12:07:14.841"></status>
</kw>
<status status="PASS" starttime="20201205 12:07:14.700" endtime="20201205 12:07:14.842" critical="yes"></status>
</test>
<status status="PASS" starttime="20201205 12:07:06.076" endtime="20201205 12:07:14.844"></status>
</suite>
<statistics>
<total>
<stat pass="6" fail="0">Critical Tests</stat>
<stat pass="6" fail="0">All Tests</stat>
</total>
<tag>
</tag>
<suite>
<stat pass="6" fail="0" id="s1" name="logClickPopularCourse">logClickPopularCourse</stat>
</suite>
</statistics>
<errors>
<msg timestamp="20201205 12:07:10.611" level="WARN">Multiple test cases with name 'click signin' executed in test suite 'logClickPopularCourse'.</msg>
</errors>
</robot>
