<?xml version="1.0" encoding="UTF-8"?>
<robot generator="Robot 3.2.2 (Python 3.8.0 on win32)" generated="20201205 18:22:32.934" rpa="false">
<suite id="s1" name="Profile" source="D:\KMUTT\year3\term1\Robot\studentLogin\homeStd\Account\human\profile\profile.robot">
<test id="s1-t1" name="open">
<kw name="Open Browser" library="SeleniumLibrary">
<doc>Opens a new browser instance to the optional ``url``.</doc>
<arguments>
<arg>${my_url}</arg>
<arg>${browser}</arg>
</arguments>
<msg timestamp="20201205 18:22:33.155" level="INFO">Opening browser 'chrome' to base url 'http://localhost:8080/'.</msg>
<status status="PASS" starttime="20201205 18:22:33.154" endtime="20201205 18:22:36.934"></status>
</kw>
<status status="PASS" starttime="20201205 18:22:33.154" endtime="20201205 18:22:36.934" critical="yes"></status>
</test>
<test id="s1-t2" name="click signin">
<kw name="Click Button" library="SeleniumLibrary">
<doc>Clicks the button identified by ``locator``.</doc>
<arguments>
<arg>name=signin</arg>
</arguments>
<msg timestamp="20201205 18:22:36.939" level="INFO">Clicking button 'name=signin'.</msg>
<status status="PASS" starttime="20201205 18:22:36.937" endtime="20201205 18:22:37.053"></status>
</kw>
<status status="PASS" starttime="20201205 18:22:36.937" endtime="20201205 18:22:37.054" critical="yes"></status>
</test>
<test id="s1-t3" name="input email">
<kw name="Input Text" library="SeleniumLibrary">
<doc>Types the given ``text`` into the text field identified by ``locator``.</doc>
<arguments>
<arg>name=email</arg>
<arg>aaa@gmail.com</arg>
</arguments>
<msg timestamp="20201205 18:22:37.058" level="INFO">Typing text 'aaa@gmail.com' into text field 'name=email'.</msg>
<status status="PASS" starttime="20201205 18:22:37.057" endtime="20201205 18:22:37.313"></status>
</kw>
<status status="PASS" starttime="20201205 18:22:37.056" endtime="20201205 18:22:37.314" critical="yes"></status>
</test>
<test id="s1-t4" name="input password">
<kw name="Input Text" library="SeleniumLibrary">
<doc>Types the given ``text`` into the text field identified by ``locator``.</doc>
<arguments>
<arg>name=password</arg>
<arg>123456</arg>
</arguments>
<msg timestamp="20201205 18:22:37.318" level="INFO">Typing text '123456' into text field 'name=password'.</msg>
<status status="PASS" starttime="20201205 18:22:37.317" endtime="20201205 18:22:37.466"></status>
</kw>
<status status="PASS" starttime="20201205 18:22:37.315" endtime="20201205 18:22:37.467" critical="yes"></status>
</test>
<test id="s1-t5" name="click signin">
<kw name="Click Element" library="SeleniumLibrary">
<doc>Click the element identified by ``locator``.</doc>
<arguments>
<arg>//*[@class="signInBtn"]</arg>
</arguments>
<msg timestamp="20201205 18:22:37.471" level="INFO">Clicking element '//*[@class="signInBtn"]'.</msg>
<status status="PASS" starttime="20201205 18:22:37.470" endtime="20201205 18:22:37.544"></status>
</kw>
<kw name="Sleep" library="BuiltIn">
<doc>Pauses the test executed for the given time.</doc>
<arguments>
<arg>4s</arg>
</arguments>
<msg timestamp="20201205 18:22:41.545" level="INFO">Slept 4 seconds</msg>
<status status="PASS" starttime="20201205 18:22:37.544" endtime="20201205 18:22:41.545"></status>
</kw>
<status status="PASS" starttime="20201205 18:22:37.470" endtime="20201205 18:22:41.546" critical="yes"></status>
</test>
<test id="s1-t6" name="click Account">
<kw name="Sleep" library="BuiltIn">
<doc>Pauses the test executed for the given time.</doc>
<arguments>
<arg>4s</arg>
</arguments>
<msg timestamp="20201205 18:22:45.557" level="INFO">Slept 4 seconds</msg>
<status status="PASS" starttime="20201205 18:22:41.556" endtime="20201205 18:22:45.557"></status>
</kw>
<kw name="Click Button" library="SeleniumLibrary">
<doc>Clicks the button identified by ``locator``.</doc>
<arguments>
<arg>name=human</arg>
</arguments>
<msg timestamp="20201205 18:22:45.558" level="INFO">Clicking button 'name=human'.</msg>
<status status="PASS" starttime="20201205 18:22:45.557" endtime="20201205 18:22:45.635"></status>
</kw>
<status status="PASS" starttime="20201205 18:22:41.549" endtime="20201205 18:22:45.636" critical="yes"></status>
</test>
<test id="s1-t7" name="show profile">
<kw name="Sleep" library="BuiltIn">
<doc>Pauses the test executed for the given time.</doc>
<arguments>
<arg>2s</arg>
</arguments>
<msg timestamp="20201205 18:22:47.639" level="INFO">Slept 2 seconds</msg>
<status status="PASS" starttime="20201205 18:22:45.637" endtime="20201205 18:22:47.639"></status>
</kw>
<kw name="Click Element" library="SeleniumLibrary">
<doc>Click the element identified by ``locator``.</doc>
<arguments>
<arg>xpath=//*[@id="list-item-260"]</arg>
</arguments>
<msg timestamp="20201205 18:22:47.640" level="INFO">Clicking element 'xpath=//*[@id="list-item-260"]'.</msg>
<status status="PASS" starttime="20201205 18:22:47.640" endtime="20201205 18:22:47.713"></status>
</kw>
<status status="PASS" starttime="20201205 18:22:45.637" endtime="20201205 18:22:47.714" critical="yes"></status>
</test>
<test id="s1-t8" name="show profile">
<kw name="Sleep" library="BuiltIn">
<doc>Pauses the test executed for the given time.</doc>
<arguments>
<arg>2s</arg>
</arguments>
<msg timestamp="20201205 18:22:49.719" level="INFO">Slept 2 seconds</msg>
<status status="PASS" starttime="20201205 18:22:47.718" endtime="20201205 18:22:49.719"></status>
</kw>
<kw name="Click Button" library="SeleniumLibrary">
<doc>Clicks the button identified by ``locator``.</doc>
<arguments>
<arg>name=profile</arg>
</arguments>
<msg timestamp="20201205 18:22:49.720" level="INFO">Clicking button 'name=profile'.</msg>
<status status="PASS" starttime="20201205 18:22:49.719" endtime="20201205 18:22:49.799"></status>
</kw>
<status status="PASS" starttime="20201205 18:22:47.718" endtime="20201205 18:22:49.799" critical="yes"></status>
</test>
<test id="s1-t9" name="show profile">
<kw name="Sleep" library="BuiltIn">
<doc>Pauses the test executed for the given time.</doc>
<arguments>
<arg>4s</arg>
</arguments>
<msg timestamp="20201205 18:22:53.804" level="INFO">Slept 4 seconds</msg>
<status status="PASS" starttime="20201205 18:22:49.803" endtime="20201205 18:22:53.804"></status>
</kw>
<kw name="Click Button" library="SeleniumLibrary">
<doc>Clicks the button identified by ``locator``.</doc>
<arguments>
<arg>name=editProfile</arg>
</arguments>
<msg timestamp="20201205 18:22:53.805" level="INFO">Clicking button 'name=editProfile'.</msg>
<status status="PASS" starttime="20201205 18:22:53.804" endtime="20201205 18:22:53.961"></status>
</kw>
<status status="PASS" starttime="20201205 18:22:49.802" endtime="20201205 18:22:53.961" critical="yes"></status>
</test>
<test id="s1-t10" name="show profile">
<kw name="Sleep" library="BuiltIn">
<doc>Pauses the test executed for the given time.</doc>
<arguments>
<arg>4s</arg>
</arguments>
<msg timestamp="20201205 18:22:57.967" level="INFO">Slept 4 seconds</msg>
<status status="PASS" starttime="20201205 18:22:53.964" endtime="20201205 18:22:57.967"></status>
</kw>
<kw name="Click Button" library="SeleniumLibrary">
<doc>Clicks the button identified by ``locator``.</doc>
<arguments>
<arg>name=password</arg>
</arguments>
<msg timestamp="20201205 18:22:57.968" level="INFO">Clicking button 'name=password'.</msg>
<status status="PASS" starttime="20201205 18:22:57.967" endtime="20201205 18:22:58.073"></status>
</kw>
<status status="PASS" starttime="20201205 18:22:53.963" endtime="20201205 18:22:58.074" critical="yes"></status>
</test>
<status status="PASS" starttime="20201205 18:22:32.935" endtime="20201205 18:22:58.076"></status>
</suite>
<statistics>
<total>
<stat pass="10" fail="0">Critical Tests</stat>
<stat pass="10" fail="0">All Tests</stat>
</total>
<tag>
</tag>
<suite>
<stat pass="10" fail="0" id="s1" name="Profile">Profile</stat>
</suite>
</statistics>
<errors>
<msg timestamp="20201205 18:22:37.469" level="WARN">Multiple test cases with name 'click signin' executed in test suite 'Profile'.</msg>
<msg timestamp="20201205 18:22:47.717" level="WARN">Multiple test cases with name 'show profile' executed in test suite 'Profile'.</msg>
<msg timestamp="20201205 18:22:49.801" level="WARN">Multiple test cases with name 'show profile' executed in test suite 'Profile'.</msg>
<msg timestamp="20201205 18:22:53.963" level="WARN">Multiple test cases with name 'show profile' executed in test suite 'Profile'.</msg>
</errors>
</robot>
