<?xml version="1.0" encoding="UTF-8"?>
<robot generator="Robot 3.2.2 (Python 3.8.0 on win32)" generated="20201205 03:13:55.353" rpa="false">
<suite id="s1" name="Signin" source="C:\Users\new\Desktop\teststyl\homeNotLogin\signin.robot">
<test id="s1-t1" name="open">
<kw name="Open Browser" library="SeleniumLibrary">
<doc>Opens a new browser instance to the optional ``url``.</doc>
<arguments>
<arg>${my_url}</arg>
<arg>${browser}</arg>
</arguments>
<msg timestamp="20201205 03:13:55.568" level="INFO">Opening browser 'chrome' to base url 'http://192.168.137.76:8080/home'.</msg>
<status status="PASS" starttime="20201205 03:13:55.568" endtime="20201205 03:13:59.838"></status>
</kw>
<status status="PASS" starttime="20201205 03:13:55.567" endtime="20201205 03:13:59.838" critical="yes"></status>
</test>
<test id="s1-t2" name="click signin">
<kw name="Click Button" library="SeleniumLibrary">
<doc>Clicks the button identified by ``locator``.</doc>
<arguments>
<arg>name=signin</arg>
</arguments>
<msg timestamp="20201205 03:13:59.843" level="INFO">Clicking button 'name=signin'.</msg>
<status status="PASS" starttime="20201205 03:13:59.842" endtime="20201205 03:13:59.950"></status>
</kw>
<status status="PASS" starttime="20201205 03:13:59.842" endtime="20201205 03:13:59.950" critical="yes"></status>
</test>
<test id="s1-t3" name="input email">
<kw name="Input Text" library="SeleniumLibrary">
<doc>Types the given ``text`` into the text field identified by ``locator``.</doc>
<arguments>
<arg>name=email</arg>
<arg>aaa@gmail.com</arg>
</arguments>
<msg timestamp="20201205 03:13:59.953" level="INFO">Typing text 'aaa@gmail.com' into text field 'name=email'.</msg>
<status status="PASS" starttime="20201205 03:13:59.953" endtime="20201205 03:14:00.197"></status>
</kw>
<status status="PASS" starttime="20201205 03:13:59.952" endtime="20201205 03:14:00.198" critical="yes"></status>
</test>
<test id="s1-t4" name="input password">
<kw name="Input Text" library="SeleniumLibrary">
<doc>Types the given ``text`` into the text field identified by ``locator``.</doc>
<arguments>
<arg>name=password</arg>
<arg>123456</arg>
</arguments>
<msg timestamp="20201205 03:14:00.205" level="INFO">Typing text '123456' into text field 'name=password'.</msg>
<status status="PASS" starttime="20201205 03:14:00.204" endtime="20201205 03:14:00.382"></status>
</kw>
<status status="PASS" starttime="20201205 03:14:00.203" endtime="20201205 03:14:00.383" critical="yes"></status>
</test>
<test id="s1-t5" name="click signin">
<kw name="Click Element" library="SeleniumLibrary">
<doc>Click the element identified by ``locator``.</doc>
<arguments>
<arg>//*[@class="signInBtn"]</arg>
</arguments>
<msg timestamp="20201205 03:14:00.388" level="INFO">Clicking element '//*[@class="signInBtn"]'.</msg>
<status status="PASS" starttime="20201205 03:14:00.388" endtime="20201205 03:14:00.451"></status>
</kw>
<status status="PASS" starttime="20201205 03:14:00.387" endtime="20201205 03:14:00.451" critical="yes"></status>
</test>
<status status="PASS" starttime="20201205 03:13:55.355" endtime="20201205 03:14:00.454"></status>
</suite>
<statistics>
<total>
<stat pass="5" fail="0">Critical Tests</stat>
<stat pass="5" fail="0">All Tests</stat>
</total>
<tag>
</tag>
<suite>
<stat pass="5" fail="0" id="s1" name="Signin">Signin</stat>
</suite>
</statistics>
<errors>
<msg timestamp="20201205 03:14:00.384" level="WARN">Multiple test cases with name 'click signin' executed in test suite 'Signin'.</msg>
</errors>
</robot>
