<?xml version="1.0" encoding="UTF-8"?>
<robot generator="Robot 3.2.2 (Python 3.8.0 on win32)" generated="20201205 14:32:33.105" rpa="false">
<suite id="s1" name="Clicksubject" source="C:\Users\new\Desktop\teststyl\homeNotLogin\clicksubject.robot">
<test id="s1-t1" name="open">
<kw name="Open Browser" library="SeleniumLibrary">
<doc>Opens a new browser instance to the optional ``url``.</doc>
<arguments>
<arg>${my_url}</arg>
<arg>${browser}</arg>
</arguments>
<msg timestamp="20201205 14:32:33.322" level="INFO">Opening browser 'chrome' to base url 'http://localhost:8080/home'.</msg>
<status status="PASS" starttime="20201205 14:32:33.322" endtime="20201205 14:32:37.869"></status>
</kw>
<status status="PASS" starttime="20201205 14:32:33.321" endtime="20201205 14:32:37.869" critical="yes"></status>
</test>
<test id="s1-t2" name="click basic use">
<kw name="Sleep" library="BuiltIn">
<doc>Pauses the test executed for the given time.</doc>
<arguments>
<arg>4s</arg>
</arguments>
<msg timestamp="20201205 14:32:41.876" level="INFO">Slept 4 seconds</msg>
<status status="PASS" starttime="20201205 14:32:37.872" endtime="20201205 14:32:41.876"></status>
</kw>
<kw name="Click Element" library="SeleniumLibrary">
<doc>Click the element identified by ``locator``.</doc>
<arguments>
<arg>//*[@name="Subject"]</arg>
</arguments>
<msg timestamp="20201205 14:32:41.877" level="INFO">Clicking element '//*[@name="Subject"]'.</msg>
<status status="PASS" starttime="20201205 14:32:41.877" endtime="20201205 14:32:41.964"></status>
</kw>
<status status="PASS" starttime="20201205 14:32:37.871" endtime="20201205 14:32:41.964" critical="yes"></status>
</test>
<status status="PASS" starttime="20201205 14:32:33.106" endtime="20201205 14:32:41.972"></status>
</suite>
<statistics>
<total>
<stat pass="2" fail="0">Critical Tests</stat>
<stat pass="2" fail="0">All Tests</stat>
</total>
<tag>
</tag>
<suite>
<stat pass="2" fail="0" id="s1" name="Clicksubject">Clicksubject</stat>
</suite>
</statistics>
<errors>
</errors>
</robot>
